<?xml version="1.0" encoding="UTF-8"?>
<coverage generated="1748256015299" clover="3.2.0">
  <project timestamp="1748256015299" name="All files">
    <metrics statements="1785" coveredstatements="1175" conditionals="929" coveredconditionals="373" methods="311" coveredmethods="168" elements="3025" coveredelements="1716" complexity="0" loc="1785" ncloc="1785" packages="16" files="65" classes="65"/>
    <package name="src">
      <metrics statements="97" coveredstatements="92" conditionals="22" coveredconditionals="11" methods="7" coveredmethods="4"/>
      <file name="index.ts" path="C:\Users\Артемий\Documents\Рабочий стол 2.0\My projects\ModularORM\src\index.ts">
        <metrics statements="59" coveredstatements="59" conditionals="0" coveredconditionals="0" methods="2" coveredmethods="0"/>
        <line num="17" count="7" type="stmt"/>
        <line num="20" count="7" type="stmt"/>
        <line num="21" count="7" type="stmt"/>
        <line num="24" count="7" type="stmt"/>
        <line num="25" count="7" type="stmt"/>
        <line num="26" count="7" type="stmt"/>
        <line num="27" count="7" type="stmt"/>
        <line num="28" count="7" type="stmt"/>
        <line num="29" count="7" type="stmt"/>
        <line num="30" count="7" type="stmt"/>
        <line num="31" count="7" type="stmt"/>
        <line num="32" count="7" type="stmt"/>
        <line num="33" count="7" type="stmt"/>
        <line num="34" count="7" type="stmt"/>
        <line num="35" count="7" type="stmt"/>
        <line num="36" count="7" type="stmt"/>
        <line num="37" count="7" type="stmt"/>
        <line num="38" count="7" type="stmt"/>
        <line num="39" count="7" type="stmt"/>
        <line num="40" count="7" type="stmt"/>
        <line num="43" count="7" type="stmt"/>
        <line num="46" count="7" type="stmt"/>
        <line num="49" count="7" type="stmt"/>
        <line num="50" count="7" type="stmt"/>
        <line num="51" count="7" type="stmt"/>
        <line num="52" count="7" type="stmt"/>
        <line num="53" count="7" type="stmt"/>
        <line num="54" count="7" type="stmt"/>
        <line num="55" count="7" type="stmt"/>
        <line num="56" count="7" type="stmt"/>
        <line num="57" count="7" type="stmt"/>
        <line num="58" count="7" type="stmt"/>
        <line num="59" count="7" type="stmt"/>
        <line num="60" count="7" type="stmt"/>
        <line num="61" count="7" type="stmt"/>
        <line num="62" count="7" type="stmt"/>
        <line num="63" count="7" type="stmt"/>
        <line num="64" count="7" type="stmt"/>
        <line num="65" count="7" type="stmt"/>
        <line num="66" count="7" type="stmt"/>
        <line num="67" count="7" type="stmt"/>
        <line num="70" count="7" type="stmt"/>
        <line num="71" count="7" type="stmt"/>
        <line num="72" count="7" type="stmt"/>
        <line num="73" count="7" type="stmt"/>
        <line num="74" count="7" type="stmt"/>
        <line num="75" count="7" type="stmt"/>
        <line num="76" count="7" type="stmt"/>
        <line num="79" count="7" type="stmt"/>
        <line num="80" count="7" type="stmt"/>
        <line num="81" count="7" type="stmt"/>
        <line num="82" count="7" type="stmt"/>
        <line num="83" count="7" type="stmt"/>
        <line num="84" count="7" type="stmt"/>
        <line num="85" count="7" type="stmt"/>
        <line num="86" count="7" type="stmt"/>
        <line num="87" count="7" type="stmt"/>
        <line num="90" count="7" type="stmt"/>
        <line num="93" count="7" type="stmt"/>
      </file>
      <file name="modularorm.ts" path="C:\Users\Артемий\Documents\Рабочий стол 2.0\My projects\ModularORM\src\modularorm.ts">
        <metrics statements="38" coveredstatements="33" conditionals="22" coveredconditionals="11" methods="5" coveredmethods="4"/>
        <line num="3" count="7" type="stmt"/>
        <line num="4" count="7" type="stmt"/>
        <line num="5" count="7" type="stmt"/>
        <line num="7" count="7" type="stmt"/>
        <line num="8" count="7" type="stmt"/>
        <line num="9" count="7" type="stmt"/>
        <line num="16" count="7" type="stmt"/>
        <line num="24" count="7" type="stmt"/>
        <line num="25" count="7" type="stmt"/>
        <line num="34" count="7" type="cond" truecount="1" falsecount="1"/>
        <line num="35" count="7" type="stmt"/>
        <line num="37" count="7" type="cond" truecount="1" falsecount="1"/>
        <line num="38" count="7" type="stmt"/>
        <line num="40" count="7" type="cond" truecount="1" falsecount="1"/>
        <line num="41" count="0" type="stmt"/>
        <line num="43" count="7" type="cond" truecount="1" falsecount="1"/>
        <line num="44" count="0" type="stmt"/>
        <line num="46" count="7" type="cond" truecount="1" falsecount="1"/>
        <line num="47" count="0" type="stmt"/>
        <line num="49" count="7" type="cond" truecount="1" falsecount="1"/>
        <line num="50" count="7" type="stmt"/>
        <line num="52" count="7" type="cond" truecount="1" falsecount="1"/>
        <line num="53" count="0" type="stmt"/>
        <line num="55" count="7" type="cond" truecount="1" falsecount="1"/>
        <line num="56" count="0" type="stmt"/>
        <line num="58" count="7" type="cond" truecount="1" falsecount="1"/>
        <line num="59" count="7" type="stmt"/>
        <line num="61" count="7" type="cond" truecount="1" falsecount="1"/>
        <line num="62" count="7" type="stmt"/>
        <line num="64" count="7" type="stmt"/>
        <line num="65" count="7" type="stmt"/>
        <line num="67" count="7" type="stmt"/>
        <line num="68" count="7" type="stmt"/>
        <line num="69" count="7" type="stmt"/>
        <line num="70" count="7" type="cond" truecount="0" falsecount="1"/>
        <line num="73" count="7" type="stmt"/>
        <line num="80" count="7" type="cond" truecount="1" falsecount="0"/>
        <line num="81" count="7" type="stmt"/>
      </file>
    </package>
    <package name="src.classes">
      <metrics statements="6" coveredstatements="4" conditionals="1" coveredconditionals="0" methods="3" coveredmethods="1"/>
      <file name="Logger.ts" path="C:\Users\Артемий\Documents\Рабочий стол 2.0\My projects\ModularORM\src\classes\Logger.ts">
        <metrics statements="6" coveredstatements="4" conditionals="1" coveredconditionals="0" methods="3" coveredmethods="1"/>
        <line num="1" count="7" type="stmt"/>
        <line num="2" count="7" type="stmt"/>
        <line num="4" count="7" type="stmt"/>
        <line num="7" count="222" type="cond" truecount="0" falsecount="1"/>
        <line num="11" count="0" type="stmt"/>
        <line num="15" count="0" type="stmt"/>
      </file>
    </package>
    <package name="src.classes.abstract">
      <metrics statements="110" coveredstatements="95" conditionals="77" coveredconditionals="43" methods="12" coveredmethods="10"/>
      <file name="BaseBuilder.ts" path="C:\Users\Артемий\Documents\Рабочий стол 2.0\My projects\ModularORM\src\classes\abstract\BaseBuilder.ts">
        <metrics statements="1" coveredstatements="1" conditionals="0" coveredconditionals="0" methods="0" coveredmethods="0"/>
        <line num="1" count="7" type="stmt"/>
      </file>
      <file name="BaseEnumClass.ts" path="C:\Users\Артемий\Documents\Рабочий стол 2.0\My projects\ModularORM\src\classes\abstract\BaseEnumClass.ts">
        <metrics statements="1" coveredstatements="1" conditionals="0" coveredconditionals="0" methods="0" coveredmethods="0"/>
        <line num="1" count="7" type="stmt"/>
      </file>
      <file name="Database.ts" path="C:\Users\Артемий\Documents\Рабочий стол 2.0\My projects\ModularORM\src\classes\abstract\Database.ts">
        <metrics statements="104" coveredstatements="91" conditionals="77" coveredconditionals="43" methods="11" coveredmethods="10"/>
        <line num="2" count="7" type="stmt"/>
        <line num="4" count="7" type="stmt"/>
        <line num="5" count="7" type="stmt"/>
        <line num="6" count="7" type="stmt"/>
        <line num="7" count="7" type="stmt"/>
        <line num="8" count="7" type="stmt"/>
        <line num="11" count="7" type="stmt"/>
        <line num="12" count="7" type="stmt"/>
        <line num="13" count="7" type="stmt"/>
        <line num="15" count="7" type="stmt"/>
        <line num="16" count="7" type="stmt"/>
        <line num="19" count="7" type="stmt"/>
        <line num="21" count="7" type="stmt"/>
        <line num="28" count="7" type="stmt"/>
        <line num="29" count="7" type="cond" truecount="1" falsecount="1"/>
        <line num="30" count="7" type="cond" truecount="1" falsecount="0"/>
        <line num="34" count="0" type="cond" truecount="0" falsecount="1"/>
        <line num="35" count="0" type="cond" truecount="0" falsecount="1"/>
        <line num="40" count="56" type="cond" truecount="1" falsecount="1"/>
        <line num="41" count="56" type="stmt"/>
        <line num="42" count="56" type="stmt"/>
        <line num="44" count="56" type="stmt"/>
        <line num="45" count="147" type="stmt"/>
        <line num="46" count="147" type="stmt"/>
        <line num="48" count="147" type="cond" truecount="1" falsecount="0"/>
        <line num="49" count="56" type="stmt"/>
        <line num="52" count="147" type="cond" truecount="1" falsecount="0"/>
        <line num="53" count="56" type="stmt"/>
        <line num="56" count="147" type="cond" truecount="0" falsecount="1"/>
        <line num="57" count="0" type="cond" truecount="0" falsecount="2"/>
        <line num="58" count="0" type="cond" truecount="0" falsecount="2"/>
        <line num="59" count="0" type="stmt"/>
        <line num="62" count="147" type="cond" truecount="0" falsecount="1"/>
        <line num="63" count="0" type="stmt"/>
        <line num="66" count="147" type="cond" truecount="1" falsecount="0"/>
        <line num="67" count="7" type="stmt"/>
        <line num="70" count="147" type="cond" truecount="0" falsecount="1"/>
        <line num="71" count="0" type="cond" truecount="0" falsecount="2"/>
        <line num="72" count="0" type="stmt"/>
        <line num="75" count="147" type="cond" truecount="0" falsecount="1"/>
        <line num="76" count="0" type="stmt"/>
        <line num="79" count="147" type="cond" truecount="1" falsecount="0"/>
        <line num="80" count="14" type="stmt"/>
        <line num="87" count="147" type="stmt"/>
        <line num="90" count="56" type="stmt"/>
        <line num="92" count="56" type="cond" truecount="0" falsecount="1"/>
        <line num="93" count="0" type="stmt"/>
        <line num="96" count="56" type="cond" truecount="2" falsecount="0"/>
        <line num="99" count="56" type="cond" truecount="2" falsecount="0"/>
        <line num="101" count="56" type="cond" truecount="1" falsecount="1"/>
        <line num="102" count="56" type="cond" truecount="1" falsecount="1"/>
        <line num="103" count="56" type="cond" truecount="1" falsecount="1"/>
        <line num="105" count="56" type="cond" truecount="1" falsecount="2"/>
        <line num="107" count="56" type="stmt"/>
        <line num="108" count="56" type="stmt"/>
        <line num="109" count="56" type="cond" truecount="2" falsecount="0"/>
        <line num="110" count="56" type="stmt"/>
        <line num="118" count="56" type="stmt"/>
        <line num="122" count="7" type="stmt"/>
        <line num="123" count="7" type="stmt"/>
        <line num="124" count="7" type="cond" truecount="0" falsecount="1"/>
        <line num="125" count="14" type="stmt"/>
        <line num="126" count="7" type="cond" truecount="0" falsecount="1"/>
        <line num="127" count="7" type="stmt"/>
        <line num="128" count="7" type="stmt"/>
        <line num="129" count="7" type="cond" truecount="2" falsecount="0"/>
        <line num="131" count="7" type="stmt"/>
        <line num="132" count="7" type="stmt"/>
        <line num="133" count="7" type="cond" truecount="2" falsecount="1"/>
        <line num="134" count="7" type="cond" truecount="1" falsecount="1"/>
        <line num="136" count="7" type="stmt"/>
        <line num="141" count="7" type="stmt"/>
        <line num="142" count="14" type="cond" truecount="1" falsecount="1"/>
        <line num="143" count="14" type="stmt"/>
        <line num="144" count="14" type="cond" truecount="0" falsecount="1"/>
        <line num="145" count="14" type="stmt"/>
        <line num="146" count="14" type="stmt"/>
        <line num="149" count="7" type="stmt"/>
        <line num="150" count="56" type="stmt"/>
        <line num="154" count="7" type="stmt"/>
        <line num="156" count="7" type="stmt"/>
        <line num="157" count="49" type="stmt"/>
        <line num="158" count="49" type="stmt"/>
        <line num="160" count="49" type="cond" truecount="1" falsecount="1"/>
        <line num="161" count="49" type="cond" truecount="1" falsecount="1"/>
        <line num="163" count="49" type="cond" truecount="2" falsecount="0"/>
        <line num="164" count="49" type="cond" truecount="2" falsecount="0"/>
        <line num="166" count="49" type="stmt"/>
        <line num="169" count="7" type="stmt"/>
        <line num="170" count="7" type="cond" truecount="0" falsecount="1"/>
        <line num="171" count="0" type="stmt"/>
        <line num="172" count="0" type="stmt"/>
        <line num="175" count="7" type="stmt"/>
        <line num="176" count="56" type="stmt"/>
        <line num="177" count="56" type="cond" truecount="1" falsecount="1"/>
        <line num="179" count="56" type="cond" truecount="1" falsecount="2"/>
        <line num="181" count="56" type="stmt"/>
        <line num="182" count="56" type="stmt"/>
        <line num="183" count="56" type="stmt"/>
        <line num="184" count="56" type="stmt"/>
        <line num="185" count="56" type="stmt"/>
        <line num="186" count="56" type="stmt"/>
        <line num="188" count="0" type="stmt"/>
        <line num="192" count="7" type="stmt"/>
      </file>
      <file name="Module.ts" path="C:\Users\Артемий\Documents\Рабочий стол 2.0\My projects\ModularORM\src\classes\abstract\Module.ts">
        <metrics statements="4" coveredstatements="2" conditionals="0" coveredconditionals="0" methods="1" coveredmethods="0"/>
        <line num="1" count="7" type="stmt"/>
        <line num="10" count="7" type="stmt"/>
        <line num="22" count="0" type="stmt"/>
        <line num="23" count="0" type="stmt"/>
      </file>
    </package>
    <package name="src.classes.adapter">
      <metrics statements="137" coveredstatements="130" conditionals="53" coveredconditionals="35" methods="26" coveredmethods="22"/>
      <file name="GetPropertyName.ts" path="C:\Users\Артемий\Documents\Рабочий стол 2.0\My projects\ModularORM\src\classes\adapter\GetPropertyName.ts">
        <metrics statements="9" coveredstatements="9" conditionals="1" coveredconditionals="0" methods="2" coveredmethods="2"/>
        <line num="1" count="7" type="stmt"/>
        <line num="3" count="7" type="stmt"/>
        <line num="6" count="32" type="stmt"/>
        <line num="8" count="32" type="stmt"/>
        <line num="10" count="32" type="stmt"/>
        <line num="11" count="32" type="stmt"/>
        <line num="15" count="32" type="stmt"/>
        <line num="17" count="32" type="cond" truecount="0" falsecount="1"/>
        <line num="19" count="32" type="stmt"/>
      </file>
      <file name="ModelAdapter.ts" path="C:\Users\Артемий\Documents\Рабочий стол 2.0\My projects\ModularORM\src\classes\adapter\ModelAdapter.ts">
        <metrics statements="61" coveredstatements="57" conditionals="15" coveredconditionals="13" methods="10" coveredmethods="8"/>
        <line num="2" count="7" type="stmt"/>
        <line num="3" count="7" type="stmt"/>
        <line num="4" count="7" type="stmt"/>
        <line num="7" count="7" type="stmt"/>
        <line num="8" count="7" type="stmt"/>
        <line num="9" count="7" type="stmt"/>
        <line num="12" count="7" type="stmt"/>
        <line num="15" count="94" type="stmt"/>
        <line num="19" count="60" type="stmt"/>
        <line num="21" count="60" type="stmt"/>
        <line num="22" count="38" type="stmt"/>
        <line num="23" count="38" type="cond" truecount="2" falsecount="0"/>
        <line num="24" count="2" type="cond" truecount="1" falsecount="1"/>
        <line num="26" count="2" type="stmt"/>
        <line num="27" count="4" type="stmt"/>
        <line num="28" count="2" type="stmt"/>
        <line num="30" count="36" type="stmt"/>
        <line num="33" count="60" type="stmt"/>
        <line num="37" count="34" type="stmt"/>
        <line num="39" count="34" type="stmt"/>
        <line num="40" count="54" type="stmt"/>
        <line num="43" count="34" type="stmt"/>
        <line num="44" count="34" type="stmt"/>
        <line num="45" count="34" type="stmt"/>
        <line num="46" count="34" type="stmt"/>
        <line num="48" count="34" type="stmt"/>
        <line num="52" count="50" type="stmt"/>
        <line num="54" count="50" type="stmt"/>
        <line num="55" count="50" type="stmt"/>
        <line num="56" count="50" type="stmt"/>
        <line num="57" count="50" type="stmt"/>
        <line num="58" count="50" type="stmt"/>
        <line num="59" count="50" type="cond" truecount="2" falsecount="0"/>
        <line num="60" count="50" type="cond" truecount="1" falsecount="0"/>
        <line num="62" count="50" type="cond" truecount="3" falsecount="0"/>
        <line num="63" count="1" type="stmt"/>
        <line num="64" count="1" type="stmt"/>
        <line num="67" count="50" type="cond" truecount="1" falsecount="0"/>
        <line num="68" count="50" type="cond" truecount="0" falsecount="1"/>
        <line num="70" count="50" type="stmt"/>
        <line num="75" count="6" type="stmt"/>
        <line num="77" count="6" type="stmt"/>
        <line num="78" count="7" type="stmt"/>
        <line num="81" count="6" type="stmt"/>
        <line num="82" count="6" type="stmt"/>
        <line num="83" count="6" type="stmt"/>
        <line num="84" count="6" type="stmt"/>
        <line num="86" count="6" type="cond" truecount="3" falsecount="0"/>
        <line num="87" count="6" type="stmt"/>
        <line num="88" count="6" type="stmt"/>
        <line num="91" count="6" type="stmt"/>
        <line num="96" count="4" type="stmt"/>
        <line num="98" count="4" type="stmt"/>
        <line num="99" count="4" type="stmt"/>
        <line num="100" count="4" type="stmt"/>
        <line num="101" count="4" type="stmt"/>
        <line num="103" count="4" type="stmt"/>
        <line num="108" count="0" type="stmt"/>
        <line num="109" count="0" type="stmt"/>
        <line num="110" count="0" type="stmt"/>
        <line num="111" count="0" type="stmt"/>
      </file>
      <file name="ModuleSchema.ts" path="C:\Users\Артемий\Documents\Рабочий стол 2.0\My projects\ModularORM\src\classes\adapter\ModuleSchema.ts">
        <metrics statements="67" coveredstatements="64" conditionals="37" coveredconditionals="22" methods="14" coveredmethods="12"/>
        <line num="3" count="7" type="stmt"/>
        <line num="8" count="7" type="stmt"/>
        <line num="10" count="7" type="stmt"/>
        <line num="12" count="273" type="stmt"/>
        <line num="15" count="143" type="cond" truecount="2" falsecount="0"/>
        <line num="19" count="76" type="cond" truecount="1" falsecount="1"/>
        <line num="20" count="76" type="stmt"/>
        <line num="21" count="76" type="cond" truecount="0" falsecount="1"/>
        <line num="22" count="76" type="stmt"/>
        <line num="26" count="35" type="stmt"/>
        <line num="27" count="35" type="cond" truecount="0" falsecount="1"/>
        <line num="28" count="35" type="cond" truecount="1" falsecount="0"/>
        <line num="29" count="28" type="stmt"/>
        <line num="31" count="28" type="cond" truecount="2" falsecount="0"/>
        <line num="32" count="28" type="stmt"/>
        <line num="33" count="4" type="cond" truecount="1" falsecount="0"/>
        <line num="34" count="4" type="stmt"/>
        <line num="37" count="24" type="stmt"/>
        <line num="41" count="5" type="stmt"/>
        <line num="42" count="5" type="cond" truecount="0" falsecount="1"/>
        <line num="43" count="5" type="cond" truecount="0" falsecount="1"/>
        <line num="44" count="5" type="stmt"/>
        <line num="46" count="5" type="cond" truecount="1" falsecount="1"/>
        <line num="47" count="5" type="stmt"/>
        <line num="48" count="5" type="cond" truecount="1" falsecount="0"/>
        <line num="49" count="5" type="stmt"/>
        <line num="52" count="0" type="stmt"/>
        <line num="56" count="0" type="stmt"/>
        <line num="57" count="0" type="cond" truecount="0" falsecount="2"/>
        <line num="61" count="3" type="cond" truecount="1" falsecount="1"/>
        <line num="62" count="3" type="stmt"/>
        <line num="66" count="6" type="stmt"/>
        <line num="68" count="6" type="cond" truecount="1" falsecount="1"/>
        <line num="69" count="6" type="stmt"/>
        <line num="70" count="14" type="cond" truecount="1" falsecount="0"/>
        <line num="71" count="4" type="stmt"/>
        <line num="74" count="2" type="stmt"/>
        <line num="78" count="37" type="stmt"/>
        <line num="79" count="37" type="stmt"/>
        <line num="80" count="74" type="cond" truecount="1" falsecount="0"/>
        <line num="82" count="37" type="stmt"/>
        <line num="86" count="96" type="stmt"/>
        <line num="87" count="96" type="stmt"/>
        <line num="88" count="192" type="cond" truecount="1" falsecount="0"/>
        <line num="90" count="96" type="stmt"/>
        <line num="94" count="21" type="stmt"/>
        <line num="95" count="21" type="stmt"/>
        <line num="96" count="21" type="stmt"/>
        <line num="97" count="21" type="cond" truecount="1" falsecount="0"/>
        <line num="99" count="21" type="stmt"/>
        <line num="100" count="42" type="cond" truecount="1" falsecount="0"/>
        <line num="101" count="21" type="cond" truecount="2" falsecount="0"/>
        <line num="102" count="9" type="stmt"/>
        <line num="103" count="9" type="stmt"/>
        <line num="105" count="12" type="stmt"/>
        <line num="110" count="21" type="cond" truecount="2" falsecount="1"/>
        <line num="112" count="21" type="stmt"/>
        <line num="113" count="21" type="stmt"/>
        <line num="114" count="21" type="cond" truecount="1" falsecount="0"/>
        <line num="115" count="21" type="cond" truecount="0" falsecount="1"/>
        <line num="118" count="21" type="cond" truecount="0" falsecount="1"/>
        <line num="122" count="21" type="cond" truecount="1" falsecount="1"/>
        <line num="123" count="21" type="stmt"/>
        <line num="125" count="21" type="stmt"/>
        <line num="133" count="2" type="stmt"/>
        <line num="134" count="2" type="cond" truecount="0" falsecount="1"/>
        <line num="135" count="2" type="stmt"/>
      </file>
    </package>
    <package name="src.classes.base">
      <metrics statements="1100" coveredstatements="581" conditionals="668" coveredconditionals="231" methods="168" coveredmethods="86"/>
      <file name="Cache.ts" path="C:\Users\Артемий\Documents\Рабочий стол 2.0\My projects\ModularORM\src\classes\base\Cache.ts">
        <metrics statements="80" coveredstatements="61" conditionals="42" coveredconditionals="25" methods="12" coveredmethods="9"/>
        <line num="1" count="7" type="stmt"/>
        <line num="2" count="7" type="stmt"/>
        <line num="14" count="7" type="stmt"/>
        <line num="16" count="7" type="stmt"/>
        <line num="17" count="7" type="stmt"/>
        <line num="20" count="154" type="stmt"/>
        <line num="22" count="154" type="stmt"/>
        <line num="24" count="154" type="cond" truecount="2" falsecount="0"/>
        <line num="25" count="51" type="stmt"/>
        <line num="26" count="51" type="cond" truecount="1" falsecount="0"/>
        <line num="27" count="51" type="stmt"/>
        <line num="30" count="103" type="cond" truecount="2" falsecount="0"/>
        <line num="31" count="6" type="stmt"/>
        <line num="32" count="6" type="cond" truecount="1" falsecount="0"/>
        <line num="33" count="6" type="stmt"/>
        <line num="36" count="97" type="cond" truecount="2" falsecount="0"/>
        <line num="37" count="38" type="stmt"/>
        <line num="38" count="38" type="cond" truecount="1" falsecount="0"/>
        <line num="39" count="38" type="stmt"/>
        <line num="42" count="59" type="cond" truecount="2" falsecount="0"/>
        <line num="43" count="31" type="stmt"/>
        <line num="44" count="31" type="cond" truecount="1" falsecount="0"/>
        <line num="45" count="31" type="stmt"/>
        <line num="48" count="28" type="cond" truecount="1" falsecount="1"/>
        <line num="49" count="0" type="stmt"/>
        <line num="50" count="0" type="cond" truecount="0" falsecount="1"/>
        <line num="51" count="0" type="stmt"/>
        <line num="54" count="28" type="cond" truecount="1" falsecount="0"/>
        <line num="55" count="3" type="stmt"/>
        <line num="56" count="3" type="cond" truecount="1" falsecount="0"/>
        <line num="57" count="3" type="stmt"/>
        <line num="61" count="25" type="stmt"/>
        <line num="62" count="25" type="cond" truecount="0" falsecount="1"/>
        <line num="63" count="0" type="stmt"/>
        <line num="66" count="25" type="stmt"/>
        <line num="70" count="51" type="cond" truecount="1" falsecount="0"/>
        <line num="71" count="32" type="cond" truecount="1" falsecount="1"/>
        <line num="72" count="32" type="stmt"/>
        <line num="76" count="0" type="stmt"/>
        <line num="77" count="0" type="stmt"/>
        <line num="81" count="32" type="stmt"/>
        <line num="83" count="32" type="stmt"/>
        <line num="84" count="72" type="stmt"/>
        <line num="85" count="72" type="stmt"/>
        <line num="88" count="32" type="stmt"/>
        <line num="92" count="51" type="cond" truecount="1" falsecount="0"/>
        <line num="94" count="0" type="stmt"/>
        <line num="95" count="0" type="stmt"/>
        <line num="96" count="0" type="cond" truecount="0" falsecount="3"/>
        <line num="97" count="0" type="stmt"/>
        <line num="101" count="0" type="cond" truecount="0" falsecount="1"/>
        <line num="102" count="0" type="stmt"/>
        <line num="107" count="15" type="cond" truecount="0" falsecount="1"/>
        <line num="109" count="15" type="stmt"/>
        <line num="110" count="4" type="cond" truecount="1" falsecount="0"/>
        <line num="112" count="12" type="stmt"/>
        <line num="116" count="63" type="stmt"/>
        <line num="117" count="99" type="cond" truecount="3" falsecount="0"/>
        <line num="118" count="12" type="stmt"/>
        <line num="119" count="12" type="stmt"/>
        <line num="122" count="51" type="stmt"/>
        <line num="126" count="0" type="stmt"/>
        <line num="127" count="0" type="cond" truecount="0" falsecount="3"/>
        <line num="132" count="51" type="cond" truecount="0" falsecount="1"/>
        <line num="133" count="51" type="cond" truecount="0" falsecount="1"/>
        <line num="134" count="0" type="stmt"/>
        <line num="135" count="0" type="stmt"/>
        <line num="137" count="51" type="stmt"/>
        <line num="138" count="51" type="stmt"/>
        <line num="142" count="0" type="stmt"/>
        <line num="146" count="63" type="cond" truecount="0" falsecount="1"/>
        <line num="147" count="63" type="stmt"/>
        <line num="148" count="63" type="cond" truecount="1" falsecount="0"/>
        <line num="149" count="12" type="cond" truecount="0" falsecount="1"/>
        <line num="150" count="0" type="stmt"/>
        <line num="151" count="0" type="stmt"/>
        <line num="153" count="12" type="stmt"/>
        <line num="157" count="103" type="cond" truecount="0" falsecount="1"/>
        <line num="158" count="103" type="stmt"/>
        <line num="159" count="103" type="cond" truecount="1" falsecount="0"/>
      </file>
      <file name="ColumnType.ts" path="C:\Users\Артемий\Documents\Рабочий стол 2.0\My projects\ModularORM\src\classes\base\ColumnType.ts">
        <metrics statements="45" coveredstatements="19" conditionals="20" coveredconditionals="0" methods="4" coveredmethods="2"/>
        <line num="1" count="7" type="stmt"/>
        <line num="16" count="7" type="stmt"/>
        <line num="20" count="7" type="stmt"/>
        <line num="29" count="63" type="stmt"/>
        <line num="35" count="7" type="stmt"/>
        <line num="41" count="7" type="stmt"/>
        <line num="47" count="7" type="stmt"/>
        <line num="53" count="7" type="stmt"/>
        <line num="59" count="7" type="stmt"/>
        <line num="65" count="7" type="stmt"/>
        <line num="66" count="7" type="stmt"/>
        <line num="67" count="7" type="stmt"/>
        <line num="68" count="7" type="stmt"/>
        <line num="69" count="7" type="stmt"/>
        <line num="70" count="0" type="stmt"/>
        <line num="71" count="7" type="stmt"/>
        <line num="72" count="7" type="stmt"/>
        <line num="73" count="7" type="stmt"/>
        <line num="78" count="154" type="stmt"/>
        <line num="79" count="154" type="stmt"/>
        <line num="82" count="0" type="stmt"/>
        <line num="84" count="0" type="cond" truecount="0" falsecount="1"/>
        <line num="85" count="0" type="stmt"/>
        <line num="86" count="0" type="cond" truecount="0" falsecount="1"/>
        <line num="87" count="0" type="stmt"/>
        <line num="91" count="0" type="cond" truecount="0" falsecount="1"/>
        <line num="92" count="0" type="stmt"/>
        <line num="93" count="0" type="cond" truecount="0" falsecount="1"/>
        <line num="94" count="0" type="stmt"/>
        <line num="98" count="0" type="cond" truecount="0" falsecount="16"/>
        <line num="99" count="0" type="stmt"/>
        <line num="101" count="0" type="stmt"/>
        <line num="102" count="0" type="stmt"/>
        <line num="103" count="0" type="stmt"/>
        <line num="104" count="0" type="stmt"/>
        <line num="105" count="0" type="stmt"/>
        <line num="106" count="0" type="stmt"/>
        <line num="107" count="0" type="stmt"/>
        <line num="108" count="0" type="stmt"/>
        <line num="109" count="0" type="stmt"/>
        <line num="110" count="0" type="stmt"/>
        <line num="111" count="0" type="stmt"/>
        <line num="112" count="0" type="stmt"/>
        <line num="113" count="0" type="stmt"/>
        <line num="114" count="0" type="stmt"/>
      </file>
      <file name="DatabaseAPI.ts" path="C:\Users\Артемий\Documents\Рабочий стол 2.0\My projects\ModularORM\src\classes\base\DatabaseAPI.ts">
        <metrics statements="53" coveredstatements="36" conditionals="17" coveredconditionals="8" methods="7" coveredmethods="4"/>
        <line num="1" count="7" type="stmt"/>
        <line num="5" count="7" type="stmt"/>
        <line num="6" count="7" type="stmt"/>
        <line num="7" count="7" type="stmt"/>
        <line num="8" count="7" type="stmt"/>
        <line num="10" count="7" type="stmt"/>
        <line num="12" count="7" type="stmt"/>
        <line num="13" count="7" type="stmt"/>
        <line num="16" count="173" type="stmt"/>
        <line num="20" count="51" type="cond" truecount="2" falsecount="0"/>
        <line num="21" count="45" type="stmt"/>
        <line num="30" count="103" type="stmt"/>
        <line num="31" count="103" type="stmt"/>
        <line num="32" count="103" type="stmt"/>
        <line num="33" count="103" type="stmt"/>
        <line num="34" count="103" type="stmt"/>
        <line num="35" count="103" type="cond" truecount="1" falsecount="1"/>
        <line num="36" count="103" type="cond" truecount="1" falsecount="0"/>
        <line num="37" count="103" type="stmt"/>
        <line num="39" count="103" type="cond" truecount="1" falsecount="1"/>
        <line num="41" count="0" type="cond" truecount="0" falsecount="3"/>
        <line num="42" count="0" type="cond" truecount="0" falsecount="1"/>
        <line num="43" count="0" type="stmt"/>
        <line num="45" count="0" type="stmt"/>
        <line num="56" count="63" type="stmt"/>
        <line num="57" count="63" type="stmt"/>
        <line num="58" count="63" type="stmt"/>
        <line num="59" count="63" type="stmt"/>
        <line num="60" count="63" type="stmt"/>
        <line num="61" count="63" type="cond" truecount="1" falsecount="0"/>
        <line num="62" count="12" type="stmt"/>
        <line num="63" count="12" type="stmt"/>
        <line num="64" count="12" type="stmt"/>
        <line num="66" count="51" type="stmt"/>
        <line num="67" count="51" type="stmt"/>
        <line num="68" count="51" type="stmt"/>
        <line num="69" count="51" type="cond" truecount="1" falsecount="0"/>
        <line num="71" count="0" type="stmt"/>
        <line num="73" count="51" type="cond" truecount="1" falsecount="0"/>
        <line num="74" count="51" type="stmt"/>
        <line num="76" count="51" type="stmt"/>
        <line num="80" count="0" type="cond" truecount="0" falsecount="1"/>
        <line num="81" count="0" type="stmt"/>
        <line num="83" count="0" type="stmt"/>
        <line num="84" count="0" type="stmt"/>
        <line num="88" count="0" type="cond" truecount="0" falsecount="1"/>
        <line num="89" count="0" type="stmt"/>
        <line num="91" count="0" type="stmt"/>
        <line num="92" count="0" type="stmt"/>
        <line num="96" count="0" type="cond" truecount="0" falsecount="1"/>
        <line num="97" count="0" type="stmt"/>
        <line num="99" count="0" type="stmt"/>
        <line num="100" count="0" type="stmt"/>
      </file>
      <file name="DatabaseUpdate.ts" path="C:\Users\Артемий\Documents\Рабочий стол 2.0\My projects\ModularORM\src\classes\base\DatabaseUpdate.ts">
        <metrics statements="295" coveredstatements="19" conditionals="206" coveredconditionals="0" methods="19" coveredmethods="0"/>
        <line num="1" count="7" type="stmt"/>
        <line num="3" count="7" type="stmt"/>
        <line num="4" count="7" type="stmt"/>
        <line num="5" count="7" type="stmt"/>
        <line num="7" count="7" type="stmt"/>
        <line num="8" count="7" type="stmt"/>
        <line num="9" count="7" type="stmt"/>
        <line num="10" count="7" type="stmt"/>
        <line num="11" count="7" type="stmt"/>
        <line num="12" count="7" type="stmt"/>
        <line num="13" count="7" type="stmt"/>
        <line num="14" count="7" type="stmt"/>
        <line num="15" count="7" type="stmt"/>
        <line num="19" count="7" type="stmt"/>
        <line num="43" count="7" type="stmt"/>
        <line num="45" count="7" type="stmt"/>
        <line num="46" count="7" type="stmt"/>
        <line num="47" count="7" type="stmt"/>
        <line num="48" count="7" type="stmt"/>
        <line num="51" count="0" type="stmt"/>
        <line num="52" count="0" type="stmt"/>
        <line num="53" count="0" type="stmt"/>
        <line num="55" count="0" type="stmt"/>
        <line num="60" count="0" type="cond" truecount="0" falsecount="3"/>
        <line num="61" count="0" type="stmt"/>
        <line num="62" count="0" type="stmt"/>
        <line num="63" count="0" type="stmt"/>
        <line num="64" count="0" type="stmt"/>
        <line num="65" count="0" type="stmt"/>
        <line num="66" count="0" type="stmt"/>
        <line num="67" count="0" type="stmt"/>
        <line num="71" count="0" type="cond" truecount="0" falsecount="2"/>
        <line num="72" count="0" type="stmt"/>
        <line num="74" count="0" type="stmt"/>
        <line num="75" count="0" type="stmt"/>
        <line num="77" count="0" type="stmt"/>
        <line num="79" count="0" type="stmt"/>
        <line num="83" count="0" type="stmt"/>
        <line num="84" count="0" type="cond" truecount="0" falsecount="1"/>
        <line num="86" count="0" type="stmt"/>
        <line num="88" count="0" type="cond" truecount="0" falsecount="2"/>
        <line num="90" count="0" type="stmt"/>
        <line num="95" count="0" type="stmt"/>
        <line num="100" count="0" type="cond" truecount="0" falsecount="2"/>
        <line num="101" count="0" type="cond" truecount="0" falsecount="3"/>
        <line num="102" count="0" type="stmt"/>
        <line num="103" count="0" type="stmt"/>
        <line num="106" count="0" type="cond" truecount="0" falsecount="1"/>
        <line num="107" count="0" type="stmt"/>
        <line num="110" count="0" type="stmt"/>
        <line num="111" count="0" type="stmt"/>
        <line num="112" count="0" type="stmt"/>
        <line num="113" count="0" type="stmt"/>
        <line num="114" count="0" type="stmt"/>
        <line num="116" count="0" type="stmt"/>
        <line num="121" count="0" type="stmt"/>
        <line num="123" count="0" type="stmt"/>
        <line num="124" count="0" type="cond" truecount="0" falsecount="1"/>
        <line num="125" count="0" type="stmt"/>
        <line num="127" count="0" type="cond" truecount="0" falsecount="2"/>
        <line num="128" count="0" type="stmt"/>
        <line num="131" count="0" type="stmt"/>
        <line num="136" count="0" type="stmt"/>
        <line num="137" count="0" type="stmt"/>
        <line num="146" count="0" type="stmt"/>
        <line num="147" count="0" type="stmt"/>
        <line num="148" count="0" type="stmt"/>
        <line num="149" count="0" type="stmt"/>
        <line num="150" count="0" type="stmt"/>
        <line num="151" count="0" type="stmt"/>
        <line num="152" count="0" type="stmt"/>
        <line num="153" count="0" type="stmt"/>
        <line num="154" count="0" type="stmt"/>
        <line num="155" count="0" type="stmt"/>
        <line num="156" count="0" type="stmt"/>
        <line num="157" count="0" type="stmt"/>
        <line num="158" count="0" type="stmt"/>
        <line num="159" count="0" type="cond" truecount="0" falsecount="2"/>
        <line num="160" count="0" type="cond" truecount="0" falsecount="2"/>
        <line num="162" count="0" type="stmt"/>
        <line num="165" count="0" type="stmt"/>
        <line num="166" count="0" type="cond" truecount="0" falsecount="2"/>
        <line num="167" count="0" type="stmt"/>
        <line num="168" count="0" type="cond" truecount="0" falsecount="1"/>
        <line num="169" count="0" type="stmt"/>
        <line num="171" count="0" type="cond" truecount="0" falsecount="2"/>
        <line num="174" count="0" type="stmt"/>
        <line num="175" count="0" type="cond" truecount="0" falsecount="1"/>
        <line num="176" count="0" type="stmt"/>
        <line num="177" count="0" type="stmt"/>
        <line num="182" count="0" type="cond" truecount="0" falsecount="4"/>
        <line num="183" count="0" type="stmt"/>
        <line num="184" count="0" type="stmt"/>
        <line num="185" count="0" type="stmt"/>
        <line num="186" count="0" type="stmt"/>
        <line num="187" count="0" type="stmt"/>
        <line num="191" count="0" type="cond" truecount="0" falsecount="2"/>
        <line num="192" count="0" type="stmt"/>
        <line num="194" count="0" type="stmt"/>
        <line num="195" count="0" type="cond" truecount="0" falsecount="3"/>
        <line num="196" count="0" type="stmt"/>
        <line num="197" count="0" type="stmt"/>
        <line num="198" count="0" type="stmt"/>
        <line num="200" count="0" type="stmt"/>
        <line num="204" count="0" type="cond" truecount="0" falsecount="1"/>
        <line num="205" count="0" type="stmt"/>
        <line num="206" count="0" type="stmt"/>
        <line num="207" count="0" type="stmt"/>
        <line num="209" count="0" type="stmt"/>
        <line num="210" count="0" type="stmt"/>
        <line num="211" count="0" type="stmt"/>
        <line num="219" count="0" type="cond" truecount="0" falsecount="1"/>
        <line num="220" count="0" type="stmt"/>
        <line num="221" count="0" type="stmt"/>
        <line num="224" count="0" type="cond" truecount="0" falsecount="1"/>
        <line num="225" count="0" type="stmt"/>
        <line num="226" count="0" type="stmt"/>
        <line num="229" count="0" type="stmt"/>
        <line num="245" count="0" type="cond" truecount="0" falsecount="3"/>
        <line num="246" count="0" type="cond" truecount="0" falsecount="2"/>
        <line num="247" count="0" type="cond" truecount="0" falsecount="2"/>
        <line num="253" count="0" type="stmt"/>
        <line num="254" count="0" type="stmt"/>
        <line num="256" count="0" type="cond" truecount="0" falsecount="1"/>
        <line num="258" count="0" type="stmt"/>
        <line num="259" count="0" type="stmt"/>
        <line num="260" count="0" type="cond" truecount="0" falsecount="1"/>
        <line num="262" count="0" type="stmt"/>
        <line num="264" count="0" type="cond" truecount="0" falsecount="1"/>
        <line num="265" count="0" type="stmt"/>
        <line num="268" count="0" type="cond" truecount="0" falsecount="1"/>
        <line num="269" count="0" type="stmt"/>
        <line num="272" count="0" type="cond" truecount="0" falsecount="1"/>
        <line num="273" count="0" type="cond" truecount="0" falsecount="2"/>
        <line num="274" count="0" type="cond" truecount="0" falsecount="2"/>
        <line num="275" count="0" type="stmt"/>
        <line num="278" count="0" type="cond" truecount="0" falsecount="1"/>
        <line num="279" count="0" type="cond" truecount="0" falsecount="2"/>
        <line num="280" count="0" type="stmt"/>
        <line num="283" count="0" type="cond" truecount="0" falsecount="1"/>
        <line num="284" count="0" type="stmt"/>
        <line num="287" count="0" type="stmt"/>
        <line num="288" count="0" type="stmt"/>
        <line num="289" count="0" type="cond" truecount="0" falsecount="1"/>
        <line num="292" count="0" type="cond" truecount="0" falsecount="1"/>
        <line num="293" count="0" type="stmt"/>
        <line num="294" count="0" type="stmt"/>
        <line num="295" count="0" type="stmt"/>
        <line num="298" count="0" type="stmt"/>
        <line num="299" count="0" type="stmt"/>
        <line num="300" count="0" type="cond" truecount="0" falsecount="1"/>
        <line num="301" count="0" type="stmt"/>
        <line num="303" count="0" type="cond" truecount="0" falsecount="1"/>
        <line num="304" count="0" type="cond" truecount="0" falsecount="4"/>
        <line num="306" count="0" type="cond" truecount="0" falsecount="1"/>
        <line num="307" count="0" type="stmt"/>
        <line num="315" count="0" type="stmt"/>
        <line num="319" count="0" type="stmt"/>
        <line num="323" count="0" type="stmt"/>
        <line num="324" count="0" type="cond" truecount="0" falsecount="1"/>
        <line num="326" count="0" type="stmt"/>
        <line num="327" count="0" type="stmt"/>
        <line num="328" count="0" type="stmt"/>
        <line num="329" count="0" type="cond" truecount="0" falsecount="1"/>
        <line num="331" count="0" type="cond" truecount="0" falsecount="1"/>
        <line num="332" count="0" type="stmt"/>
        <line num="333" count="0" type="stmt"/>
        <line num="334" count="0" type="cond" truecount="0" falsecount="1"/>
        <line num="336" count="0" type="stmt"/>
        <line num="338" count="0" type="cond" truecount="0" falsecount="1"/>
        <line num="339" count="0" type="cond" truecount="0" falsecount="1"/>
        <line num="341" count="0" type="cond" truecount="0" falsecount="1"/>
        <line num="342" count="0" type="cond" truecount="0" falsecount="2"/>
        <line num="343" count="0" type="cond" truecount="0" falsecount="2"/>
        <line num="344" count="0" type="stmt"/>
        <line num="347" count="0" type="cond" truecount="0" falsecount="1"/>
        <line num="348" count="0" type="cond" truecount="0" falsecount="2"/>
        <line num="349" count="0" type="stmt"/>
        <line num="352" count="0" type="cond" truecount="0" falsecount="1"/>
        <line num="354" count="0" type="stmt"/>
        <line num="355" count="0" type="cond" truecount="0" falsecount="1"/>
        <line num="356" count="0" type="cond" truecount="0" falsecount="5"/>
        <line num="357" count="0" type="cond" truecount="0" falsecount="1"/>
        <line num="362" count="0" type="stmt"/>
        <line num="363" count="0" type="stmt"/>
        <line num="364" count="0" type="stmt"/>
        <line num="366" count="0" type="stmt"/>
        <line num="367" count="0" type="stmt"/>
        <line num="369" count="0" type="stmt"/>
        <line num="371" count="0" type="stmt"/>
        <line num="375" count="0" type="cond" truecount="0" falsecount="1"/>
        <line num="376" count="0" type="cond" truecount="0" falsecount="1"/>
        <line num="377" count="0" type="stmt"/>
        <line num="378" count="0" type="stmt"/>
        <line num="380" count="0" type="cond" truecount="0" falsecount="1"/>
        <line num="381" count="0" type="stmt"/>
        <line num="382" count="0" type="stmt"/>
        <line num="395" count="0" type="stmt"/>
        <line num="396" count="0" type="stmt"/>
        <line num="397" count="0" type="cond" truecount="0" falsecount="1"/>
        <line num="399" count="0" type="stmt"/>
        <line num="400" count="0" type="stmt"/>
        <line num="401" count="0" type="stmt"/>
        <line num="403" count="0" type="cond" truecount="0" falsecount="2"/>
        <line num="404" count="0" type="stmt"/>
        <line num="405" count="0" type="cond" truecount="0" falsecount="2"/>
        <line num="406" count="0" type="cond" truecount="0" falsecount="2"/>
        <line num="408" count="0" type="stmt"/>
        <line num="409" count="0" type="cond" truecount="0" falsecount="2"/>
        <line num="410" count="0" type="stmt"/>
        <line num="411" count="0" type="cond" truecount="0" falsecount="2"/>
        <line num="412" count="0" type="stmt"/>
        <line num="413" count="0" type="cond" truecount="0" falsecount="2"/>
        <line num="414" count="0" type="stmt"/>
        <line num="415" count="0" type="cond" truecount="0" falsecount="2"/>
        <line num="416" count="0" type="cond" truecount="0" falsecount="2"/>
        <line num="417" count="0" type="cond" truecount="0" falsecount="2"/>
        <line num="418" count="0" type="stmt"/>
        <line num="419" count="0" type="cond" truecount="0" falsecount="1"/>
        <line num="420" count="0" type="stmt"/>
        <line num="423" count="0" type="cond" truecount="0" falsecount="4"/>
        <line num="424" count="0" type="cond" truecount="0" falsecount="1"/>
        <line num="425" count="0" type="stmt"/>
        <line num="426" count="0" type="stmt"/>
        <line num="427" count="0" type="stmt"/>
        <line num="428" count="0" type="stmt"/>
        <line num="429" count="0" type="cond" truecount="0" falsecount="3"/>
        <line num="430" count="0" type="stmt"/>
        <line num="431" count="0" type="stmt"/>
        <line num="432" count="0" type="stmt"/>
        <line num="433" count="0" type="stmt"/>
        <line num="436" count="0" type="cond" truecount="0" falsecount="1"/>
        <line num="437" count="0" type="stmt"/>
        <line num="440" count="0" type="cond" truecount="0" falsecount="5"/>
        <line num="441" count="0" type="cond" truecount="0" falsecount="1"/>
        <line num="444" count="0" type="cond" truecount="0" falsecount="3"/>
        <line num="445" count="0" type="stmt"/>
        <line num="448" count="0" type="cond" truecount="0" falsecount="3"/>
        <line num="449" count="0" type="stmt"/>
        <line num="452" count="0" type="stmt"/>
        <line num="453" count="0" type="cond" truecount="0" falsecount="2"/>
        <line num="454" count="0" type="cond" truecount="0" falsecount="4"/>
        <line num="455" count="0" type="stmt"/>
        <line num="457" count="0" type="cond" truecount="0" falsecount="1"/>
        <line num="458" count="0" type="cond" truecount="0" falsecount="5"/>
        <line num="459" count="0" type="stmt"/>
        <line num="460" count="0" type="stmt"/>
        <line num="462" count="0" type="stmt"/>
        <line num="466" count="0" type="cond" truecount="0" falsecount="3"/>
        <line num="467" count="0" type="stmt"/>
        <line num="468" count="0" type="stmt"/>
        <line num="471" count="0" type="cond" truecount="0" falsecount="3"/>
        <line num="472" count="0" type="stmt"/>
        <line num="473" count="0" type="stmt"/>
        <line num="476" count="0" type="cond" truecount="0" falsecount="3"/>
        <line num="477" count="0" type="stmt"/>
        <line num="478" count="0" type="stmt"/>
        <line num="481" count="0" type="cond" truecount="0" falsecount="3"/>
        <line num="482" count="0" type="stmt"/>
        <line num="483" count="0" type="stmt"/>
        <line num="486" count="0" type="stmt"/>
        <line num="488" count="0" type="cond" truecount="0" falsecount="3"/>
        <line num="489" count="0" type="stmt"/>
        <line num="490" count="0" type="cond" truecount="0" falsecount="4"/>
        <line num="493" count="0" type="cond" truecount="0" falsecount="4"/>
        <line num="494" count="0" type="stmt"/>
        <line num="495" count="0" type="stmt"/>
        <line num="497" count="0" type="cond" truecount="0" falsecount="5"/>
        <line num="501" count="0" type="stmt"/>
        <line num="503" count="0" type="stmt"/>
        <line num="504" count="0" type="cond" truecount="0" falsecount="4"/>
        <line num="505" count="0" type="stmt"/>
        <line num="507" count="0" type="cond" truecount="0" falsecount="1"/>
        <line num="508" count="0" type="stmt"/>
        <line num="509" count="0" type="cond" truecount="0" falsecount="4"/>
        <line num="510" count="0" type="stmt"/>
        <line num="513" count="0" type="stmt"/>
        <line num="514" count="0" type="cond" truecount="0" falsecount="1"/>
        <line num="517" count="0" type="stmt"/>
        <line num="518" count="0" type="cond" truecount="0" falsecount="1"/>
        <line num="521" count="0" type="cond" truecount="0" falsecount="1"/>
        <line num="522" count="0" type="stmt"/>
        <line num="523" count="0" type="cond" truecount="0" falsecount="2"/>
        <line num="524" count="0" type="cond" truecount="0" falsecount="2"/>
        <line num="526" count="0" type="stmt"/>
        <line num="527" count="0" type="cond" truecount="0" falsecount="4"/>
        <line num="528" count="0" type="stmt"/>
        <line num="531" count="0" type="cond" truecount="0" falsecount="2"/>
        <line num="533" count="0" type="stmt"/>
        <line num="535" count="0" type="stmt"/>
        <line num="536" count="0" type="stmt"/>
        <line num="539" count="0" type="stmt"/>
        <line num="540" count="0" type="cond" truecount="0" falsecount="1"/>
        <line num="543" count="0" type="stmt"/>
        <line num="544" count="0" type="cond" truecount="0" falsecount="1"/>
      </file>
      <file name="Errors.ts" path="C:\Users\Артемий\Documents\Рабочий стол 2.0\My projects\ModularORM\src\classes\base\Errors.ts">
        <metrics statements="12" coveredstatements="11" conditionals="0" coveredconditionals="0" methods="2" coveredmethods="1"/>
        <line num="1" count="7" type="stmt"/>
        <line num="2" count="7" type="stmt"/>
        <line num="4" count="7" type="stmt"/>
        <line num="6" count="7" type="stmt"/>
        <line num="7" count="7" type="stmt"/>
        <line num="8" count="7" type="stmt"/>
        <line num="9" count="7" type="stmt"/>
        <line num="10" count="7" type="stmt"/>
        <line num="11" count="7" type="stmt"/>
        <line num="15" count="42" type="stmt"/>
        <line num="16" count="42" type="stmt"/>
        <line num="19" count="0" type="stmt"/>
      </file>
      <file name="FinalQuery.ts" path="C:\Users\Артемий\Documents\Рабочий стол 2.0\My projects\ModularORM\src\classes\base\FinalQuery.ts">
        <metrics statements="57" coveredstatements="41" conditionals="21" coveredconditionals="8" methods="9" coveredmethods="7"/>
        <line num="3" count="7" type="stmt"/>
        <line num="5" count="7" type="stmt"/>
        <line num="9" count="7" type="stmt"/>
        <line num="10" count="7" type="stmt"/>
        <line num="13" count="7" type="stmt"/>
        <line num="15" count="7" type="stmt"/>
        <line num="25" count="7" type="stmt"/>
        <line num="40" count="120" type="stmt"/>
        <line num="48" count="120" type="stmt"/>
        <line num="49" count="120" type="stmt"/>
        <line num="50" count="120" type="stmt"/>
        <line num="51" count="120" type="stmt"/>
        <line num="52" count="120" type="stmt"/>
        <line num="56" count="120" type="stmt"/>
        <line num="57" count="120" type="cond" truecount="0" falsecount="1"/>
        <line num="58" count="120" type="stmt"/>
        <line num="59" count="120" type="cond" truecount="1" falsecount="0"/>
        <line num="61" count="0" type="stmt"/>
        <line num="62" count="0" type="stmt"/>
        <line num="63" count="0" type="stmt"/>
        <line num="73" count="69" type="stmt"/>
        <line num="74" count="69" type="stmt"/>
        <line num="80" count="69" type="stmt"/>
        <line num="81" count="69" type="stmt"/>
        <line num="93" count="51" type="stmt"/>
        <line num="95" count="51" type="stmt"/>
        <line num="102" count="51" type="stmt"/>
        <line num="103" count="59" type="stmt"/>
        <line num="104" count="59" type="stmt"/>
        <line num="106" count="59" type="cond" truecount="1" falsecount="1"/>
        <line num="107" count="59" type="stmt"/>
        <line num="109" count="59" type="stmt"/>
        <line num="110" count="142" type="cond" truecount="2" falsecount="1"/>
        <line num="112" count="142" type="stmt"/>
        <line num="114" count="142" type="cond" truecount="1" falsecount="0"/>
        <line num="115" count="32" type="stmt"/>
        <line num="116" count="32" type="stmt"/>
        <line num="117" count="32" type="cond" truecount="1" falsecount="0"/>
        <line num="120" count="142" type="stmt"/>
        <line num="122" count="142" type="cond" truecount="1" falsecount="0"/>
        <line num="123" count="0" type="stmt"/>
        <line num="125" count="0" type="stmt"/>
        <line num="126" count="0" type="cond" truecount="0" falsecount="1"/>
        <line num="128" count="0" type="stmt"/>
        <line num="129" count="0" type="stmt"/>
        <line num="131" count="0" type="cond" truecount="0" falsecount="4"/>
        <line num="132" count="0" type="cond" truecount="0" falsecount="2"/>
        <line num="133" count="0" type="cond" truecount="0" falsecount="1"/>
        <line num="134" count="0" type="stmt"/>
        <line num="136" count="0" type="stmt"/>
        <line num="137" count="0" type="cond" truecount="0" falsecount="1"/>
        <line num="138" count="0" type="stmt"/>
        <line num="147" count="59" type="cond" truecount="1" falsecount="1"/>
        <line num="148" count="0" type="stmt"/>
        <line num="149" count="59" type="stmt"/>
        <line num="150" count="51" type="stmt"/>
        <line num="151" count="51" type="stmt"/>
      </file>
      <file name="HavingBuilder.ts" path="C:\Users\Артемий\Documents\Рабочий стол 2.0\My projects\ModularORM\src\classes\base\HavingBuilder.ts">
        <metrics statements="27" coveredstatements="3" conditionals="1" coveredconditionals="0" methods="7" coveredmethods="0"/>
        <line num="1" count="7" type="stmt"/>
        <line num="2" count="7" type="stmt"/>
        <line num="11" count="7" type="stmt"/>
        <line num="13" count="0" type="stmt"/>
        <line num="14" count="0" type="stmt"/>
        <line num="15" count="0" type="stmt"/>
        <line num="18" count="0" type="stmt"/>
        <line num="31" count="0" type="stmt"/>
        <line num="32" count="0" type="stmt"/>
        <line num="33" count="0" type="stmt"/>
        <line num="34" count="0" type="stmt"/>
        <line num="47" count="0" type="stmt"/>
        <line num="48" count="0" type="stmt"/>
        <line num="49" count="0" type="stmt"/>
        <line num="50" count="0" type="stmt"/>
        <line num="63" count="0" type="stmt"/>
        <line num="64" count="0" type="stmt"/>
        <line num="65" count="0" type="stmt"/>
        <line num="66" count="0" type="stmt"/>
        <line num="75" count="0" type="stmt"/>
        <line num="87" count="0" type="stmt"/>
        <line num="89" count="0" type="stmt"/>
        <line num="90" count="0" type="cond" truecount="0" falsecount="1"/>
        <line num="91" count="0" type="stmt"/>
        <line num="93" count="0" type="stmt"/>
        <line num="96" count="0" type="stmt"/>
        <line num="99" count="0" type="stmt"/>
      </file>
      <file name="InsertBuilder.ts" path="C:\Users\Артемий\Documents\Рабочий стол 2.0\My projects\ModularORM\src\classes\base\InsertBuilder.ts">
        <metrics statements="22" coveredstatements="17" conditionals="8" coveredconditionals="3" methods="9" coveredmethods="6"/>
        <line num="1" count="7" type="stmt"/>
        <line num="2" count="7" type="stmt"/>
        <line num="9" count="7" type="stmt"/>
        <line num="18" count="34" type="stmt"/>
        <line num="25" count="34" type="stmt"/>
        <line num="26" count="34" type="stmt"/>
        <line num="36" count="54" type="stmt"/>
        <line num="37" count="54" type="cond" truecount="1" falsecount="2"/>
        <line num="38" count="54" type="cond" truecount="0" falsecount="1"/>
        <line num="40" count="54" type="stmt"/>
        <line num="41" count="54" type="stmt"/>
        <line num="45" count="34" type="cond" truecount="1" falsecount="1"/>
        <line num="46" count="34" type="stmt"/>
        <line num="47" count="54" type="stmt"/>
        <line num="51" count="0" type="stmt"/>
        <line num="52" count="0" type="stmt"/>
        <line num="58" count="0" type="stmt"/>
        <line num="66" count="34" type="cond" truecount="1" falsecount="1"/>
        <line num="67" count="34" type="stmt"/>
        <line num="71" count="0" type="stmt"/>
        <line num="79" count="34" type="stmt"/>
        <line num="81" count="0" type="stmt"/>
      </file>
      <file name="JoinBuilder.ts" path="C:\Users\Артемий\Documents\Рабочий стол 2.0\My projects\ModularORM\src\classes\base\JoinBuilder.ts">
        <metrics statements="27" coveredstatements="3" conditionals="9" coveredconditionals="0" methods="9" coveredmethods="0"/>
        <line num="1" count="7" type="stmt"/>
        <line num="2" count="7" type="stmt"/>
        <line num="7" count="7" type="stmt"/>
        <line num="8" count="0" type="stmt"/>
        <line num="14" count="0" type="stmt"/>
        <line num="18" count="0" type="stmt"/>
        <line num="19" count="0" type="stmt"/>
        <line num="23" count="0" type="cond" truecount="0" falsecount="2"/>
        <line num="24" count="0" type="stmt"/>
        <line num="28" count="0" type="stmt"/>
        <line num="29" count="0" type="stmt"/>
        <line num="33" count="0" type="stmt"/>
        <line num="34" count="0" type="stmt"/>
        <line num="38" count="0" type="stmt"/>
        <line num="39" count="0" type="stmt"/>
        <line num="41" count="0" type="stmt"/>
        <line num="43" count="0" type="stmt"/>
        <line num="44" count="0" type="stmt"/>
        <line num="45" count="0" type="cond" truecount="0" falsecount="2"/>
        <line num="46" count="0" type="cond" truecount="0" falsecount="1"/>
        <line num="47" count="0" type="cond" truecount="0" falsecount="1"/>
        <line num="48" count="0" type="cond" truecount="0" falsecount="1"/>
        <line num="49" count="0" type="stmt"/>
        <line num="54" count="0" type="cond" truecount="0" falsecount="2"/>
        <line num="55" count="0" type="stmt"/>
        <line num="56" count="0" type="stmt"/>
        <line num="59" count="0" type="stmt"/>
      </file>
      <file name="ModularORMException.ts" path="C:\Users\Артемий\Documents\Рабочий стол 2.0\My projects\ModularORM\src\classes\base\ModularORMException.ts">
        <metrics statements="4" coveredstatements="1" conditionals="0" coveredconditionals="0" methods="1" coveredmethods="0"/>
        <line num="1" count="7" type="stmt"/>
        <line num="3" count="0" type="stmt"/>
        <line num="4" count="0" type="stmt"/>
        <line num="5" count="0" type="stmt"/>
      </file>
      <file name="QueryBuilder.ts" path="C:\Users\Артемий\Documents\Рабочий стол 2.0\My projects\ModularORM\src\classes\base\QueryBuilder.ts">
        <metrics statements="42" coveredstatements="34" conditionals="1" coveredconditionals="1" methods="16" coveredmethods="12"/>
        <line num="1" count="7" type="stmt"/>
        <line num="8" count="7" type="stmt"/>
        <line num="14" count="7" type="stmt"/>
        <line num="23" count="120" type="stmt"/>
        <line num="24" count="120" type="stmt"/>
        <line num="25" count="120" type="stmt"/>
        <line num="26" count="120" type="stmt"/>
        <line num="27" count="120" type="stmt"/>
        <line num="28" count="120" type="stmt"/>
        <line num="29" count="120" type="stmt"/>
        <line num="31" count="120" type="stmt"/>
        <line num="32" count="120" type="stmt"/>
        <line num="35" count="120" type="stmt"/>
        <line num="44" count="120" type="stmt"/>
        <line num="45" count="120" type="stmt"/>
        <line num="54" count="34" type="stmt"/>
        <line num="55" count="34" type="stmt"/>
        <line num="64" count="120" type="stmt"/>
        <line num="65" count="120" type="stmt"/>
        <line num="74" count="51" type="stmt"/>
        <line num="75" count="51" type="stmt"/>
        <line num="84" count="35" type="stmt"/>
        <line num="85" count="35" type="stmt"/>
        <line num="95" count="1" type="stmt"/>
        <line num="96" count="1" type="stmt"/>
        <line num="105" count="15" type="stmt"/>
        <line num="106" count="15" type="stmt"/>
        <line num="115" count="0" type="stmt"/>
        <line num="116" count="0" type="stmt"/>
        <line num="125" count="0" type="stmt"/>
        <line num="126" count="0" type="stmt"/>
        <line num="135" count="0" type="stmt"/>
        <line num="136" count="0" type="stmt"/>
        <line num="145" count="6" type="stmt"/>
        <line num="146" count="6" type="stmt"/>
        <line num="150" count="50" type="stmt"/>
        <line num="151" count="50" type="stmt"/>
        <line num="155" count="50" type="stmt"/>
        <line num="156" count="50" type="stmt"/>
        <line num="160" count="0" type="stmt"/>
        <line num="161" count="0" type="stmt"/>
        <line num="164" count="120" type="stmt"/>
      </file>
      <file name="QueryIs.ts" path="C:\Users\Артемий\Documents\Рабочий стол 2.0\My projects\ModularORM\src\classes\base\QueryIs.ts">
        <metrics statements="4" coveredstatements="4" conditionals="0" coveredconditionals="0" methods="1" coveredmethods="1"/>
        <line num="1" count="7" type="stmt"/>
        <line num="3" count="7" type="stmt"/>
        <line num="4" count="7" type="stmt"/>
        <line num="6" count="14" type="stmt"/>
      </file>
      <file name="QueryResult.ts" path="C:\Users\Артемий\Documents\Рабочий стол 2.0\My projects\ModularORM\src\classes\base\QueryResult.ts">
        <metrics statements="1" coveredstatements="1" conditionals="0" coveredconditionals="0" methods="0" coveredmethods="0"/>
        <line num="4" count="7" type="stmt"/>
      </file>
      <file name="QueryType.ts" path="C:\Users\Артемий\Documents\Рабочий стол 2.0\My projects\ModularORM\src\classes\base\QueryType.ts">
        <metrics statements="11" coveredstatements="11" conditionals="0" coveredconditionals="0" methods="1" coveredmethods="1"/>
        <line num="1" count="7" type="stmt"/>
        <line num="9" count="7" type="stmt"/>
        <line num="14" count="7" type="stmt"/>
        <line num="19" count="7" type="stmt"/>
        <line num="24" count="7" type="stmt"/>
        <line num="29" count="7" type="stmt"/>
        <line num="34" count="7" type="stmt"/>
        <line num="39" count="7" type="stmt"/>
        <line num="44" count="42" type="stmt"/>
        <line num="45" count="42" type="stmt"/>
        <line num="46" count="42" type="stmt"/>
      </file>
      <file name="Repository.ts" path="C:\Users\Артемий\Documents\Рабочий стол 2.0\My projects\ModularORM\src\classes\base\Repository.ts">
        <metrics statements="255" coveredstatements="194" conditionals="302" coveredconditionals="161" methods="44" coveredmethods="27"/>
        <line num="2" count="7" type="stmt"/>
        <line num="4" count="7" type="stmt"/>
        <line num="5" count="7" type="stmt"/>
        <line num="6" count="7" type="stmt"/>
        <line num="7" count="7" type="stmt"/>
        <line num="9" count="7" type="stmt"/>
        <line num="10" count="7" type="stmt"/>
        <line num="11" count="7" type="stmt"/>
        <line num="12" count="7" type="stmt"/>
        <line num="13" count="7" type="stmt"/>
        <line num="15" count="7" type="stmt"/>
        <line num="16" count="7" type="stmt"/>
        <line num="19" count="7" type="stmt"/>
        <line num="20" count="7" type="stmt"/>
        <line num="23" count="7" type="stmt"/>
        <line num="25" count="7" type="stmt"/>
        <line num="26" count="7" type="stmt"/>
        <line num="28" count="7" type="stmt"/>
        <line num="32" count="29" type="cond" truecount="1" falsecount="0"/>
        <line num="33" count="29" type="stmt"/>
        <line num="34" count="29" type="stmt"/>
        <line num="38" count="37" type="stmt"/>
        <line num="39" count="37" type="cond" truecount="2" falsecount="0"/>
        <line num="40" count="14" type="cond" truecount="1" falsecount="0"/>
        <line num="41" count="0" type="stmt"/>
        <line num="43" count="37" type="stmt"/>
        <line num="44" count="4" type="stmt"/>
        <line num="45" count="4" type="stmt"/>
        <line num="46" count="4" type="cond" truecount="2" falsecount="0"/>
        <line num="47" count="4" type="stmt"/>
        <line num="48" count="4" type="cond" truecount="2" falsecount="0"/>
        <line num="50" count="4" type="stmt"/>
        <line num="51" count="4" type="cond" truecount="3" falsecount="0"/>
        <line num="52" count="4" type="stmt"/>
        <line num="55" count="4" type="stmt"/>
        <line num="56" count="4" type="stmt"/>
        <line num="59" count="6" type="stmt"/>
        <line num="66" count="37" type="stmt"/>
        <line num="70" count="49" type="stmt"/>
        <line num="72" count="49" type="cond" truecount="1" falsecount="0"/>
        <line num="73" count="11" type="stmt"/>
        <line num="74" count="11" type="stmt"/>
        <line num="75" count="18" type="stmt"/>
        <line num="78" count="11" type="stmt"/>
        <line num="81" count="38" type="cond" truecount="2" falsecount="0"/>
        <line num="82" count="15" type="cond" truecount="1" falsecount="0"/>
        <line num="83" count="0" type="stmt"/>
        <line num="86" count="38" type="stmt"/>
        <line num="87" count="12" type="stmt"/>
        <line num="88" count="12" type="stmt"/>
        <line num="89" count="12" type="stmt"/>
        <line num="90" count="12" type="cond" truecount="1" falsecount="1"/>
        <line num="92" count="12" type="stmt"/>
        <line num="94" count="12" type="stmt"/>
        <line num="99" count="12" type="stmt"/>
        <line num="100" count="12" type="cond" truecount="4" falsecount="0"/>
        <line num="101" count="10" type="stmt"/>
        <line num="104" count="12" type="stmt"/>
        <line num="106" count="12" type="cond" truecount="2" falsecount="0"/>
        <line num="107" count="12" type="cond" truecount="2" falsecount="0"/>
        <line num="109" count="12" type="cond" truecount="2" falsecount="0"/>
        <line num="110" count="12" type="cond" truecount="2" falsecount="0"/>
        <line num="112" count="12" type="stmt"/>
        <line num="113" count="12" type="stmt"/>
        <line num="115" count="12" type="stmt"/>
        <line num="116" count="12" type="stmt"/>
        <line num="117" count="9" type="stmt"/>
        <line num="119" count="12" type="stmt"/>
        <line num="121" count="19" type="stmt"/>
        <line num="128" count="38" type="stmt"/>
        <line num="132" count="37" type="stmt"/>
        <line num="133" count="37" type="stmt"/>
        <line num="137" count="7" type="cond" truecount="2" falsecount="2"/>
        <line num="138" count="34" type="stmt"/>
        <line num="140" count="34" type="cond" truecount="1" falsecount="0"/>
        <line num="142" count="11" type="stmt"/>
        <line num="143" count="11" type="stmt"/>
        <line num="144" count="11" type="cond" truecount="1" falsecount="0"/>
        <line num="145" count="4" type="stmt"/>
        <line num="146" count="4" type="stmt"/>
        <line num="150" count="11" type="stmt"/>
        <line num="151" count="11" type="cond" truecount="0" falsecount="1"/>
        <line num="153" count="11" type="stmt"/>
        <line num="154" count="11" type="cond" truecount="0" falsecount="1"/>
        <line num="156" count="11" type="stmt"/>
        <line num="157" count="11" type="cond" truecount="1" falsecount="0"/>
        <line num="159" count="4" type="stmt"/>
        <line num="160" count="4" type="stmt"/>
        <line num="162" count="4" type="stmt"/>
        <line num="163" count="4" type="cond" truecount="0" falsecount="1"/>
        <line num="165" count="4" type="stmt"/>
        <line num="166" count="4" type="cond" truecount="1" falsecount="1"/>
        <line num="167" count="4" type="stmt"/>
        <line num="176" count="7" type="cond" truecount="7" falsecount="6"/>
        <line num="177" count="15" type="stmt"/>
        <line num="178" count="15" type="cond" truecount="1" falsecount="1"/>
        <line num="182" count="7" type="cond" truecount="8" falsecount="5"/>
        <line num="183" count="19" type="stmt"/>
        <line num="184" count="19" type="stmt"/>
        <line num="188" count="7" type="cond" truecount="4" falsecount="4"/>
        <line num="189" count="6" type="stmt"/>
        <line num="191" count="6" type="cond" truecount="1" falsecount="0"/>
        <line num="193" count="2" type="stmt"/>
        <line num="195" count="2" type="stmt"/>
        <line num="196" count="2" type="cond" truecount="3" falsecount="0"/>
        <line num="197" count="1" type="stmt"/>
        <line num="198" count="1" type="stmt"/>
        <line num="202" count="2" type="cond" truecount="1" falsecount="0"/>
        <line num="203" count="1" type="stmt"/>
        <line num="206" count="1" type="stmt"/>
        <line num="207" count="1" type="cond" truecount="0" falsecount="1"/>
        <line num="209" count="1" type="stmt"/>
        <line num="210" count="1" type="stmt"/>
        <line num="212" count="1" type="cond" truecount="1" falsecount="0"/>
        <line num="213" count="1" type="stmt"/>
        <line num="214" count="1" type="stmt"/>
        <line num="215" count="1" type="stmt"/>
        <line num="216" count="1" type="cond" truecount="0" falsecount="1"/>
        <line num="218" count="1" type="stmt"/>
        <line num="219" count="1" type="stmt"/>
        <line num="220" count="1" type="stmt"/>
        <line num="221" count="1" type="cond" truecount="0" falsecount="1"/>
        <line num="223" count="1" type="stmt"/>
        <line num="228" count="1" type="stmt"/>
        <line num="229" count="0" type="cond" truecount="0" falsecount="2"/>
        <line num="230" count="0" type="stmt"/>
        <line num="242" count="7" type="cond" truecount="2" falsecount="2"/>
        <line num="243" count="4" type="stmt"/>
        <line num="244" count="4" type="cond" truecount="1" falsecount="0"/>
        <line num="246" count="1" type="stmt"/>
        <line num="247" count="1" type="cond" truecount="0" falsecount="1"/>
        <line num="249" count="1" type="stmt"/>
        <line num="251" count="1" type="stmt"/>
        <line num="252" count="1" type="stmt"/>
        <line num="253" count="1" type="stmt"/>
        <line num="254" count="1" type="stmt"/>
        <line num="255" count="1" type="stmt"/>
        <line num="262" count="1" type="stmt"/>
        <line num="266" count="7" type="cond" truecount="3" falsecount="1"/>
        <line num="267" count="0" type="stmt"/>
        <line num="271" count="7" type="cond" truecount="3" falsecount="1"/>
        <line num="272" count="0" type="stmt"/>
        <line num="279" count="7" type="stmt"/>
        <line num="280" count="2" type="cond" truecount="1" falsecount="1"/>
        <line num="281" count="2" type="stmt"/>
        <line num="282" count="2" type="cond" truecount="3" falsecount="0"/>
        <line num="283" count="1" type="stmt"/>
        <line num="284" count="1" type="stmt"/>
        <line num="285" count="1" type="stmt"/>
        <line num="286" count="1" type="stmt"/>
        <line num="290" count="7" type="stmt"/>
        <line num="291" count="0" type="stmt"/>
        <line num="292" count="0" type="cond" truecount="0" falsecount="1"/>
        <line num="293" count="0" type="stmt"/>
        <line num="297" count="7" type="cond" truecount="2" falsecount="2"/>
        <line num="298" count="0" type="stmt"/>
        <line num="302" count="7" type="cond" truecount="2" falsecount="2"/>
        <line num="303" count="0" type="stmt"/>
        <line num="307" count="7" type="cond" truecount="2" falsecount="2"/>
        <line num="308" count="0" type="stmt"/>
        <line num="312" count="7" type="cond" truecount="5" falsecount="4"/>
        <line num="313" count="0" type="stmt"/>
        <line num="317" count="7" type="cond" truecount="5" falsecount="4"/>
        <line num="318" count="0" type="stmt"/>
        <line num="322" count="7" type="stmt"/>
        <line num="323" count="0" type="stmt"/>
        <line num="328" count="0" type="cond" truecount="0" falsecount="2"/>
        <line num="330" count="0" type="stmt"/>
        <line num="331" count="0" type="stmt"/>
        <line num="332" count="0" type="stmt"/>
        <line num="333" count="0" type="stmt"/>
        <line num="335" count="0" type="cond" truecount="0" falsecount="1"/>
        <line num="336" count="0" type="stmt"/>
        <line num="339" count="0" type="cond" truecount="0" falsecount="1"/>
        <line num="340" count="0" type="cond" truecount="0" falsecount="2"/>
        <line num="341" count="0" type="stmt"/>
        <line num="344" count="0" type="cond" truecount="0" falsecount="1"/>
        <line num="345" count="0" type="cond" truecount="0" falsecount="2"/>
        <line num="346" count="0" type="stmt"/>
        <line num="349" count="0" type="stmt"/>
        <line num="352" count="0" type="stmt"/>
        <line num="353" count="0" type="stmt"/>
        <line num="357" count="7" type="cond" truecount="2" falsecount="2"/>
        <line num="358" count="2" type="stmt"/>
        <line num="359" count="2" type="cond" truecount="0" falsecount="1"/>
        <line num="360" count="2" type="stmt"/>
        <line num="364" count="7" type="cond" truecount="8" falsecount="5"/>
        <line num="365" count="2" type="stmt"/>
        <line num="366" count="2" type="cond" truecount="0" falsecount="1"/>
        <line num="367" count="0" type="stmt"/>
        <line num="369" count="2" type="stmt"/>
        <line num="370" count="2" type="stmt"/>
        <line num="374" count="7" type="cond" truecount="7" falsecount="6"/>
        <line num="375" count="0" type="stmt"/>
        <line num="376" count="0" type="cond" truecount="0" falsecount="1"/>
        <line num="377" count="0" type="stmt"/>
        <line num="379" count="0" type="stmt"/>
        <line num="380" count="0" type="cond" truecount="0" falsecount="1"/>
        <line num="381" count="0" type="stmt"/>
        <line num="385" count="7" type="cond" truecount="6" falsecount="6"/>
        <line num="386" count="1" type="stmt"/>
        <line num="387" count="1" type="stmt"/>
        <line num="388" count="1" type="stmt"/>
        <line num="389" count="1" type="cond" truecount="1" falsecount="1"/>
        <line num="390" count="1" type="stmt"/>
        <line num="391" count="1" type="cond" truecount="3" falsecount="0"/>
        <line num="392" count="1" type="stmt"/>
        <line num="397" count="7" type="cond" truecount="4" falsecount="4"/>
        <line num="398" count="5" type="stmt"/>
        <line num="399" count="5" type="stmt"/>
        <line num="400" count="5" type="cond" truecount="2" falsecount="1"/>
        <line num="401" count="5" type="stmt"/>
        <line num="402" count="5" type="cond" truecount="0" falsecount="1"/>
        <line num="403" count="5" type="stmt"/>
        <line num="407" count="7" type="cond" truecount="5" falsecount="3"/>
        <line num="408" count="1" type="cond" truecount="1" falsecount="1"/>
        <line num="409" count="1" type="stmt"/>
        <line num="410" count="1" type="cond" truecount="0" falsecount="1"/>
        <line num="411" count="1" type="stmt"/>
        <line num="412" count="1" type="stmt"/>
        <line num="416" count="7" type="cond" truecount="5" falsecount="3"/>
        <line num="417" count="0" type="cond" truecount="0" falsecount="2"/>
        <line num="418" count="0" type="stmt"/>
        <line num="419" count="0" type="cond" truecount="0" falsecount="1"/>
        <line num="420" count="0" type="stmt"/>
        <line num="421" count="0" type="cond" truecount="0" falsecount="1"/>
        <line num="422" count="0" type="stmt"/>
        <line num="426" count="7" type="cond" truecount="7" falsecount="6"/>
        <line num="427" count="0" type="stmt"/>
        <line num="428" count="0" type="cond" truecount="0" falsecount="1"/>
        <line num="429" count="0" type="stmt"/>
        <line num="433" count="7" type="stmt"/>
        <line num="441" count="0" type="stmt"/>
        <line num="442" count="0" type="cond" truecount="0" falsecount="1"/>
        <line num="444" count="0" type="stmt"/>
        <line num="445" count="0" type="stmt"/>
        <line num="446" count="0" type="cond" truecount="0" falsecount="1"/>
        <line num="447" count="0" type="cond" truecount="0" falsecount="2"/>
        <line num="451" count="0" type="stmt"/>
        <line num="458" count="7" type="stmt"/>
        <line num="466" count="0" type="stmt"/>
        <line num="467" count="0" type="cond" truecount="0" falsecount="1"/>
        <line num="469" count="0" type="stmt"/>
        <line num="470" count="0" type="stmt"/>
        <line num="471" count="0" type="cond" truecount="0" falsecount="1"/>
        <line num="472" count="0" type="cond" truecount="0" falsecount="2"/>
        <line num="476" count="0" type="stmt"/>
        <line num="483" count="7" type="stmt"/>
        <line num="486" count="3" type="stmt"/>
        <line num="487" count="3" type="cond" truecount="0" falsecount="1"/>
        <line num="488" count="3" type="stmt"/>
        <line num="489" count="3" type="stmt"/>
        <line num="496" count="7" type="cond" truecount="2" falsecount="2"/>
        <line num="497" count="25" type="stmt"/>
        <line num="498" count="25" type="stmt"/>
      </file>
      <file name="SQLQueryBuilder.ts" path="C:\Users\Артемий\Documents\Рабочий стол 2.0\My projects\ModularORM\src\classes\base\SQLQueryBuilder.ts">
        <metrics statements="74" coveredstatements="60" conditionals="29" coveredconditionals="20" methods="3" coveredmethods="3"/>
        <line num="2" count="7" type="stmt"/>
[...]
        <line num="7" count="7" type="stmt"/>
        <line num="15" count="14" type="stmt"/>
        <line num="16" count="14" type="cond" truecount="2" falsecount="0"/>
      </file>
      <file name="RenamedColumn.ts" path="C:\Users\Артемий\Documents\Рабочий стол 2.0\My projects\ModularORM\src\decorators\RenamedColumn.ts">
        <metrics statements="4" coveredstatements="2" conditionals="0" coveredconditionals="0" methods="2" coveredmethods="0"/>
        <line num="2" count="7" type="stmt"/>
        <line num="4" count="7" type="stmt"/>
        <line num="5" count="0" type="stmt"/>
        <line num="6" count="0" type="stmt"/>
      </file>
      <file name="Result.ts" path="C:\Users\Артемий\Documents\Рабочий стол 2.0\My projects\ModularORM\src\decorators\Result.ts">
        <metrics statements="8" coveredstatements="8" conditionals="4" coveredconditionals="4" methods="2" coveredmethods="2"/>
        <line num="1" count="7" type="stmt"/>
        <line num="12" count="7" type="stmt"/>
        <line num="13" count="211" type="stmt"/>
        <line num="14" count="211" type="cond" truecount="2" falsecount="0"/>
        <line num="16" count="211" type="stmt"/>
        <line num="24" count="211" type="cond" truecount="2" falsecount="0"/>
        <line num="26" count="211" type="stmt"/>
        <line num="28" count="211" type="stmt"/>
      </file>
      <file name="SoftDeleteColumn.ts" path="C:\Users\Артемий\Documents\Рабочий стол 2.0\My projects\ModularORM\src\decorators\SoftDeleteColumn.ts">
        <metrics statements="7" coveredstatements="7" conditionals="0" coveredconditionals="0" methods="2" coveredmethods="2"/>
        <line num="1" count="7" type="stmt"/>
        <line num="2" count="7" type="stmt"/>
        <line num="3" count="7" type="stmt"/>
        <line num="6" count="7" type="stmt"/>
        <line num="7" count="7" type="stmt"/>
        <line num="8" count="7" type="stmt"/>
        <line num="9" count="7" type="stmt"/>
      </file>
      <file name="Table.ts" path="C:\Users\Артемий\Documents\Рабочий стол 2.0\My projects\ModularORM\src\decorators\Table.ts">
        <metrics statements="5" coveredstatements="5" conditionals="2" coveredconditionals="2" methods="2" coveredmethods="2"/>
        <line num="2" count="7" type="stmt"/>
        <line num="4" count="7" type="stmt"/>
        <line num="18" count="7" type="stmt"/>
        <line num="19" count="56" type="stmt"/>
        <line num="20" count="56" type="cond" truecount="2" falsecount="0"/>
      </file>
    </package>
    <package name="src.decorators.default">
      <metrics statements="6" coveredstatements="6" conditionals="0" coveredconditionals="0" methods="2" coveredmethods="2"/>
      <file name="AutoIncrementId.ts" path="C:\Users\Артемий\Documents\Рабочий стол 2.0\My projects\ModularORM\src\decorators\default\AutoIncrementId.ts">
        <metrics statements="3" coveredstatements="3" conditionals="0" coveredconditionals="0" methods="1" coveredmethods="1"/>
        <line num="1" count="7" type="stmt"/>
        <line num="2" count="7" type="stmt"/>
        <line num="4" count="56" type="stmt"/>
      </file>
      <file name="ColumnAnnotationFabric.ts" path="C:\Users\Артемий\Documents\Рабочий стол 2.0\My projects\ModularORM\src\decorators\default\ColumnAnnotationFabric.ts">
        <metrics statements="3" coveredstatements="3" conditionals="0" coveredconditionals="0" methods="1" coveredmethods="1"/>
        <line num="2" count="7" type="stmt"/>
        <line num="4" count="7" type="stmt"/>
        <line num="7" count="56" type="stmt"/>
      </file>
    </package>
    <package name="src.decorators.dto">
      <metrics statements="8" coveredstatements="8" conditionals="1" coveredconditionals="1" methods="3" coveredmethods="2"/>
      <file name="Transform.ts" path="C:\Users\Артемий\Documents\Рабочий стол 2.0\My projects\ModularORM\src\decorators\dto\Transform.ts">
        <metrics statements="2" coveredstatements="2" conditionals="0" coveredconditionals="0" methods="1" coveredmethods="0"/>
        <line num="1" count="7" type="stmt"/>
        <line num="3" count="7" type="stmt"/>
      </file>
      <file name="TransformFactory.ts" path="C:\Users\Артемий\Documents\Рабочий стол 2.0\My projects\ModularORM\src\decorators\dto\TransformFactory.ts">
        <metrics statements="6" coveredstatements="6" conditionals="1" coveredconditionals="1" methods="2" coveredmethods="2"/>
        <line num="1" count="7" type="stmt"/>
        <line num="3" count="7" type="stmt"/>
        <line num="6" count="15" type="stmt"/>
        <line num="7" count="15" type="cond" truecount="1" falsecount="0"/>
        <line num="8" count="15" type="stmt"/>
        <line num="9" count="15" type="stmt"/>
      </file>
    </package>
    <package name="src.decorators.transforms">
      <metrics statements="4" coveredstatements="4" conditionals="0" coveredconditionals="0" methods="6" coveredmethods="2"/>
      <file name="DefaultTransforms.ts" path="C:\Users\Артемий\Documents\Рабочий стол 2.0\My projects\ModularORM\src\decorators\transforms\DefaultTransforms.ts">
        <metrics statements="4" coveredstatements="4" conditionals="0" coveredconditionals="0" methods="6" coveredmethods="2"/>
        <line num="1" count="7" type="stmt"/>
        <line num="3" count="15" type="stmt"/>
        <line num="5" count="7" type="stmt"/>
        <line num="7" count="7" type="stmt"/>
      </file>
    </package>
    <package name="src.decorators.validators">
      <metrics statements="63" coveredstatements="25" conditionals="38" coveredconditionals="0" methods="29" coveredmethods="0"/>
      <file name="Validators.ts" path="C:\Users\Артемий\Documents\Рабочий стол 2.0\My projects\ModularORM\src\decorators\validators\Validators.ts">
        <metrics statements="63" coveredstatements="25" conditionals="38" coveredconditionals="0" methods="29" coveredmethods="0"/>
        <line num="1" count="7" type="stmt"/>
        <line num="8" count="7" type="stmt"/>
        <line num="9" count="0" type="cond" truecount="0" falsecount="2"/>
        <line num="17" count="7" type="stmt"/>
        <line num="18" count="0" type="cond" truecount="0" falsecount="4"/>
        <line num="26" count="7" type="stmt"/>
        <line num="27" count="0" type="cond" truecount="0" falsecount="3"/>
        <line num="35" count="7" type="stmt"/>
        <line num="36" count="0" type="stmt"/>
        <line num="44" count="7" type="stmt"/>
        <line num="45" count="0" type="stmt"/>
        <line num="53" count="7" type="stmt"/>
        <line num="54" count="0" type="stmt"/>
        <line num="62" count="7" type="stmt"/>
        <line num="63" count="0" type="cond" truecount="0" falsecount="4"/>
        <line num="71" count="7" type="stmt"/>
        <line num="72" count="0" type="cond" truecount="0" falsecount="2"/>
        <line num="80" count="7" type="stmt"/>
        <line num="81" count="0" type="cond" truecount="0" falsecount="2"/>
        <line num="89" count="7" type="stmt"/>
        <line num="90" count="0" type="cond" truecount="0" falsecount="2"/>
        <line num="98" count="7" type="stmt"/>
        <line num="99" count="0" type="stmt"/>
        <line num="108" count="7" type="stmt"/>
        <line num="109" count="0" type="stmt"/>
        <line num="118" count="7" type="stmt"/>
        <line num="121" count="0" type="cond" truecount="0" falsecount="2"/>
        <line num="122" count="0" type="cond" truecount="0" falsecount="2"/>
        <line num="123" count="0" type="stmt"/>
        <line num="125" count="0" type="cond" truecount="0" falsecount="1"/>
        <line num="127" count="0" type="stmt"/>
        <line num="136" count="7" type="stmt"/>
        <line num="139" count="0" type="cond" truecount="0" falsecount="2"/>
        <line num="140" count="0" type="cond" truecount="0" falsecount="2"/>
        <line num="141" count="0" type="stmt"/>
        <line num="143" count="0" type="cond" truecount="0" falsecount="1"/>
        <line num="145" count="0" type="stmt"/>
        <line num="153" count="7" type="stmt"/>
        <line num="154" count="0" type="cond" truecount="0" falsecount="2"/>
        <line num="162" count="7" type="stmt"/>
        <line num="163" count="0" type="cond" truecount="0" falsecount="2"/>
        <line num="172" count="7" type="stmt"/>
        <line num="173" count="0" type="stmt"/>
        <line num="182" count="7" type="stmt"/>
        <line num="183" count="0" type="stmt"/>
        <line num="191" count="7" type="stmt"/>
        <line num="192" count="0" type="cond" truecount="0" falsecount="1"/>
        <line num="193" count="0" type="stmt"/>
        <line num="201" count="7" type="stmt"/>
        <line num="202" count="0" type="cond" truecount="0" falsecount="1"/>
        <line num="203" count="0" type="stmt"/>
        <line num="211" count="7" type="stmt"/>
        <line num="212" count="0" type="cond" truecount="0" falsecount="1"/>
        <line num="213" count="0" type="stmt"/>
        <line num="221" count="7" type="stmt"/>
        <line num="222" count="0" type="cond" truecount="0" falsecount="1"/>
        <line num="223" count="0" type="stmt"/>
        <line num="231" count="7" type="stmt"/>
        <line num="232" count="0" type="stmt"/>
        <line num="240" count="7" type="stmt"/>
        <line num="241" count="0" type="cond" truecount="0" falsecount="1"/>
        <line num="242" count="0" type="stmt"/>
        <line num="243" count="0" type="stmt"/>
      </file>
    </package>
    <package name="src.decorators.validators.factory">
      <metrics statements="7" coveredstatements="3" conditionals="1" coveredconditionals="0" methods="2" coveredmethods="1"/>
      <file name="ValidatorFactory.ts" path="C:\Users\Артемий\Documents\Рабочий стол 2.0\My projects\ModularORM\src\decorators\validators\factory\ValidatorFactory.ts">
        <metrics statements="7" coveredstatements="3" conditionals="1" coveredconditionals="0" methods="2" coveredmethods="1"/>
        <line num="1" count="7" type="stmt"/>
        <line num="3" count="7" type="stmt"/>
        <line num="6" count="133" type="stmt"/>
        <line num="7" count="0" type="stmt"/>
        <line num="8" count="0" type="cond" truecount="0" falsecount="1"/>
        <line num="9" count="0" type="stmt"/>
        <line num="10" count="0" type="stmt"/>
      </file>
    </package>
    <package name="src.enums">
      <metrics statements="3" coveredstatements="3" conditionals="2" coveredconditionals="2" methods="1" coveredmethods="1"/>
      <file name="QueryExecuteType.ts" path="C:\Users\Артемий\Documents\Рабочий стол 2.0\My projects\ModularORM\src\enums\QueryExecuteType.ts">
        <metrics statements="3" coveredstatements="3" conditionals="2" coveredconditionals="2" methods="1" coveredmethods="1"/>
        <line num="1" count="7" type="cond" truecount="2" falsecount="0"/>
        <line num="2" count="7" type="stmt"/>
        <line num="3" count="7" type="stmt"/>
      </file>
    </package>
    <package name="src.namespaces">
      <metrics statements="28" coveredstatements="28" conditionals="4" coveredconditionals="4" methods="2" coveredmethods="2"/>
      <file name="DefaultColumn.ts" path="C:\Users\Артемий\Documents\Рабочий стол 2.0\My projects\ModularORM\src\namespaces\DefaultColumn.ts">
        <metrics statements="12" coveredstatements="12" conditionals="2" coveredconditionals="2" methods="1" coveredmethods="1"/>
        <line num="2" count="7" type="stmt"/>
        <line num="4" count="7" type="cond" truecount="2" falsecount="0"/>
        <line num="9" count="7" type="stmt"/>
        <line num="17" count="7" type="stmt"/>
        <line num="26" count="7" type="stmt"/>
        <line num="34" count="7" type="stmt"/>
        <line num="42" count="7" type="stmt"/>
        <line num="51" count="7" type="stmt"/>
        <line num="60" count="7" type="stmt"/>
        <line num="68" count="7" type="stmt"/>
        <line num="76" count="7" type="stmt"/>
        <line num="84" count="7" type="stmt"/>
      </file>
      <file name="System.ts" path="C:\Users\Артемий\Documents\Рабочий стол 2.0\My projects\ModularORM\src\namespaces\System.ts">
        <metrics statements="16" coveredstatements="16" conditionals="2" coveredconditionals="2" methods="1" coveredmethods="1"/>
        <line num="7" count="7" type="cond" truecount="2" falsecount="0"/>
        <line num="9" count="7" type="stmt"/>
        <line num="10" count="7" type="stmt"/>
        <line num="11" count="7" type="stmt"/>
        <line num="12" count="7" type="stmt"/>
        <line num="20" count="7" type="stmt"/>
        <line num="21" count="7" type="stmt"/>
        <line num="23" count="7" type="stmt"/>
        <line num="24" count="7" type="stmt"/>
        <line num="25" count="7" type="stmt"/>
        <line num="26" count="7" type="stmt"/>
        <line num="27" count="7" type="stmt"/>
        <line num="28" count="7" type="stmt"/>
        <line num="30" count="7" type="stmt"/>
        <line num="31" count="7" type="stmt"/>
        <line num="32" count="7" type="stmt"/>
      </file>
    </package>
    <package name="test">
      <metrics statements="22" coveredstatements="22" conditionals="1" coveredconditionals="1" methods="1" coveredmethods="1"/>
      <file name="setup.orm.ts" path="C:\Users\Артемий\Documents\Рабочий стол 2.0\My projects\ModularORM\test\setup.orm.ts">
        <metrics statements="22" coveredstatements="22" conditionals="1" coveredconditionals="1" methods="1" coveredmethods="1"/>
        <line num="1" count="7" type="stmt"/>
        <line num="2" count="7" type="stmt"/>
        <line num="3" count="7" type="stmt"/>
        <line num="4" count="7" type="stmt"/>
        <line num="5" count="7" type="stmt"/>
        <line num="6" count="7" type="stmt"/>
        <line num="7" count="7" type="stmt"/>
        <line num="8" count="7" type="stmt"/>
        <line num="9" count="7" type="stmt"/>
        <line num="11" count="7" type="stmt"/>
        <line num="13" count="7" type="stmt"/>
        <line num="14" count="14" type="stmt"/>
        <line num="15" count="14" type="stmt"/>
        <line num="16" count="14" type="stmt"/>
        <line num="17" count="14" type="stmt"/>
        <line num="18" count="14" type="stmt"/>
        <line num="19" count="14" type="stmt"/>
        <line num="20" count="14" type="stmt"/>
        <line num="21" count="14" type="stmt"/>
        <line num="23" count="14" type="cond" truecount="1" falsecount="0"/>
        <line num="24" count="7" type="stmt"/>
        <line num="33" count="7" type="stmt"/>
      </file>
    </package>
    <package name="test.setup">
      <metrics statements="65" coveredstatements="65" conditionals="0" coveredconditionals="0" methods="13" coveredmethods="11"/>
      <file name="Comments.ts" path="C:\Users\Артемий\Documents\Рабочий стол 2.0\My projects\ModularORM\test\setup\Comments.ts">
        <metrics statements="7" coveredstatements="7" conditionals="0" coveredconditionals="0" methods="2" coveredmethods="1"/>
        <line num="1" count="7" type="stmt"/>
        <line num="13" count="7" type="stmt"/>
        <line num="17" count="7" type="stmt"/>
        <line num="20" count="7" type="stmt"/>
        <line num="23" count="7" type="stmt"/>
        <line num="25" count="7" type="stmt"/>
        <line num="26" count="7" type="stmt"/>
      </file>
      <file name="Courses.ts" path="C:\Users\Артемий\Documents\Рабочий стол 2.0\My projects\ModularORM\test\setup\Courses.ts">
        <metrics statements="7" coveredstatements="7" conditionals="0" coveredconditionals="0" methods="2" coveredmethods="2"/>
        <line num="1" count="7" type="stmt"/>
        <line num="2" count="7" type="stmt"/>
        <line num="6" count="7" type="stmt"/>
        <line num="9" count="7" type="stmt"/>
        <line num="12" count="7" type="stmt"/>
        <line num="14" count="39" type="stmt"/>
        <line num="15" count="7" type="stmt"/>
      </file>
      <file name="Logs.ts" path="C:\Users\Артемий\Documents\Рабочий стол 2.0\My projects\ModularORM\test\setup\Logs.ts">
        <metrics statements="5" coveredstatements="5" conditionals="0" coveredconditionals="0" methods="0" coveredmethods="0"/>
        <line num="1" count="7" type="stmt"/>
        <line num="6" count="7" type="stmt"/>
        <line num="9" count="7" type="stmt"/>
        <line num="12" count="7" type="stmt"/>
        <line num="15" count="7" type="stmt"/>
      </file>
      <file name="Members.ts" path="C:\Users\Артемий\Documents\Рабочий стол 2.0\My projects\ModularORM\test\setup\Members.ts">
        <metrics statements="10" coveredstatements="10" conditionals="0" coveredconditionals="0" methods="3" coveredmethods="3"/>
        <line num="1" count="7" type="stmt"/>
        <line num="2" count="7" type="stmt"/>
        <line num="6" count="7" type="stmt"/>
        <line num="9" count="7" type="stmt"/>
        <line num="12" count="7" type="stmt"/>
        <line num="16" count="7" type="stmt"/>
        <line num="19" count="7" type="stmt"/>
        <line num="23" count="7" type="stmt"/>
        <line num="25" count="4" type="stmt"/>
        <line num="26" count="7" type="stmt"/>
      </file>
      <file name="Posts.ts" path="C:\Users\Артемий\Documents\Рабочий стол 2.0\My projects\ModularORM\test\setup\Posts.ts">
        <metrics statements="7" coveredstatements="7" conditionals="0" coveredconditionals="0" methods="2" coveredmethods="2"/>
        <line num="1" count="7" type="stmt"/>
        <line num="2" count="7" type="stmt"/>
        <line num="6" count="7" type="stmt"/>
        <line num="9" count="7" type="stmt"/>
        <line num="12" count="7" type="stmt"/>
        <line num="14" count="4" type="stmt"/>
        <line num="15" count="7" type="stmt"/>
      </file>
      <file name="Ranks.ts" path="C:\Users\Артемий\Documents\Рабочий стол 2.0\My projects\ModularORM\test\setup\Ranks.ts">
        <metrics statements="13" coveredstatements="13" conditionals="0" coveredconditionals="0" methods="2" coveredmethods="1"/>
        <line num="1" count="7" type="stmt"/>
        <line num="2" count="7" type="stmt"/>
        <line num="6" count="7" type="stmt"/>
        <line num="9" count="7" type="stmt"/>
        <line num="12" count="7" type="stmt"/>
        <line num="15" count="7" type="stmt"/>
        <line num="17" count="7" type="stmt"/>
        <line num="18" count="7" type="stmt"/>
        <line num="22" count="7" type="stmt"/>
        <line num="25" count="7" type="stmt"/>
        <line num="28" count="7" type="stmt"/>
        <line num="31" count="7" type="stmt"/>
        <line num="34" count="7" type="stmt"/>
      </file>
      <file name="Students.ts" path="C:\Users\Артемий\Documents\Рабочий стол 2.0\My projects\ModularORM\test\setup\Students.ts">
        <metrics statements="7" coveredstatements="7" conditionals="0" coveredconditionals="0" methods="2" coveredmethods="2"/>
        <line num="1" count="7" type="stmt"/>
        <line num="2" count="7" type="stmt"/>
        <line num="6" count="7" type="stmt"/>
        <line num="9" count="7" type="stmt"/>
        <line num="12" count="7" type="stmt"/>
        <line num="14" count="37" type="stmt"/>
        <line num="16" count="7" type="stmt"/>
      </file>
      <file name="Users.ts" path="C:\Users\Артемий\Documents\Рабочий стол 2.0\My projects\ModularORM\test\setup\Users.ts">
        <metrics statements="9" coveredstatements="9" conditionals="0" coveredconditionals="0" methods="0" coveredmethods="0"/>
        <line num="1" count="7" type="stmt"/>
        <line num="5" count="7" type="stmt"/>
        <line num="8" count="7" type="stmt"/>
        <line num="11" count="7" type="stmt"/>
        <line num="14" count="7" type="stmt"/>
        <line num="18" count="7" type="stmt"/>
        <line num="21" count="7" type="stmt"/>
        <line num="24" count="7" type="stmt"/>
        <line num="28" count="7" type="stmt"/>
      </file>
    </package>
  </project>
</coverage>
