{"C:\\Users\\Артемий\\Documents\\Рабочий стол 2.0\\My projects\\ModularORM\\src\\index.ts": {"path":"C:\\Users\\Артемий\\Documents\\Рабочий стол 2.0\\My projects\\ModularORM\\src\\index.ts","statementMap":{"0":{"start":{"line":17,"column":0},"end":{"line":17,"column":29}},"1":{"start":{"line":20,"column":0},"end":{"line":20,"column":44}},"2":{"start":{"line":21,"column":0},"end":{"line":21,"column":42}},"3":{"start":{"line":24,"column":0},"end":{"line":24,"column":42}},"4":{"start":{"line":25,"column":0},"end":{"line":25,"column":43}},"5":{"start":{"line":26,"column":0},"end":{"line":26,"column":38}},"6":{"start":{"line":27,"column":0},"end":{"line":27,"column":42}},"7":{"start":{"line":28,"column":0},"end":{"line":28,"column":45}},"8":{"start":{"line":29,"column":0},"end":{"line":29,"column":45}},"9":{"start":{"line":30,"column":0},"end":{"line":30,"column":44}},"10":{"start":{"line":31,"column":0},"end":{"line":31,"column":43}},"11":{"start":{"line":32,"column":0},"end":{"line":32,"column":41}},"12":{"start":{"line":33,"column":0},"end":{"line":33,"column":45}},"13":{"start":{"line":34,"column":0},"end":{"line":34,"column":44}},"14":{"start":{"line":35,"column":0},"end":{"line":35,"column":47}},"15":{"start":{"line":36,"column":0},"end":{"line":36,"column":45}},"16":{"start":{"line":37,"column":0},"end":{"line":37,"column":44}},"17":{"start":{"line":38,"column":0},"end":{"line":38,"column":57}},"18":{"start":{"line":39,"column":0},"end":{"line":39,"column":41}},"19":{"start":{"line":40,"column":0},"end":{"line":40,"column":42}},"20":{"start":{"line":43,"column":0},"end":{"line":43,"column":46}},"21":{"start":{"line":46,"column":0},"end":{"line":46,"column":9}},"22":{"start":{"line":46,"column":9},"end":{"line":46,"column":28}},"23":{"start":{"line":46,"column":28},"end":{"line":46,"column":95}},"24":{"start":{"line":49,"column":0},"end":{"line":49,"column":36}},"25":{"start":{"line":50,"column":0},"end":{"line":50,"column":36}},"26":{"start":{"line":51,"column":0},"end":{"line":51,"column":35}},"27":{"start":{"line":52,"column":0},"end":{"line":52,"column":40}},"28":{"start":{"line":53,"column":0},"end":{"line":53,"column":42}},"29":{"start":{"line":54,"column":0},"end":{"line":54,"column":64}},"30":{"start":{"line":55,"column":0},"end":{"line":55,"column":50}},"31":{"start":{"line":56,"column":0},"end":{"line":56,"column":42}},"32":{"start":{"line":57,"column":0},"end":{"line":57,"column":49}},"33":{"start":{"line":58,"column":0},"end":{"line":58,"column":38}},"34":{"start":{"line":59,"column":0},"end":{"line":59,"column":52}},"35":{"start":{"line":60,"column":0},"end":{"line":60,"column":59}},"36":{"start":{"line":61,"column":0},"end":{"line":61,"column":57}},"37":{"start":{"line":62,"column":0},"end":{"line":62,"column":38}},"38":{"start":{"line":63,"column":0},"end":{"line":63,"column":39}},"39":{"start":{"line":64,"column":0},"end":{"line":64,"column":38}},"40":{"start":{"line":65,"column":0},"end":{"line":65,"column":38}},"41":{"start":{"line":66,"column":0},"end":{"line":66,"column":42}},"42":{"start":{"line":67,"column":0},"end":{"line":67,"column":45}},"43":{"start":{"line":70,"column":0},"end":{"line":70,"column":42}},"44":{"start":{"line":71,"column":0},"end":{"line":71,"column":44}},"45":{"start":{"line":72,"column":0},"end":{"line":72,"column":35}},"46":{"start":{"line":73,"column":0},"end":{"line":73,"column":46}},"47":{"start":{"line":74,"column":0},"end":{"line":74,"column":37}},"48":{"start":{"line":75,"column":0},"end":{"line":75,"column":40}},"49":{"start":{"line":76,"column":0},"end":{"line":76,"column":46}},"50":{"start":{"line":79,"column":0},"end":{"line":79,"column":36}},"51":{"start":{"line":80,"column":0},"end":{"line":80,"column":31}},"52":{"start":{"line":81,"column":0},"end":{"line":81,"column":33}},"53":{"start":{"line":82,"column":0},"end":{"line":82,"column":40}},"54":{"start":{"line":83,"column":0},"end":{"line":83,"column":32}},"55":{"start":{"line":84,"column":0},"end":{"line":84,"column":35}},"56":{"start":{"line":85,"column":0},"end":{"line":85,"column":38}},"57":{"start":{"line":86,"column":0},"end":{"line":86,"column":39}},"58":{"start":{"line":87,"column":0},"end":{"line":87,"column":34}},"59":{"start":{"line":90,"column":0},"end":{"line":90,"column":42}},"60":{"start":{"line":93,"column":0},"end":{"line":93,"column":40}}},"fnMap":{"0":{"name":"(anonymous_4)","decl":{"start":{"line":46,"column":9},"end":{"line":46,"column":26}},"loc":{"start":{"line":46,"column":9},"end":{"line":46,"column":28}}},"1":{"name":"(anonymous_5)","decl":{"start":{"line":46,"column":28},"end":{"line":46,"column":51}},"loc":{"start":{"line":46,"column":28},"end":{"line":46,"column":95}}}},"branchMap":{},"s":{"0":7,"1":7,"2":7,"3":7,"4":7,"5":7,"6":7,"7":7,"8":7,"9":7,"10":7,"11":7,"12":7,"13":7,"14":7,"15":7,"16":7,"17":7,"18":7,"19":7,"20":7,"21":7,"22":7,"23":7,"24":7,"25":7,"26":7,"27":7,"28":7,"29":7,"30":7,"31":7,"32":7,"33":7,"34":7,"35":7,"36":7,"37":7,"38":7,"39":7,"40":7,"41":7,"42":7,"43":7,"44":7,"45":7,"46":7,"47":7,"48":7,"49":7,"50":7,"51":7,"52":7,"53":7,"54":7,"55":7,"56":7,"57":7,"58":7,"59":7,"60":7},"f":{"0":0,"1":0},"b":{}}
,"C:\\Users\\Артемий\\Documents\\Рабочий стол 2.0\\My projects\\ModularORM\\src\\modularorm.ts": {"path":"C:\\Users\\Артемий\\Documents\\Рабочий стол 2.0\\My projects\\ModularORM\\src\\modularorm.ts","statementMap":{"0":{"start":{"line":3,"column":0},"end":{"line":3,"column":53}},"1":{"start":{"line":4,"column":0},"end":{"line":4,"column":55}},"2":{"start":{"line":5,"column":0},"end":{"line":5,"column":61}},"3":{"start":{"line":7,"column":0},"end":{"line":7,"column":49}},"4":{"start":{"line":8,"column":0},"end":{"line":8,"column":43}},"5":{"start":{"line":9,"column":0},"end":{"line":9,"column":43}},"6":{"start":{"line":73,"column":11},"end":{"line":73,"column":56}},"7":{"start":{"line":73,"column":37},"end":{"line":73,"column":55}},"8":{"start":{"line":24,"column":57},"end":{"line":24,"column":63}},"9":{"start":{"line":25,"column":8},"end":{"line":25,"column":56}},"10":{"start":{"line":34,"column":8},"end":{"line":35,"column":47}},"11":{"start":{"line":34,"column":66},"end":{"line":34,"column":126}},"12":{"start":{"line":35,"column":13},"end":{"line":35,"column":47}},"13":{"start":{"line":37,"column":8},"end":{"line":38,"column":35}},"14":{"start":{"line":37,"column":54},"end":{"line":37,"column":90}},"15":{"start":{"line":38,"column":13},"end":{"line":38,"column":35}},"16":{"start":{"line":40,"column":8},"end":{"line":41,"column":71}},"17":{"start":{"line":40,"column":46},"end":{"line":40,"column":75}},"18":{"start":{"line":41,"column":13},"end":{"line":41,"column":71}},"19":{"start":{"line":43,"column":8},"end":{"line":44,"column":87}},"20":{"start":{"line":43,"column":53},"end":{"line":43,"column":102}},"21":{"start":{"line":44,"column":13},"end":{"line":44,"column":87}},"22":{"start":{"line":46,"column":8},"end":{"line":47,"column":38}},"23":{"start":{"line":46,"column":58},"end":{"line":46,"column":102}},"24":{"start":{"line":47,"column":13},"end":{"line":47,"column":38}},"25":{"start":{"line":49,"column":8},"end":{"line":50,"column":61}},"26":{"start":{"line":49,"column":40},"end":{"line":49,"column":69}},"27":{"start":{"line":50,"column":13},"end":{"line":50,"column":61}},"28":{"start":{"line":52,"column":8},"end":{"line":53,"column":93}},"29":{"start":{"line":52,"column":56},"end":{"line":52,"column":99}},"30":{"start":{"line":53,"column":13},"end":{"line":53,"column":93}},"31":{"start":{"line":55,"column":8},"end":{"line":56,"column":69}},"32":{"start":{"line":55,"column":44},"end":{"line":55,"column":77}},"33":{"start":{"line":56,"column":13},"end":{"line":56,"column":69}},"34":{"start":{"line":58,"column":8},"end":{"line":59,"column":51}},"35":{"start":{"line":58,"column":71},"end":{"line":58,"column":140}},"36":{"start":{"line":59,"column":13},"end":{"line":59,"column":51}},"37":{"start":{"line":61,"column":8},"end":{"line":62,"column":48}},"38":{"start":{"line":61,"column":67},"end":{"line":61,"column":129}},"39":{"start":{"line":62,"column":13},"end":{"line":62,"column":48}},"40":{"start":{"line":64,"column":23},"end":{"line":64,"column":62}},"41":{"start":{"line":65,"column":8},"end":{"line":65,"column":48}},"42":{"start":{"line":67,"column":8},"end":{"line":67,"column":39}},"43":{"start":{"line":68,"column":8},"end":{"line":68,"column":42}},"44":{"start":{"line":69,"column":8},"end":{"line":69,"column":30}},"45":{"start":{"line":70,"column":8},"end":{"line":70,"column":84}},"46":{"start":{"line":70,"column":48},"end":{"line":70,"column":84}},"47":{"start":{"line":80,"column":8},"end":{"line":80,"column":61}},"48":{"start":{"line":80,"column":28},"end":{"line":80,"column":61}},"49":{"start":{"line":81,"column":8},"end":{"line":81,"column":29}},"50":{"start":{"line":16,"column":0},"end":{"line":16,"column":13}}},"fnMap":{"0":{"name":"(anonymous_0)","decl":{"start":{"line":21,"column":4},"end":{"line":21,"column":27}},"loc":{"start":{"line":21,"column":4},"end":{"line":21,"column":28}}},"1":{"name":"(anonymous_1)","decl":{"start":{"line":73,"column":24},"end":{"line":73,"column":34}},"loc":{"start":{"line":73,"column":37},"end":{"line":73,"column":55}}},"2":{"name":"(anonymous_2)","decl":{"start":{"line":23,"column":12},"end":{"line":23,"column":30}},"loc":{"start":{"line":23,"column":50},"end":{"line":26,"column":5}}},"3":{"name":"(anonymous_3)","decl":{"start":{"line":33,"column":11},"end":{"line":33,"column":16}},"loc":{"start":{"line":33,"column":50},"end":{"line":71,"column":5}}},"4":{"name":"(anonymous_4)","decl":{"start":{"line":79,"column":11},"end":{"line":79,"column":17}},"loc":{"start":{"line":79,"column":29},"end":{"line":82,"column":5}}}},"branchMap":{"0":{"loc":{"start":{"line":34,"column":8},"end":{"line":35,"column":47}},"type":"if","locations":[{"start":{"line":34,"column":8},"end":{"line":35,"column":47}},{"start":{"line":35,"column":13},"end":{"line":35,"column":47}}]},"1":{"loc":{"start":{"line":37,"column":8},"end":{"line":38,"column":35}},"type":"if","locations":[{"start":{"line":37,"column":8},"end":{"line":38,"column":35}},{"start":{"line":38,"column":13},"end":{"line":38,"column":35}}]},"2":{"loc":{"start":{"line":40,"column":8},"end":{"line":41,"column":71}},"type":"if","locations":[{"start":{"line":40,"column":8},"end":{"line":41,"column":71}},{"start":{"line":41,"column":13},"end":{"line":41,"column":71}}]},"3":{"loc":{"start":{"line":43,"column":8},"end":{"line":44,"column":87}},"type":"if","locations":[{"start":{"line":43,"column":8},"end":{"line":44,"column":87}},{"start":{"line":44,"column":13},"end":{"line":44,"column":87}}]},"4":{"loc":{"start":{"line":46,"column":8},"end":{"line":47,"column":38}},"type":"if","locations":[{"start":{"line":46,"column":8},"end":{"line":47,"column":38}},{"start":{"line":47,"column":13},"end":{"line":47,"column":38}}]},"5":{"loc":{"start":{"line":49,"column":8},"end":{"line":50,"column":61}},"type":"if","locations":[{"start":{"line":49,"column":8},"end":{"line":50,"column":61}},{"start":{"line":50,"column":13},"end":{"line":50,"column":61}}]},"6":{"loc":{"start":{"line":52,"column":8},"end":{"line":53,"column":93}},"type":"if","locations":[{"start":{"line":52,"column":8},"end":{"line":53,"column":93}},{"start":{"line":53,"column":13},"end":{"line":53,"column":93}}]},"7":{"loc":{"start":{"line":55,"column":8},"end":{"line":56,"column":69}},"type":"if","locations":[{"start":{"line":55,"column":8},"end":{"line":56,"column":69}},{"start":{"line":56,"column":13},"end":{"line":56,"column":69}}]},"8":{"loc":{"start":{"line":58,"column":8},"end":{"line":59,"column":51}},"type":"if","locations":[{"start":{"line":58,"column":8},"end":{"line":59,"column":51}},{"start":{"line":59,"column":13},"end":{"line":59,"column":51}}]},"9":{"loc":{"start":{"line":61,"column":8},"end":{"line":62,"column":48}},"type":"if","locations":[{"start":{"line":61,"column":8},"end":{"line":62,"column":48}},{"start":{"line":62,"column":13},"end":{"line":62,"column":48}}]},"10":{"loc":{"start":{"line":70,"column":8},"end":{"line":70,"column":84}},"type":"if","locations":[{"start":{"line":70,"column":8},"end":{"line":70,"column":84}}]},"11":{"loc":{"start":{"line":80,"column":8},"end":{"line":80,"column":61}},"type":"if","locations":[{"start":{"line":80,"column":8},"end":{"line":80,"column":61}}]}},"s":{"0":7,"1":7,"2":7,"3":7,"4":7,"5":7,"6":7,"7":0,"8":7,"9":7,"10":7,"11":0,"12":7,"13":7,"14":0,"15":7,"16":7,"17":7,"18":0,"19":7,"20":7,"21":0,"22":7,"23":7,"24":0,"25":7,"26":0,"27":7,"28":7,"29":7,"30":0,"31":7,"32":7,"33":0,"34":7,"35":0,"36":7,"37":7,"38":0,"39":7,"40":7,"41":7,"42":7,"43":7,"44":7,"45":7,"46":0,"47":7,"48":7,"49":7,"50":7},"f":{"0":7,"1":0,"2":7,"3":7,"4":7},"b":{"0":[0,7],"1":[0,7],"2":[7,0],"3":[7,0],"4":[7,0],"5":[0,7],"6":[7,0],"7":[7,0],"8":[0,7],"9":[0,7],"10":[0],"11":[7]}}
,"C:\\Users\\Артемий\\Documents\\Рабочий стол 2.0\\My projects\\ModularORM\\src\\classes\\Logger.ts": {"path":"C:\\Users\\Артемий\\Documents\\Рабочий стол 2.0\\My projects\\ModularORM\\src\\classes\\Logger.ts","statementMap":{"0":{"start":{"line":1,"column":0},"end":{"line":1,"column":41}},"1":{"start":{"line":2,"column":0},"end":{"line":2,"column":26}},"2":{"start":{"line":7,"column":8},"end":{"line":7,"column":null}},"3":{"start":{"line":7,"column":27},"end":{"line":7,"column":null}},"4":{"start":{"line":11,"column":8},"end":{"line":11,"column":null}},"5":{"start":{"line":15,"column":8},"end":{"line":15,"column":null}},"6":{"start":{"line":4,"column":0},"end":{"line":4,"column":13}}},"fnMap":{"0":{"name":"(anonymous_1)","decl":{"start":{"line":6,"column":11},"end":{"line":6,"column":17}},"loc":{"start":{"line":6,"column":38},"end":{"line":8,"column":5}}},"1":{"name":"(anonymous_2)","decl":{"start":{"line":10,"column":11},"end":{"line":10,"column":17}},"loc":{"start":{"line":10,"column":39},"end":{"line":12,"column":5}}},"2":{"name":"(anonymous_3)","decl":{"start":{"line":14,"column":11},"end":{"line":14,"column":17}},"loc":{"start":{"line":14,"column":38},"end":{"line":16,"column":5}}}},"branchMap":{"0":{"loc":{"start":{"line":7,"column":8},"end":{"line":7,"column":null}},"type":"if","locations":[{"start":{"line":7,"column":8},"end":{"line":7,"column":null}}]}},"s":{"0":7,"1":7,"2":222,"3":0,"4":0,"5":0,"6":7},"f":{"0":222,"1":0,"2":0},"b":{"0":[0]}}
,"C:\\Users\\Артемий\\Documents\\Рабочий стол 2.0\\My projects\\ModularORM\\src\\classes\\abstract\\BaseBuilder.ts": {"path":"C:\\Users\\Артемий\\Documents\\Рабочий стол 2.0\\My projects\\ModularORM\\src\\classes\\abstract\\BaseBuilder.ts","statementMap":{"0":{"start":{"line":1,"column":0},"end":{"line":1,"column":22}}},"fnMap":{},"branchMap":{},"s":{"0":7},"f":{},"b":{}}
,"C:\\Users\\Артемий\\Documents\\Рабочий стол 2.0\\My projects\\ModularORM\\src\\classes\\abstract\\BaseEnumClass.ts": {"path":"C:\\Users\\Артемий\\Documents\\Рабочий стол 2.0\\My projects\\ModularORM\\src\\classes\\abstract\\BaseEnumClass.ts","statementMap":{"0":{"start":{"line":1,"column":0},"end":{"line":1,"column":22}}},"fnMap":{},"branchMap":{},"s":{"0":7},"f":{},"b":{}}
,"C:\\Users\\Артемий\\Documents\\Рабочий стол 2.0\\My projects\\ModularORM\\src\\classes\\abstract\\Database.ts": {"path":"C:\\Users\\Артемий\\Documents\\Рабочий стол 2.0\\My projects\\ModularORM\\src\\classes\\abstract\\Database.ts","statementMap":{"0":{"start":{"line":2,"column":0},"end":{"line":2,"column":78}},"1":{"start":{"line":4,"column":0},"end":{"line":4,"column":47}},"2":{"start":{"line":5,"column":0},"end":{"line":5,"column":33}},"3":{"start":{"line":6,"column":0},"end":{"line":6,"column":26}},"4":{"start":{"line":7,"column":0},"end":{"line":7,"column":42}},"5":{"start":{"line":8,"column":0},"end":{"line":8,"column":50}},"6":{"start":{"line":11,"column":0},"end":{"line":11,"column":47}},"7":{"start":{"line":12,"column":0},"end":{"line":12,"column":46}},"8":{"start":{"line":13,"column":0},"end":{"line":13,"column":53}},"9":{"start":{"line":15,"column":0},"end":{"line":15,"column":56}},"10":{"start":{"line":16,"column":0},"end":{"line":16,"column":64}},"11":{"start":{"line":28,"column":8},"end":{"line":28,"column":49}},"12":{"start":{"line":29,"column":8},"end":{"line":36,"column":9}},"13":{"start":{"line":30,"column":12},"end":{"line":33,"column":null}},"14":{"start":{"line":30,"column":34},"end":{"line":33,"column":null}},"15":{"start":{"line":34,"column":15},"end":{"line":36,"column":9}},"16":{"start":{"line":35,"column":12},"end":{"line":35,"column":null}},"17":{"start":{"line":35,"column":34},"end":{"line":35,"column":null}},"18":{"start":{"line":40,"column":24},"end":{"line":40,"column":68}},"19":{"start":{"line":41,"column":35},"end":{"line":41,"column":37}},"20":{"start":{"line":42,"column":41},"end":{"line":42,"column":43}},"21":{"start":{"line":44,"column":27},"end":{"line":88,"column":21}},"22":{"start":{"line":45,"column":44},"end":{"line":45,"column":50}},"23":{"start":{"line":46,"column":28},"end":{"line":46,"column":68}},"24":{"start":{"line":48,"column":12},"end":{"line":50,"column":13}},"25":{"start":{"line":49,"column":16},"end":{"line":49,"column":59}},"26":{"start":{"line":52,"column":12},"end":{"line":54,"column":13}},"27":{"start":{"line":53,"column":16},"end":{"line":53,"column":41}},"28":{"start":{"line":56,"column":12},"end":{"line":60,"column":13}},"29":{"start":{"line":57,"column":16},"end":{"line":59,"column":70}},"30":{"start":{"line":57,"column":65},"end":{"line":57,"column":117}},"31":{"start":{"line":58,"column":21},"end":{"line":59,"column":70}},"32":{"start":{"line":58,"column":67},"end":{"line":58,"column":null}},"33":{"start":{"line":59,"column":21},"end":{"line":59,"column":70}},"34":{"start":{"line":62,"column":12},"end":{"line":64,"column":13}},"35":{"start":{"line":63,"column":16},"end":{"line":63,"column":null}},"36":{"start":{"line":66,"column":12},"end":{"line":68,"column":13}},"37":{"start":{"line":67,"column":16},"end":{"line":67,"column":79}},"38":{"start":{"line":70,"column":12},"end":{"line":73,"column":13}},"39":{"start":{"line":71,"column":16},"end":{"line":72,"column":null}},"40":{"start":{"line":71,"column":61},"end":{"line":71,"column":null}},"41":{"start":{"line":72,"column":21},"end":{"line":72,"column":null}},"42":{"start":{"line":75,"column":12},"end":{"line":77,"column":13}},"43":{"start":{"line":76,"column":16},"end":{"line":76,"column":null}},"44":{"start":{"line":79,"column":12},"end":{"line":85,"column":13}},"45":{"start":{"line":80,"column":16},"end":{"line":84,"column":18}},"46":{"start":{"line":87,"column":12},"end":{"line":87,"column":29}},"47":{"start":{"line":90,"column":27},"end":{"line":90,"column":47}},"48":{"start":{"line":92,"column":8},"end":{"line":94,"column":9}},"49":{"start":{"line":93,"column":12},"end":{"line":93,"column":null}},"50":{"start":{"line":96,"column":28},"end":{"line":98,"column":16}},"51":{"start":{"line":99,"column":24},"end":{"line":99,"column":77}},"52":{"start":{"line":101,"column":29},"end":{"line":101,"column":82}},"53":{"start":{"line":102,"column":31},"end":{"line":102,"column":86}},"54":{"start":{"line":103,"column":28},"end":{"line":103,"column":86}},"55":{"start":{"line":105,"column":8},"end":{"line":105,"column":null}},"56":{"start":{"line":105,"column":53},"end":{"line":105,"column":null}},"57":{"start":{"line":107,"column":31},"end":{"line":107,"column":159}},"58":{"start":{"line":108,"column":8},"end":{"line":108,"column":null}},"59":{"start":{"line":109,"column":8},"end":{"line":109,"column":null}},"60":{"start":{"line":110,"column":8},"end":{"line":116,"column":null}},"61":{"start":{"line":118,"column":8},"end":{"line":118,"column":48}},"62":{"start":{"line":122,"column":8},"end":{"line":137,"column":9}},"63":{"start":{"line":123,"column":50},"end":{"line":123,"column":128}},"64":{"start":{"line":123,"column":94},"end":{"line":123,"column":127}},"65":{"start":{"line":124,"column":12},"end":{"line":124,"column":null}},"66":{"start":{"line":124,"column":25},"end":{"line":124,"column":null}},"67":{"start":{"line":125,"column":34},"end":{"line":125,"column":142}},"68":{"start":{"line":125,"column":78},"end":{"line":125,"column":141}},"69":{"start":{"line":126,"column":12},"end":{"line":126,"column":null}},"70":{"start":{"line":126,"column":32},"end":{"line":126,"column":null}},"71":{"start":{"line":127,"column":45},"end":{"line":127,"column":93}},"72":{"start":{"line":128,"column":52},"end":{"line":128,"column":107}},"73":{"start":{"line":129,"column":39},"end":{"line":129,"column":95}},"74":{"start":{"line":131,"column":37},"end":{"line":131,"column":97}},"75":{"start":{"line":132,"column":44},"end":{"line":132,"column":111}},"76":{"start":{"line":133,"column":12},"end":{"line":133,"column":126}},"77":{"start":{"line":133,"column":63},"end":{"line":133,"column":126}},"78":{"start":{"line":134,"column":38},"end":{"line":134,"column":82}},"79":{"start":{"line":136,"column":12},"end":{"line":136,"column":null}},"80":{"start":{"line":141,"column":8},"end":{"line":147,"column":9}},"81":{"start":{"line":142,"column":28},"end":{"line":142,"column":74}},"82":{"start":{"line":143,"column":51},"end":{"line":143,"column":128}},"83":{"start":{"line":143,"column":81},"end":{"line":143,"column":114}},"84":{"start":{"line":144,"column":12},"end":{"line":144,"column":null}},"85":{"start":{"line":144,"column":29},"end":{"line":144,"column":null}},"86":{"start":{"line":145,"column":30},"end":{"line":145,"column":74}},"87":{"start":{"line":146,"column":12},"end":{"line":146,"column":null}},"88":{"start":{"line":149,"column":8},"end":{"line":151,"column":9}},"89":{"start":{"line":150,"column":12},"end":{"line":150,"column":null}},"90":{"start":{"line":154,"column":22},"end":{"line":154,"column":63}},"91":{"start":{"line":156,"column":30},"end":{"line":167,"column":10}},"92":{"start":{"line":157,"column":27},"end":{"line":157,"column":41}},"93":{"start":{"line":158,"column":27},"end":{"line":158,"column":41}},"94":{"start":{"line":160,"column":31},"end":{"line":160,"column":61}},"95":{"start":{"line":161,"column":31},"end":{"line":161,"column":61}},"96":{"start":{"line":163,"column":30},"end":{"line":163,"column":73}},"97":{"start":{"line":164,"column":30},"end":{"line":164,"column":73}},"98":{"start":{"line":166,"column":12},"end":{"line":166,"column":41}},"99":{"start":{"line":169,"column":45},"end":{"line":169,"column":49}},"100":{"start":{"line":170,"column":8},"end":{"line":173,"column":9}},"101":{"start":{"line":171,"column":35},"end":{"line":171,"column":162}},"102":{"start":{"line":172,"column":12},"end":{"line":172,"column":77}},"103":{"start":{"line":172,"column":61},"end":{"line":172,"column":75}},"104":{"start":{"line":175,"column":8},"end":{"line":190,"column":9}},"105":{"start":{"line":176,"column":26},"end":{"line":176,"column":44}},"106":{"start":{"line":177,"column":30},"end":{"line":177,"column":58}},"107":{"start":{"line":179,"column":12},"end":{"line":179,"column":74}},"108":{"start":{"line":179,"column":66},"end":{"line":179,"column":74}},"109":{"start":{"line":181,"column":12},"end":{"line":189,"column":13}},"110":{"start":{"line":182,"column":34},"end":{"line":182,"column":44}},"111":{"start":{"line":183,"column":16},"end":{"line":183,"column":51}},"112":{"start":{"line":184,"column":32},"end":{"line":184,"column":42}},"113":{"start":{"line":185,"column":33},"end":{"line":185,"column":52}},"114":{"start":{"line":186,"column":16},"end":{"line":186,"column":null}},"115":{"start":{"line":188,"column":16},"end":{"line":188,"column":null}},"116":{"start":{"line":192,"column":8},"end":{"line":192,"column":36}},"117":{"start":{"line":19,"column":0},"end":{"line":19,"column":22}},"118":{"start":{"line":21,"column":18},"end":{"line":21,"column":63}}},"fnMap":{"0":{"name":"(anonymous_1)","decl":{"start":{"line":25,"column":4},"end":{"line":25,"column":29}},"loc":{"start":{"line":25,"column":4},"end":{"line":25,"column":30}}},"1":{"name":"(anonymous_2)","decl":{"start":{"line":27,"column":11},"end":{"line":27,"column":17}},"loc":{"start":{"line":27,"column":54},"end":{"line":37,"column":5}}},"2":{"name":"(anonymous_3)","decl":{"start":{"line":39,"column":12},"end":{"line":39,"column":18}},"loc":{"start":{"line":39,"column":90},"end":{"line":119,"column":5}}},"3":{"name":"(anonymous_4)","decl":{"start":{"line":44,"column":39},"end":{"line":44,"column":40}},"loc":{"start":{"line":44,"column":55},"end":{"line":88,"column":9}}},"4":{"name":"(anonymous_5)","decl":{"start":{"line":121,"column":12},"end":{"line":121,"column":18}},"loc":{"start":{"line":121,"column":39},"end":{"line":138,"column":5}}},"5":{"name":"(anonymous_6)","decl":{"start":{"line":123,"column":87},"end":{"line":123,"column":90}},"loc":{"start":{"line":123,"column":94},"end":{"line":123,"column":127}}},"6":{"name":"(anonymous_7)","decl":{"start":{"line":125,"column":71},"end":{"line":125,"column":74}},"loc":{"start":{"line":125,"column":78},"end":{"line":125,"column":141}}},"7":{"name":"(anonymous_8)","decl":{"start":{"line":140,"column":11},"end":{"line":140,"column":17}},"loc":{"start":{"line":140,"column":28},"end":{"line":193,"column":5}}},"8":{"name":"(anonymous_9)","decl":{"start":{"line":143,"column":74},"end":{"line":143,"column":77}},"loc":{"start":{"line":143,"column":81},"end":{"line":143,"column":114}}},"9":{"name":"(anonymous_10)","decl":{"start":{"line":156,"column":60},"end":{"line":156,"column":61}},"loc":{"start":{"line":156,"column":69},"end":{"line":167,"column":9}}},"10":{"name":"(anonymous_11)","decl":{"start":{"line":172,"column":47},"end":{"line":172,"column":48}},"loc":{"start":{"line":172,"column":61},"end":{"line":172,"column":75}}}},"branchMap":{"0":{"loc":{"start":{"line":29,"column":8},"end":{"line":36,"column":9}},"type":"if","locations":[{"start":{"line":29,"column":8},"end":{"line":36,"column":9}},{"start":{"line":34,"column":15},"end":{"line":36,"column":9}}]},"1":{"loc":{"start":{"line":30,"column":12},"end":{"line":33,"column":null}},"type":"if","locations":[{"start":{"line":30,"column":12},"end":{"line":33,"column":null}}]},"2":{"loc":{"start":{"line":34,"column":15},"end":{"line":36,"column":9}},"type":"if","locations":[{"start":{"line":34,"column":15},"end":{"line":36,"column":9}}]},"3":{"loc":{"start":{"line":35,"column":12},"end":{"line":35,"column":null}},"type":"if","locations":[{"start":{"line":35,"column":12},"end":{"line":35,"column":null}}]},"4":{"loc":{"start":{"line":40,"column":24},"end":{"line":40,"column":68}},"type":"binary-expr","locations":[{"start":{"line":40,"column":24},"end":{"line":40,"column":62}},{"start":{"line":40,"column":66},"end":{"line":40,"column":68}}]},"5":{"loc":{"start":{"line":48,"column":12},"end":{"line":50,"column":13}},"type":"if","locations":[{"start":{"line":48,"column":12},"end":{"line":50,"column":13}}]},"6":{"loc":{"start":{"line":52,"column":12},"end":{"line":54,"column":13}},"type":"if","locations":[{"start":{"line":52,"column":12},"end":{"line":54,"column":13}}]},"7":{"loc":{"start":{"line":56,"column":12},"end":{"line":60,"column":13}},"type":"if","locations":[{"start":{"line":56,"column":12},"end":{"line":60,"column":13}}]},"8":{"loc":{"start":{"line":57,"column":16},"end":{"line":59,"column":70}},"type":"if","locations":[{"start":{"line":57,"column":16},"end":{"line":59,"column":70}},{"start":{"line":58,"column":21},"end":{"line":59,"column":70}}]},"9":{"loc":{"start":{"line":58,"column":21},"end":{"line":59,"column":70}},"type":"if","locations":[{"start":{"line":58,"column":21},"end":{"line":59,"column":70}},{"start":{"line":59,"column":21},"end":{"line":59,"column":70}}]},"10":{"loc":{"start":{"line":62,"column":12},"end":{"line":64,"column":13}},"type":"if","locations":[{"start":{"line":62,"column":12},"end":{"line":64,"column":13}}]},"11":{"loc":{"start":{"line":66,"column":12},"end":{"line":68,"column":13}},"type":"if","locations":[{"start":{"line":66,"column":12},"end":{"line":68,"column":13}}]},"12":{"loc":{"start":{"line":70,"column":12},"end":{"line":73,"column":13}},"type":"if","locations":[{"start":{"line":70,"column":12},"end":{"line":73,"column":13}}]},"13":{"loc":{"start":{"line":71,"column":16},"end":{"line":72,"column":null}},"type":"if","locations":[{"start":{"line":71,"column":16},"end":{"line":72,"column":null}},{"start":{"line":72,"column":21},"end":{"line":72,"column":null}}]},"14":{"loc":{"start":{"line":75,"column":12},"end":{"line":77,"column":13}},"type":"if","locations":[{"start":{"line":75,"column":12},"end":{"line":77,"column":13}}]},"15":{"loc":{"start":{"line":79,"column":12},"end":{"line":85,"column":13}},"type":"if","locations":[{"start":{"line":79,"column":12},"end":{"line":85,"column":13}}]},"16":{"loc":{"start":{"line":82,"column":21},"end":{"line":82,"column":89}},"type":"cond-expr","locations":[{"start":{"line":82,"column":46},"end":{"line":82,"column":84}},{"start":{"line":82,"column":87},"end":{"line":82,"column":89}}]},"17":{"loc":{"start":{"line":83,"column":21},"end":{"line":83,"column":89}},"type":"cond-expr","locations":[{"start":{"line":83,"column":46},"end":{"line":83,"column":84}},{"start":{"line":83,"column":87},"end":{"line":83,"column":89}}]},"18":{"loc":{"start":{"line":92,"column":8},"end":{"line":94,"column":9}},"type":"if","locations":[{"start":{"line":92,"column":8},"end":{"line":94,"column":9}}]},"19":{"loc":{"start":{"line":96,"column":28},"end":{"line":98,"column":16}},"type":"cond-expr","locations":[{"start":{"line":97,"column":14},"end":{"line":97,"column":46}},{"start":{"line":98,"column":14},"end":{"line":98,"column":16}}]},"20":{"loc":{"start":{"line":99,"column":24},"end":{"line":99,"column":77}},"type":"cond-expr","locations":[{"start":{"line":99,"column":46},"end":{"line":99,"column":72}},{"start":{"line":99,"column":75},"end":{"line":99,"column":77}}]},"21":{"loc":{"start":{"line":101,"column":29},"end":{"line":101,"column":82}},"type":"cond-expr","locations":[{"start":{"line":101,"column":47},"end":{"line":101,"column":77}},{"start":{"line":101,"column":80},"end":{"line":101,"column":82}}]},"22":{"loc":{"start":{"line":102,"column":31},"end":{"line":102,"column":86}},"type":"cond-expr","locations":[{"start":{"line":102,"column":51},"end":{"line":102,"column":81}},{"start":{"line":102,"column":84},"end":{"line":102,"column":86}}]},"23":{"loc":{"start":{"line":103,"column":28},"end":{"line":103,"column":86}},"type":"cond-expr","locations":[{"start":{"line":103,"column":48},"end":{"line":103,"column":81}},{"start":{"line":103,"column":84},"end":{"line":103,"column":86}}]},"24":{"loc":{"start":{"line":105,"column":8},"end":{"line":105,"column":null}},"type":"if","locations":[{"start":{"line":105,"column":8},"end":{"line":105,"column":null}}]},"25":{"loc":{"start":{"line":105,"column":12},"end":{"line":105,"column":51}},"type":"binary-expr","locations":[{"start":{"line":105,"column":12},"end":{"line":105,"column":30}},{"start":{"line":105,"column":34},"end":{"line":105,"column":51}}]},"26":{"loc":{"start":{"line":109,"column":46},"end":{"line":109,"column":67}},"type":"binary-expr","locations":[{"start":{"line":109,"column":46},"end":{"line":109,"column":62}},{"start":{"line":109,"column":66},"end":{"line":109,"column":67}}]},"27":{"loc":{"start":{"line":111,"column":22},"end":{"line":111,"column":43}},"type":"binary-expr","locations":[{"start":{"line":111,"column":22},"end":{"line":111,"column":38}},{"start":{"line":111,"column":42},"end":{"line":111,"column":43}}]},"28":{"loc":{"start":{"line":112,"column":21},"end":{"line":112,"column":42}},"type":"binary-expr","locations":[{"start":{"line":112,"column":21},"end":{"line":112,"column":36}},{"start":{"line":112,"column":40},"end":{"line":112,"column":42}}]},"29":{"loc":{"start":{"line":113,"column":23},"end":{"line":113,"column":54}},"type":"binary-expr","locations":[{"start":{"line":113,"column":23},"end":{"line":113,"column":40}},{"start":{"line":113,"column":44},"end":{"line":113,"column":54}}]},"30":{"loc":{"start":{"line":114,"column":23},"end":{"line":114,"column":53}},"type":"binary-expr","locations":[{"start":{"line":114,"column":23},"end":{"line":114,"column":40}},{"start":{"line":114,"column":44},"end":{"line":114,"column":53}}]},"31":{"loc":{"start":{"line":115,"column":24},"end":{"line":115,"column":51}},"type":"binary-expr","locations":[{"start":{"line":115,"column":24},"end":{"line":115,"column":42}},{"start":{"line":115,"column":46},"end":{"line":115,"column":51}}]},"32":{"loc":{"start":{"line":124,"column":12},"end":{"line":124,"column":null}},"type":"if","locations":[{"start":{"line":124,"column":12},"end":{"line":124,"column":null}}]},"33":{"loc":{"start":{"line":126,"column":12},"end":{"line":126,"column":null}},"type":"if","locations":[{"start":{"line":126,"column":12},"end":{"line":126,"column":null}}]},"34":{"loc":{"start":{"line":129,"column":39},"end":{"line":129,"column":95}},"type":"binary-expr","locations":[{"start":{"line":129,"column":39},"end":{"line":129,"column":45}},{"start":{"line":129,"column":49},"end":{"line":129,"column":95}}]},"35":{"loc":{"start":{"line":133,"column":12},"end":{"line":133,"column":126}},"type":"if","locations":[{"start":{"line":133,"column":12},"end":{"line":133,"column":126}}]},"36":{"loc":{"start":{"line":133,"column":16},"end":{"line":133,"column":61}},"type":"binary-expr","locations":[{"start":{"line":133,"column":16},"end":{"line":133,"column":33}},{"start":{"line":133,"column":37},"end":{"line":133,"column":61}}]},"37":{"loc":{"start":{"line":134,"column":38},"end":{"line":134,"column":82}},"type":"cond-expr","locations":[{"start":{"line":134,"column":51},"end":{"line":134,"column":77}},{"start":{"line":134,"column":80},"end":{"line":134,"column":82}}]},"38":{"loc":{"start":{"line":142,"column":28},"end":{"line":142,"column":74}},"type":"binary-expr","locations":[{"start":{"line":142,"column":28},"end":{"line":142,"column":68}},{"start":{"line":142,"column":72},"end":{"line":142,"column":74}}]},"39":{"loc":{"start":{"line":144,"column":12},"end":{"line":144,"column":null}},"type":"if","locations":[{"start":{"line":144,"column":12},"end":{"line":144,"column":null}}]},"40":{"loc":{"start":{"line":160,"column":31},"end":{"line":160,"column":61}},"type":"cond-expr","locations":[{"start":{"line":160,"column":40},"end":{"line":160,"column":49}},{"start":{"line":160,"column":52},"end":{"line":160,"column":61}}]},"41":{"loc":{"start":{"line":161,"column":31},"end":{"line":161,"column":61}},"type":"cond-expr","locations":[{"start":{"line":161,"column":40},"end":{"line":161,"column":49}},{"start":{"line":161,"column":52},"end":{"line":161,"column":61}}]},"42":{"loc":{"start":{"line":163,"column":30},"end":{"line":163,"column":73}},"type":"binary-expr","locations":[{"start":{"line":163,"column":30},"end":{"line":163,"column":68}},{"start":{"line":163,"column":72},"end":{"line":163,"column":73}}]},"43":{"loc":{"start":{"line":164,"column":30},"end":{"line":164,"column":73}},"type":"binary-expr","locations":[{"start":{"line":164,"column":30},"end":{"line":164,"column":68}},{"start":{"line":164,"column":72},"end":{"line":164,"column":73}}]},"44":{"loc":{"start":{"line":170,"column":8},"end":{"line":173,"column":9}},"type":"if","locations":[{"start":{"line":170,"column":8},"end":{"line":173,"column":9}}]},"45":{"loc":{"start":{"line":177,"column":30},"end":{"line":177,"column":58}},"type":"cond-expr","locations":[{"start":{"line":177,"column":38},"end":{"line":177,"column":46}},{"start":{"line":177,"column":49},"end":{"line":177,"column":58}}]},"46":{"loc":{"start":{"line":179,"column":12},"end":{"line":179,"column":74}},"type":"if","locations":[{"start":{"line":179,"column":12},"end":{"line":179,"column":74}}]},"47":{"loc":{"start":{"line":179,"column":16},"end":{"line":179,"column":64}},"type":"binary-expr","locations":[{"start":{"line":179,"column":16},"end":{"line":179,"column":28}},{"start":{"line":179,"column":32},"end":{"line":179,"column":64}}]}},"s":{"0":7,"1":7,"2":7,"3":7,"4":7,"5":7,"6":7,"7":7,"8":7,"9":7,"10":7,"11":7,"12":7,"13":7,"14":7,"15":0,"16":0,"17":0,"18":56,"19":56,"20":56,"21":56,"22":147,"23":147,"24":147,"25":56,"26":147,"27":56,"28":147,"29":0,"30":0,"31":0,"32":0,"33":0,"34":147,"35":0,"36":147,"37":7,"38":147,"39":0,"40":0,"41":0,"42":147,"43":0,"44":147,"45":14,"46":147,"47":56,"48":56,"49":0,"50":56,"51":56,"52":56,"53":56,"54":56,"55":56,"56":0,"57":56,"58":56,"59":56,"60":56,"61":56,"62":7,"63":7,"64":7,"65":7,"66":0,"67":7,"68":14,"69":7,"70":0,"71":7,"72":7,"73":7,"74":7,"75":7,"76":7,"77":0,"78":7,"79":7,"80":7,"81":14,"82":14,"83":14,"84":14,"85":0,"86":14,"87":14,"88":7,"89":56,"90":7,"91":7,"92":49,"93":49,"94":49,"95":49,"96":49,"97":49,"98":49,"99":7,"100":7,"101":0,"102":0,"103":0,"104":7,"105":56,"106":56,"107":56,"108":0,"109":56,"110":56,"111":56,"112":56,"113":56,"114":56,"115":0,"116":7,"117":7,"118":7},"f":{"0":173,"1":7,"2":56,"3":147,"4":7,"5":7,"6":14,"7":7,"8":14,"9":49,"10":0},"b":{"0":[7,0],"1":[7],"2":[0],"3":[0],"4":[56,0],"5":[56],"6":[56],"7":[0],"8":[0,0],"9":[0,0],"10":[0],"11":[7],"12":[0],"13":[0,0],"14":[0],"15":[14],"16":[0,14],"17":[0,14],"18":[0],"19":[14,42],"20":[7,49],"21":[0,56],"22":[0,56],"23":[0,56],"24":[0],"25":[56,0],"26":[56,56],"27":[56,56],"28":[56,56],"29":[56,56],"30":[56,56],"31":[56,56],"32":[0],"33":[0],"34":[7,7],"35":[0],"36":[7,7],"37":[0,7],"38":[14,0],"39":[0],"40":[49,0],"41":[49,0],"42":[49,49],"43":[49,49],"44":[0],"45":[56,0],"46":[0],"47":[56,0]}}
,"C:\\Users\\Артемий\\Documents\\Рабочий стол 2.0\\My projects\\ModularORM\\src\\classes\\abstract\\Module.ts": {"path":"C:\\Users\\Артемий\\Documents\\Рабочий стол 2.0\\My projects\\ModularORM\\src\\classes\\abstract\\Module.ts","statementMap":{"0":{"start":{"line":1,"column":0},"end":{"line":1,"column":38}},"1":{"start":{"line":22,"column":8},"end":{"line":22,"column":46}},"2":{"start":{"line":23,"column":8},"end":{"line":23,"column":23}},"3":{"start":{"line":10,"column":0},"end":{"line":10,"column":22}}},"fnMap":{"0":{"name":"(anonymous_0)","decl":{"start":{"line":21,"column":11},"end":{"line":21,"column":17}},"loc":{"start":{"line":21,"column":27},"end":{"line":24,"column":5}}}},"branchMap":{},"s":{"0":7,"1":0,"2":0,"3":7},"f":{"0":0},"b":{}}
,"C:\\Users\\Артемий\\Documents\\Рабочий стол 2.0\\My projects\\ModularORM\\src\\classes\\adapter\\GetPropertyName.ts": {"path":"C:\\Users\\Артемий\\Documents\\Рабочий стол 2.0\\My projects\\ModularORM\\src\\classes\\adapter\\GetPropertyName.ts","statementMap":{"0":{"start":{"line":1,"column":0},"end":{"line":1,"column":64}},"1":{"start":{"line":6,"column":42},"end":{"line":6,"column":46}},"2":{"start":{"line":8,"column":22},"end":{"line":13,"column":10}},"3":{"start":{"line":10,"column":16},"end":{"line":10,"column":47}},"4":{"start":{"line":11,"column":16},"end":{"line":11,"column":33}},"5":{"start":{"line":15,"column":8},"end":{"line":15,"column":18}},"6":{"start":{"line":17,"column":8},"end":{"line":17,"column":null}},"7":{"start":{"line":17,"column":27},"end":{"line":17,"column":null}},"8":{"start":{"line":19,"column":8},"end":{"line":19,"column":28}},"9":{"start":{"line":3,"column":0},"end":{"line":3,"column":13}}},"fnMap":{"0":{"name":"(anonymous_0)","decl":{"start":{"line":5,"column":11},"end":{"line":5,"column":17}},"loc":{"start":{"line":5,"column":55},"end":{"line":20,"column":5}}},"1":{"name":"(anonymous_1)","decl":{"start":{"line":9,"column":12},"end":{"line":9,"column":15}},"loc":{"start":{"line":9,"column":28},"end":{"line":12,"column":13}}}},"branchMap":{"0":{"loc":{"start":{"line":17,"column":8},"end":{"line":17,"column":null}},"type":"if","locations":[{"start":{"line":17,"column":8},"end":{"line":17,"column":null}}]}},"s":{"0":7,"1":32,"2":32,"3":32,"4":32,"5":32,"6":32,"7":0,"8":32,"9":7},"f":{"0":32,"1":32},"b":{"0":[0]}}
,"C:\\Users\\Артемий\\Documents\\Рабочий стол 2.0\\My projects\\ModularORM\\src\\classes\\adapter\\ModelAdapter.ts": {"path":"C:\\Users\\Артемий\\Documents\\Рабочий стол 2.0\\My projects\\ModularORM\\src\\classes\\adapter\\ModelAdapter.ts","statementMap":{"0":{"start":{"line":2,"column":0},"end":{"line":2,"column":50}},"1":{"start":{"line":3,"column":0},"end":{"line":3,"column":44}},"2":{"start":{"line":4,"column":0},"end":{"line":4,"column":52}},"3":{"start":{"line":7,"column":0},"end":{"line":7,"column":52}},"4":{"start":{"line":8,"column":0},"end":{"line":8,"column":50}},"5":{"start":{"line":9,"column":0},"end":{"line":9,"column":52}},"6":{"start":{"line":15,"column":15},"end":{"line":15,"column":43}},"7":{"start":{"line":19,"column":44},"end":{"line":19,"column":62}},"8":{"start":{"line":21,"column":8},"end":{"line":31,"column":9}},"9":{"start":{"line":22,"column":26},"end":{"line":22,"column":34}},"10":{"start":{"line":23,"column":12},"end":{"line":30,"column":null}},"11":{"start":{"line":24,"column":16},"end":{"line":29,"column":17}},"12":{"start":{"line":24,"column":40},"end":{"line":24,"column":null}},"13":{"start":{"line":24,"column":61},"end":{"line":24,"column":89}},"14":{"start":{"line":26,"column":39},"end":{"line":26,"column":57}},"15":{"start":{"line":27,"column":20},"end":{"line":27,"column":null}},"16":{"start":{"line":27,"column":41},"end":{"line":27,"column":67}},"17":{"start":{"line":28,"column":20},"end":{"line":28,"column":null}},"18":{"start":{"line":30,"column":19},"end":{"line":30,"column":null}},"19":{"start":{"line":33,"column":8},"end":{"line":33,"column":null}},"20":{"start":{"line":37,"column":39},"end":{"line":37,"column":62}},"21":{"start":{"line":39,"column":8},"end":{"line":41,"column":9}},"22":{"start":{"line":40,"column":12},"end":{"line":40,"column":null}},"23":{"start":{"line":43,"column":39},"end":{"line":43,"column":57}},"24":{"start":{"line":44,"column":8},"end":{"line":44,"column":null}},"25":{"start":{"line":45,"column":8},"end":{"line":45,"column":null}},"26":{"start":{"line":46,"column":8},"end":{"line":46,"column":null}},"27":{"start":{"line":48,"column":8},"end":{"line":48,"column":47}},"28":{"start":{"line":52,"column":44},"end":{"line":52,"column":71}},"29":{"start":{"line":54,"column":39},"end":{"line":54,"column":57}},"30":{"start":{"line":55,"column":8},"end":{"line":55,"column":null}},"31":{"start":{"line":56,"column":8},"end":{"line":56,"column":null}},"32":{"start":{"line":57,"column":8},"end":{"line":57,"column":null}},"33":{"start":{"line":58,"column":8},"end":{"line":58,"column":null}},"34":{"start":{"line":59,"column":8},"end":{"line":59,"column":null}},"35":{"start":{"line":60,"column":8},"end":{"line":60,"column":null}},"36":{"start":{"line":60,"column":43},"end":{"line":60,"column":null}},"37":{"start":{"line":62,"column":8},"end":{"line":66,"column":9}},"38":{"start":{"line":63,"column":12},"end":{"line":65,"column":15}},"39":{"start":{"line":64,"column":16},"end":{"line":64,"column":63}},"40":{"start":{"line":67,"column":8},"end":{"line":67,"column":null}},"41":{"start":{"line":67,"column":27},"end":{"line":67,"column":null}},"42":{"start":{"line":68,"column":8},"end":{"line":68,"column":null}},"43":{"start":{"line":68,"column":28},"end":{"line":68,"column":null}},"44":{"start":{"line":70,"column":8},"end":{"line":70,"column":44}},"45":{"start":{"line":75,"column":46},"end":{"line":75,"column":65}},"46":{"start":{"line":77,"column":8},"end":{"line":79,"column":9}},"47":{"start":{"line":78,"column":12},"end":{"line":78,"column":null}},"48":{"start":{"line":81,"column":39},"end":{"line":81,"column":57}},"49":{"start":{"line":82,"column":8},"end":{"line":82,"column":null}},"50":{"start":{"line":83,"column":8},"end":{"line":83,"column":null}},"51":{"start":{"line":84,"column":8},"end":{"line":84,"column":null}},"52":{"start":{"line":86,"column":8},"end":{"line":89,"column":9}},"53":{"start":{"line":87,"column":48},"end":{"line":87,"column":75}},"54":{"start":{"line":88,"column":12},"end":{"line":88,"column":null}},"55":{"start":{"line":91,"column":8},"end":{"line":91,"column":40}},"56":{"start":{"line":96,"column":44},"end":{"line":96,"column":71}},"57":{"start":{"line":98,"column":39},"end":{"line":98,"column":57}},"58":{"start":{"line":99,"column":8},"end":{"line":99,"column":null}},"59":{"start":{"line":100,"column":8},"end":{"line":100,"column":null}},"60":{"start":{"line":101,"column":8},"end":{"line":101,"column":null}},"61":{"start":{"line":103,"column":8},"end":{"line":103,"column":40}},"62":{"start":{"line":108,"column":39},"end":{"line":108,"column":57}},"63":{"start":{"line":109,"column":8},"end":{"line":109,"column":null}},"64":{"start":{"line":110,"column":8},"end":{"line":110,"column":null}},"65":{"start":{"line":111,"column":8},"end":{"line":111,"column":40}},"66":{"start":{"line":12,"column":0},"end":{"line":12,"column":13}}},"fnMap":{"0":{"name":"(anonymous_0)","decl":{"start":{"line":14,"column":4},"end":{"line":14,"column":null}},"loc":{"start":{"line":15,"column":43},"end":{"line":16,"column":8}}},"1":{"name":"(anonymous_1)","decl":{"start":{"line":18,"column":12},"end":{"line":18,"column":27}},"loc":{"start":{"line":18,"column":58},"end":{"line":34,"column":5}}},"2":{"name":"(anonymous_2)","decl":{"start":{"line":24,"column":54},"end":{"line":24,"column":57}},"loc":{"start":{"line":24,"column":61},"end":{"line":24,"column":89}}},"3":{"name":"(anonymous_3)","decl":{"start":{"line":27,"column":34},"end":{"line":27,"column":37}},"loc":{"start":{"line":27,"column":41},"end":{"line":27,"column":67}}},"4":{"name":"(anonymous_4)","decl":{"start":{"line":36,"column":11},"end":{"line":36,"column":16}},"loc":{"start":{"line":36,"column":54},"end":{"line":49,"column":5}}},"5":{"name":"(anonymous_5)","decl":{"start":{"line":51,"column":11},"end":{"line":51,"column":16}},"loc":{"start":{"line":51,"column":145},"end":{"line":72,"column":5}}},"6":{"name":"(anonymous_6)","decl":{"start":{"line":63,"column":49},"end":{"line":63,"column":50}},"loc":{"start":{"line":63,"column":66},"end":{"line":65,"column":13}}},"7":{"name":"(anonymous_7)","decl":{"start":{"line":74,"column":11},"end":{"line":74,"column":16}},"loc":{"start":{"line":74,"column":91},"end":{"line":93,"column":5}}},"8":{"name":"(anonymous_8)","decl":{"start":{"line":95,"column":11},"end":{"line":95,"column":16}},"loc":{"start":{"line":95,"column":54},"end":{"line":105,"column":5}}},"9":{"name":"(anonymous_9)","decl":{"start":{"line":107,"column":11},"end":{"line":107,"column":16}},"loc":{"start":{"line":107,"column":21},"end":{"line":112,"column":5}}}},"branchMap":{"0":{"loc":{"start":{"line":23,"column":12},"end":{"line":30,"column":null}},"type":"if","locations":[{"start":{"line":23,"column":12},"end":{"line":30,"column":null}},{"start":{"line":30,"column":19},"end":{"line":30,"column":null}}]},"1":{"loc":{"start":{"line":24,"column":16},"end":{"line":29,"column":17}},"type":"if","locations":[{"start":{"line":24,"column":16},"end":{"line":29,"column":17}},{"start":{"line":25,"column":21},"end":{"line":29,"column":17}}]},"2":{"loc":{"start":{"line":59,"column":28},"end":{"line":59,"column":51}},"type":"binary-expr","locations":[{"start":{"line":59,"column":28},"end":{"line":59,"column":44}},{"start":{"line":59,"column":48},"end":{"line":59,"column":51}}]},"3":{"loc":{"start":{"line":60,"column":8},"end":{"line":60,"column":null}},"type":"if","locations":[{"start":{"line":60,"column":8},"end":{"line":60,"column":null}}]},"4":{"loc":{"start":{"line":62,"column":8},"end":{"line":66,"column":9}},"type":"if","locations":[{"start":{"line":62,"column":8},"end":{"line":66,"column":9}}]},"5":{"loc":{"start":{"line":62,"column":12},"end":{"line":62,"column":61}},"type":"binary-expr","locations":[{"start":{"line":62,"column":12},"end":{"line":62,"column":25}},{"start":{"line":62,"column":29},"end":{"line":62,"column":61}}]},"6":{"loc":{"start":{"line":67,"column":8},"end":{"line":67,"column":null}},"type":"if","locations":[{"start":{"line":67,"column":8},"end":{"line":67,"column":null}}]},"7":{"loc":{"start":{"line":68,"column":8},"end":{"line":68,"column":null}},"type":"if","locations":[{"start":{"line":68,"column":8},"end":{"line":68,"column":null}}]},"8":{"loc":{"start":{"line":86,"column":8},"end":{"line":89,"column":9}},"type":"if","locations":[{"start":{"line":86,"column":8},"end":{"line":89,"column":9}}]},"9":{"loc":{"start":{"line":86,"column":12},"end":{"line":86,"column":50}},"type":"binary-expr","locations":[{"start":{"line":86,"column":12},"end":{"line":86,"column":17}},{"start":{"line":86,"column":21},"end":{"line":86,"column":50}}]}},"s":{"0":7,"1":7,"2":7,"3":7,"4":7,"5":7,"6":94,"7":60,"8":60,"9":38,"10":38,"11":2,"12":0,"13":0,"14":2,"15":2,"16":4,"17":2,"18":36,"19":60,"20":34,"21":34,"22":54,"23":34,"24":34,"25":34,"26":34,"27":34,"28":50,"29":50,"30":50,"31":50,"32":50,"33":50,"34":50,"35":50,"36":25,"37":50,"38":1,"39":1,"40":50,"41":15,"42":50,"43":0,"44":50,"45":6,"46":6,"47":7,"48":6,"49":6,"50":6,"51":6,"52":6,"53":6,"54":6,"55":6,"56":4,"57":4,"58":4,"59":4,"60":4,"61":4,"62":0,"63":0,"64":0,"65":0,"66":7},"f":{"0":94,"1":60,"2":0,"3":4,"4":34,"5":50,"6":1,"7":6,"8":4,"9":0},"b":{"0":[2,36],"1":[0,2],"2":[50,50],"3":[25],"4":[1],"5":[50,1],"6":[15],"7":[0],"8":[6],"9":[6,6]}}
,"C:\\Users\\Артемий\\Documents\\Рабочий стол 2.0\\My projects\\ModularORM\\src\\classes\\adapter\\ModuleSchema.ts": {"path":"C:\\Users\\Артемий\\Documents\\Рабочий стол 2.0\\My projects\\ModularORM\\src\\classes\\adapter\\ModuleSchema.ts","statementMap":{"0":{"start":{"line":3,"column":0},"end":{"line":3,"column":47}},"1":{"start":{"line":8,"column":0},"end":{"line":8,"column":64}},"2":{"start":{"line":12,"column":23},"end":{"line":12,"column":56}},"3":{"start":{"line":15,"column":8},"end":{"line":15,"column":null}},"4":{"start":{"line":19,"column":24},"end":{"line":19,"column":73}},"5":{"start":{"line":20,"column":47},"end":{"line":20,"column":124}},"6":{"start":{"line":20,"column":77},"end":{"line":20,"column":110}},"7":{"start":{"line":21,"column":8},"end":{"line":21,"column":37}},"8":{"start":{"line":21,"column":25},"end":{"line":21,"column":37}},"9":{"start":{"line":22,"column":8},"end":{"line":22,"column":26}},"10":{"start":{"line":26,"column":49},"end":{"line":26,"column":95}},"11":{"start":{"line":27,"column":8},"end":{"line":27,"column":43}},"12":{"start":{"line":27,"column":31},"end":{"line":27,"column":43}},"13":{"start":{"line":28,"column":8},"end":{"line":28,"column":72}},"14":{"start":{"line":28,"column":48},"end":{"line":28,"column":72}},"15":{"start":{"line":29,"column":26},"end":{"line":29,"column":42}},"16":{"start":{"line":31,"column":12},"end":{"line":31,"column":84}},"17":{"start":{"line":32,"column":8},"end":{"line":36,"column":9}},"18":{"start":{"line":33,"column":12},"end":{"line":35,"column":13}},"19":{"start":{"line":34,"column":16},"end":{"line":34,"column":35}},"20":{"start":{"line":37,"column":8},"end":{"line":37,"column":20}},"21":{"start":{"line":41,"column":49},"end":{"line":41,"column":95}},"22":{"start":{"line":42,"column":8},"end":{"line":42,"column":43}},"23":{"start":{"line":42,"column":31},"end":{"line":42,"column":43}},"24":{"start":{"line":43,"column":8},"end":{"line":43,"column":72}},"25":{"start":{"line":43,"column":48},"end":{"line":43,"column":72}},"26":{"start":{"line":44,"column":26},"end":{"line":44,"column":42}},"27":{"start":{"line":46,"column":12},"end":{"line":46,"column":82}},"28":{"start":{"line":47,"column":8},"end":{"line":51,"column":9}},"29":{"start":{"line":48,"column":12},"end":{"line":50,"column":13}},"30":{"start":{"line":49,"column":16},"end":{"line":49,"column":35}},"31":{"start":{"line":52,"column":8},"end":{"line":52,"column":20}},"32":{"start":{"line":56,"column":33},"end":{"line":56,"column":76}},"33":{"start":{"line":57,"column":8},"end":{"line":57,"column":40}},"34":{"start":{"line":61,"column":24},"end":{"line":61,"column":73}},"35":{"start":{"line":62,"column":8},"end":{"line":62,"column":43}},"36":{"start":{"line":66,"column":26},"end":{"line":66,"column":47}},"37":{"start":{"line":68,"column":12},"end":{"line":68,"column":82}},"38":{"start":{"line":69,"column":8},"end":{"line":73,"column":9}},"39":{"start":{"line":70,"column":12},"end":{"line":72,"column":13}},"40":{"start":{"line":71,"column":16},"end":{"line":71,"column":35}},"41":{"start":{"line":74,"column":8},"end":{"line":74,"column":null}},"42":{"start":{"line":78,"column":34},"end":{"line":78,"column":36}},"43":{"start":{"line":79,"column":8},"end":{"line":81,"column":9}},"44":{"start":{"line":80,"column":12},"end":{"line":80,"column":null}},"45":{"start":{"line":80,"column":42},"end":{"line":80,"column":null}},"46":{"start":{"line":82,"column":8},"end":{"line":82,"column":22}},"47":{"start":{"line":86,"column":34},"end":{"line":86,"column":36}},"48":{"start":{"line":87,"column":8},"end":{"line":89,"column":9}},"49":{"start":{"line":88,"column":12},"end":{"line":88,"column":null}},"50":{"start":{"line":88,"column":42},"end":{"line":88,"column":null}},"51":{"start":{"line":90,"column":8},"end":{"line":90,"column":22}},"52":{"start":{"line":94,"column":48},"end":{"line":94,"column":57}},"53":{"start":{"line":95,"column":55},"end":{"line":95,"column":64}},"54":{"start":{"line":96,"column":8},"end":{"line":98,"column":9}},"55":{"start":{"line":97,"column":12},"end":{"line":97,"column":64}},"56":{"start":{"line":97,"column":42},"end":{"line":97,"column":64}},"57":{"start":{"line":99,"column":8},"end":{"line":108,"column":9}},"58":{"start":{"line":100,"column":12},"end":{"line":107,"column":13}},"59":{"start":{"line":101,"column":16},"end":{"line":106,"column":17}},"60":{"start":{"line":102,"column":20},"end":{"line":102,"column":35}},"61":{"start":{"line":103,"column":20},"end":{"line":103,"column":49}},"62":{"start":{"line":105,"column":20},"end":{"line":105,"column":42}},"63":{"start":{"line":110,"column":8},"end":{"line":110,"column":null}},"64":{"start":{"line":110,"column":47},"end":{"line":110,"column":null}},"65":{"start":{"line":112,"column":49},"end":{"line":112,"column":58}},"66":{"start":{"line":113,"column":8},"end":{"line":116,"column":9}},"67":{"start":{"line":114,"column":12},"end":{"line":114,"column":62}},"68":{"start":{"line":114,"column":48},"end":{"line":114,"column":62}},"69":{"start":{"line":115,"column":12},"end":{"line":115,"column":null}},"70":{"start":{"line":115,"column":55},"end":{"line":115,"column":null}},"71":{"start":{"line":118,"column":8},"end":{"line":118,"column":null}},"72":{"start":{"line":118,"column":24},"end":{"line":118,"column":null}},"73":{"start":{"line":122,"column":8},"end":{"line":123,"column":null}},"74":{"start":{"line":122,"column":28},"end":{"line":122,"column":50}},"75":{"start":{"line":123,"column":13},"end":{"line":123,"column":null}},"76":{"start":{"line":125,"column":8},"end":{"line":125,"column":159}},"77":{"start":{"line":133,"column":23},"end":{"line":133,"column":51}},"78":{"start":{"line":134,"column":8},"end":{"line":134,"column":46}},"79":{"start":{"line":134,"column":34},"end":{"line":134,"column":46}},"80":{"start":{"line":135,"column":8},"end":{"line":135,"column":40}},"81":{"start":{"line":10,"column":0},"end":{"line":10,"column":13}}},"fnMap":{"0":{"name":"(anonymous_0)","decl":{"start":{"line":12,"column":4},"end":{"line":12,"column":23}},"loc":{"start":{"line":12,"column":56},"end":{"line":12,"column":60}}},"1":{"name":"(anonymous_1)","decl":{"start":{"line":14,"column":11},"end":{"line":14,"column":18}},"loc":{"start":{"line":14,"column":18},"end":{"line":16,"column":5}}},"2":{"name":"(anonymous_2)","decl":{"start":{"line":18,"column":11},"end":{"line":18,"column":30}},"loc":{"start":{"line":18,"column":30},"end":{"line":23,"column":5}}},"3":{"name":"(anonymous_3)","decl":{"start":{"line":20,"column":70},"end":{"line":20,"column":73}},"loc":{"start":{"line":20,"column":77},"end":{"line":20,"column":110}}},"4":{"name":"(anonymous_4)","decl":{"start":{"line":25,"column":11},"end":{"line":25,"column":38}},"loc":{"start":{"line":25,"column":71},"end":{"line":38,"column":5}}},"5":{"name":"(anonymous_5)","decl":{"start":{"line":40,"column":11},"end":{"line":40,"column":35}},"loc":{"start":{"line":40,"column":68},"end":{"line":53,"column":5}}},"6":{"name":"(anonymous_6)","decl":{"start":{"line":55,"column":11},"end":{"line":55,"column":30}},"loc":{"start":{"line":55,"column":30},"end":{"line":58,"column":5}}},"7":{"name":"(anonymous_7)","decl":{"start":{"line":60,"column":11},"end":{"line":60,"column":21}},"loc":{"start":{"line":60,"column":21},"end":{"line":63,"column":5}}},"8":{"name":"(anonymous_8)","decl":{"start":{"line":65,"column":11},"end":{"line":65,"column":24}},"loc":{"start":{"line":65,"column":37},"end":{"line":75,"column":5}}},"9":{"name":"(anonymous_9)","decl":{"start":{"line":77,"column":11},"end":{"line":77,"column":32}},"loc":{"start":{"line":77,"column":32},"end":{"line":83,"column":5}}},"10":{"name":"(anonymous_10)","decl":{"start":{"line":85,"column":11},"end":{"line":85,"column":33}},"loc":{"start":{"line":85,"column":33},"end":{"line":91,"column":5}}},"11":{"name":"(anonymous_11)","decl":{"start":{"line":93,"column":11},"end":{"line":93,"column":27}},"loc":{"start":{"line":93,"column":46},"end":{"line":126,"column":5}}},"12":{"name":"(anonymous_12)","decl":{"start":{"line":128,"column":11},"end":{"line":128,"column":36}},"loc":{"start":{"line":128,"column":36},"end":{"line":130,"column":5}}},"13":{"name":"(anonymous_13)","decl":{"start":{"line":132,"column":11},"end":{"line":132,"column":17}},"loc":{"start":{"line":132,"column":44},"end":{"line":136,"column":5}}}},"branchMap":{"0":{"loc":{"start":{"line":15,"column":15},"end":{"line":15,"column":81}},"type":"binary-expr","locations":[{"start":{"line":15,"column":15},"end":{"line":15,"column":51}},{"start":{"line":15,"column":56},"end":{"line":15,"column":81}}]},"1":{"loc":{"start":{"line":19,"column":24},"end":{"line":19,"column":73}},"type":"binary-expr","locations":[{"start":{"line":19,"column":24},"end":{"line":19,"column":67}},{"start":{"line":19,"column":71},"end":{"line":19,"column":73}}]},"2":{"loc":{"start":{"line":21,"column":8},"end":{"line":21,"column":37}},"type":"if","locations":[{"start":{"line":21,"column":8},"end":{"line":21,"column":37}}]},"3":{"loc":{"start":{"line":27,"column":8},"end":{"line":27,"column":43}},"type":"if","locations":[{"start":{"line":27,"column":8},"end":{"line":27,"column":43}}]},"4":{"loc":{"start":{"line":28,"column":8},"end":{"line":28,"column":72}},"type":"if","locations":[{"start":{"line":28,"column":8},"end":{"line":28,"column":72}}]},"5":{"loc":{"start":{"line":31,"column":12},"end":{"line":31,"column":84}},"type":"binary-expr","locations":[{"start":{"line":31,"column":12},"end":{"line":31,"column":78}},{"start":{"line":31,"column":82},"end":{"line":31,"column":84}}]},"6":{"loc":{"start":{"line":33,"column":12},"end":{"line":35,"column":13}},"type":"if","locations":[{"start":{"line":33,"column":12},"end":{"line":35,"column":13}}]},"7":{"loc":{"start":{"line":42,"column":8},"end":{"line":42,"column":43}},"type":"if","locations":[{"start":{"line":42,"column":8},"end":{"line":42,"column":43}}]},"8":{"loc":{"start":{"line":43,"column":8},"end":{"line":43,"column":72}},"type":"if","locations":[{"start":{"line":43,"column":8},"end":{"line":43,"column":72}}]},"9":{"loc":{"start":{"line":46,"column":12},"end":{"line":46,"column":82}},"type":"binary-expr","locations":[{"start":{"line":46,"column":12},"end":{"line":46,"column":76}},{"start":{"line":46,"column":80},"end":{"line":46,"column":82}}]},"10":{"loc":{"start":{"line":48,"column":12},"end":{"line":50,"column":13}},"type":"if","locations":[{"start":{"line":48,"column":12},"end":{"line":50,"column":13}}]},"11":{"loc":{"start":{"line":57,"column":15},"end":{"line":57,"column":39}},"type":"binary-expr","locations":[{"start":{"line":57,"column":15},"end":{"line":57,"column":31}},{"start":{"line":57,"column":35},"end":{"line":57,"column":39}}]},"12":{"loc":{"start":{"line":61,"column":24},"end":{"line":61,"column":73}},"type":"binary-expr","locations":[{"start":{"line":61,"column":24},"end":{"line":61,"column":67}},{"start":{"line":61,"column":71},"end":{"line":61,"column":73}}]},"13":{"loc":{"start":{"line":68,"column":12},"end":{"line":68,"column":82}},"type":"binary-expr","locations":[{"start":{"line":68,"column":12},"end":{"line":68,"column":76}},{"start":{"line":68,"column":80},"end":{"line":68,"column":82}}]},"14":{"loc":{"start":{"line":70,"column":12},"end":{"line":72,"column":13}},"type":"if","locations":[{"start":{"line":70,"column":12},"end":{"line":72,"column":13}}]},"15":{"loc":{"start":{"line":80,"column":12},"end":{"line":80,"column":null}},"type":"if","locations":[{"start":{"line":80,"column":12},"end":{"line":80,"column":null}}]},"16":{"loc":{"start":{"line":88,"column":12},"end":{"line":88,"column":null}},"type":"if","locations":[{"start":{"line":88,"column":12},"end":{"line":88,"column":null}}]},"17":{"loc":{"start":{"line":97,"column":12},"end":{"line":97,"column":64}},"type":"if","locations":[{"start":{"line":97,"column":12},"end":{"line":97,"column":64}}]},"18":{"loc":{"start":{"line":100,"column":12},"end":{"line":107,"column":13}},"type":"if","locations":[{"start":{"line":100,"column":12},"end":{"line":107,"column":13}}]},"19":{"loc":{"start":{"line":101,"column":16},"end":{"line":106,"column":17}},"type":"if","locations":[{"start":{"line":101,"column":16},"end":{"line":106,"column":17}},{"start":{"line":104,"column":23},"end":{"line":106,"column":17}}]},"20":{"loc":{"start":{"line":110,"column":8},"end":{"line":110,"column":null}},"type":"if","locations":[{"start":{"line":110,"column":8},"end":{"line":110,"column":null}}]},"21":{"loc":{"start":{"line":110,"column":12},"end":{"line":110,"column":45}},"type":"binary-expr","locations":[{"start":{"line":110,"column":12},"end":{"line":110,"column":23}},{"start":{"line":110,"column":27},"end":{"line":110,"column":45}}]},"22":{"loc":{"start":{"line":114,"column":12},"end":{"line":114,"column":62}},"type":"if","locations":[{"start":{"line":114,"column":12},"end":{"line":114,"column":62}}]},"23":{"loc":{"start":{"line":115,"column":12},"end":{"line":115,"column":null}},"type":"if","locations":[{"start":{"line":115,"column":12},"end":{"line":115,"column":null}}]},"24":{"loc":{"start":{"line":118,"column":8},"end":{"line":118,"column":null}},"type":"if","locations":[{"start":{"line":118,"column":8},"end":{"line":118,"column":null}}]},"25":{"loc":{"start":{"line":122,"column":8},"end":{"line":123,"column":null}},"type":"if","locations":[{"start":{"line":122,"column":8},"end":{"line":123,"column":null}},{"start":{"line":123,"column":13},"end":{"line":123,"column":null}}]},"26":{"loc":{"start":{"line":134,"column":8},"end":{"line":134,"column":46}},"type":"if","locations":[{"start":{"line":134,"column":8},"end":{"line":134,"column":46}}]}},"s":{"0":7,"1":7,"2":273,"3":143,"4":76,"5":76,"6":76,"7":76,"8":0,"9":76,"10":35,"11":35,"12":0,"13":35,"14":7,"15":28,"16":28,"17":28,"18":4,"19":4,"20":24,"21":5,"22":5,"23":0,"24":5,"25":0,"26":5,"27":5,"28":5,"29":5,"30":5,"31":0,"32":0,"33":0,"34":3,"35":3,"36":6,"37":6,"38":6,"39":14,"40":4,"41":2,"42":37,"43":37,"44":74,"45":4,"46":37,"47":96,"48":96,"49":192,"50":40,"51":96,"52":21,"53":21,"54":21,"55":21,"56":12,"57":21,"58":42,"59":21,"60":9,"61":9,"62":12,"63":21,"64":0,"65":21,"66":21,"67":21,"68":21,"69":21,"70":0,"71":21,"72":0,"73":21,"74":0,"75":21,"76":21,"77":2,"78":2,"79":0,"80":2,"81":7},"f":{"0":273,"1":143,"2":76,"3":76,"4":35,"5":5,"6":0,"7":3,"8":6,"9":37,"10":96,"11":21,"12":0,"13":2},"b":{"0":[143,14],"1":[76,0],"2":[0],"3":[0],"4":[7],"5":[28,24],"6":[4],"7":[0],"8":[0],"9":[5,0],"10":[5],"11":[0,0],"12":[3,0],"13":[6,0],"14":[4],"15":[4],"16":[40],"17":[12],"18":[21],"19":[9,12],"20":[0],"21":[21,21],"22":[21],"23":[0],"24":[0],"25":[0,21],"26":[0]}}
,"C:\\Users\\Артемий\\Documents\\Рабочий стол 2.0\\My projects\\ModularORM\\src\\classes\\base\\Cache.ts": {"path":"C:\\Users\\Артемий\\Documents\\Рабочий стол 2.0\\My projects\\ModularORM\\src\\classes\\base\\Cache.ts","statementMap":{"0":{"start":{"line":1,"column":0},"end":{"line":1,"column":36}},"1":{"start":{"line":2,"column":0},"end":{"line":2,"column":33}},"2":{"start":{"line":20,"column":8},"end":{"line":20,"column":39}},"3":{"start":{"line":22,"column":31},"end":{"line":22,"column":78}},"4":{"start":{"line":24,"column":8},"end":{"line":59,"column":9}},"5":{"start":{"line":25,"column":26},"end":{"line":25,"column":61}},"6":{"start":{"line":26,"column":12},"end":{"line":28,"column":13}},"7":{"start":{"line":27,"column":16},"end":{"line":27,"column":32}},"8":{"start":{"line":30,"column":13},"end":{"line":59,"column":9}},"9":{"start":{"line":31,"column":26},"end":{"line":31,"column":63}},"10":{"start":{"line":32,"column":12},"end":{"line":34,"column":13}},"11":{"start":{"line":33,"column":16},"end":{"line":33,"column":32}},"12":{"start":{"line":36,"column":13},"end":{"line":59,"column":9}},"13":{"start":{"line":37,"column":26},"end":{"line":37,"column":70}},"14":{"start":{"line":38,"column":12},"end":{"line":40,"column":13}},"15":{"start":{"line":39,"column":16},"end":{"line":39,"column":32}},"16":{"start":{"line":42,"column":13},"end":{"line":59,"column":9}},"17":{"start":{"line":43,"column":26},"end":{"line":43,"column":70}},"18":{"start":{"line":44,"column":12},"end":{"line":46,"column":13}},"19":{"start":{"line":45,"column":16},"end":{"line":45,"column":32}},"20":{"start":{"line":48,"column":13},"end":{"line":59,"column":9}},"21":{"start":{"line":49,"column":26},"end":{"line":49,"column":69}},"22":{"start":{"line":50,"column":12},"end":{"line":52,"column":13}},"23":{"start":{"line":51,"column":16},"end":{"line":51,"column":32}},"24":{"start":{"line":54,"column":13},"end":{"line":59,"column":9}},"25":{"start":{"line":55,"column":26},"end":{"line":55,"column":73}},"26":{"start":{"line":56,"column":12},"end":{"line":58,"column":13}},"27":{"start":{"line":57,"column":16},"end":{"line":57,"column":32}},"28":{"start":{"line":61,"column":29},"end":{"line":61,"column":54}},"29":{"start":{"line":62,"column":8},"end":{"line":64,"column":9}},"30":{"start":{"line":63,"column":12},"end":{"line":63,"column":35}},"31":{"start":{"line":66,"column":8},"end":{"line":66,"column":25}},"32":{"start":{"line":70,"column":8},"end":{"line":70,"column":53}},"33":{"start":{"line":70,"column":44},"end":{"line":70,"column":53}},"34":{"start":{"line":71,"column":8},"end":{"line":72,"column":51}},"35":{"start":{"line":71,"column":64},"end":{"line":71,"column":102}},"36":{"start":{"line":72,"column":13},"end":{"line":72,"column":51}},"37":{"start":{"line":76,"column":28},"end":{"line":76,"column":49}},"38":{"start":{"line":77,"column":8},"end":{"line":77,"column":47}},"39":{"start":{"line":81,"column":24},"end":{"line":81,"column":25}},"40":{"start":{"line":83,"column":8},"end":{"line":86,"column":9}},"41":{"start":{"line":84,"column":34},"end":{"line":84,"column":86}},"42":{"start":{"line":85,"column":12},"end":{"line":85,"column":39}},"43":{"start":{"line":88,"column":8},"end":{"line":88,"column":41}},"44":{"start":{"line":92,"column":8},"end":{"line":92,"column":67}},"45":{"start":{"line":92,"column":60},"end":{"line":92,"column":67}},"46":{"start":{"line":94,"column":39},"end":{"line":94,"column":43}},"47":{"start":{"line":95,"column":8},"end":{"line":99,"column":9}},"48":{"start":{"line":96,"column":12},"end":{"line":98,"column":13}},"49":{"start":{"line":97,"column":16},"end":{"line":97,"column":34}},"50":{"start":{"line":101,"column":8},"end":{"line":103,"column":9}},"51":{"start":{"line":102,"column":12},"end":{"line":102,"column":50}},"52":{"start":{"line":107,"column":8},"end":{"line":107,"column":54}},"53":{"start":{"line":107,"column":41},"end":{"line":107,"column":54}},"54":{"start":{"line":109,"column":8},"end":{"line":111,"column":9}},"55":{"start":{"line":109,"column":21},"end":{"line":109,"column":22}},"56":{"start":{"line":110,"column":12},"end":{"line":110,"column":50}},"57":{"start":{"line":110,"column":37},"end":{"line":110,"column":50}},"58":{"start":{"line":112,"column":8},"end":{"line":112,"column":20}},"59":{"start":{"line":116,"column":8},"end":{"line":121,"column":9}},"60":{"start":{"line":117,"column":12},"end":{"line":120,"column":13}},"61":{"start":{"line":118,"column":16},"end":{"line":118,"column":null}},"62":{"start":{"line":119,"column":16},"end":{"line":119,"column":null}},"63":{"start":{"line":122,"column":8},"end":{"line":122,"column":null}},"64":{"start":{"line":126,"column":8},"end":{"line":128,"column":9}},"65":{"start":{"line":127,"column":12},"end":{"line":127,"column":null}},"66":{"start":{"line":127,"column":69},"end":{"line":127,"column":null}},"67":{"start":{"line":132,"column":8},"end":{"line":132,"column":39}},"68":{"start":{"line":132,"column":32},"end":{"line":132,"column":39}},"69":{"start":{"line":133,"column":8},"end":{"line":136,"column":9}},"70":{"start":{"line":134,"column":12},"end":{"line":134,"column":null}},"71":{"start":{"line":135,"column":12},"end":{"line":135,"column":19}},"72":{"start":{"line":137,"column":8},"end":{"line":137,"column":32}},"73":{"start":{"line":138,"column":8},"end":{"line":138,"column":null}},"74":{"start":{"line":142,"column":8},"end":{"line":142,"column":null}},"75":{"start":{"line":146,"column":8},"end":{"line":146,"column":49}},"76":{"start":{"line":146,"column":32},"end":{"line":146,"column":49}},"77":{"start":{"line":147,"column":46},"end":{"line":147,"column":80}},"78":{"start":{"line":148,"column":8},"end":{"line":148,"column":40}},"79":{"start":{"line":148,"column":23},"end":{"line":148,"column":40}},"80":{"start":{"line":149,"column":8},"end":{"line":152,"column":9}},"81":{"start":{"line":150,"column":12},"end":{"line":150,"column":null}},"82":{"start":{"line":151,"column":12},"end":{"line":151,"column":29}},"83":{"start":{"line":153,"column":8},"end":{"line":153,"column":31}},"84":{"start":{"line":157,"column":8},"end":{"line":157,"column":39}},"85":{"start":{"line":157,"column":32},"end":{"line":157,"column":39}},"86":{"start":{"line":158,"column":35},"end":{"line":158,"column":62}},"87":{"start":{"line":159,"column":8},"end":{"line":159,"column":null}},"88":{"start":{"line":159,"column":45},"end":{"line":159,"column":null}},"89":{"start":{"line":159,"column":72},"end":{"line":159,"column":null}},"90":{"start":{"line":14,"column":0},"end":{"line":14,"column":13}},"91":{"start":{"line":16,"column":19},"end":{"line":16,"column":60}},"92":{"start":{"line":17,"column":19},"end":{"line":17,"column":41}}},"fnMap":{"0":{"name":"(anonymous_0)","decl":{"start":{"line":19,"column":12},"end":{"line":19,"column":18}},"loc":{"start":{"line":19,"column":48},"end":{"line":67,"column":5}}},"1":{"name":"(anonymous_1)","decl":{"start":{"line":69,"column":12},"end":{"line":69,"column":18}},"loc":{"start":{"line":69,"column":31},"end":{"line":73,"column":5}}},"2":{"name":"(anonymous_2)","decl":{"start":{"line":75,"column":12},"end":{"line":75,"column":18}},"loc":{"start":{"line":75,"column":42},"end":{"line":78,"column":5}}},"3":{"name":"(anonymous_3)","decl":{"start":{"line":80,"column":12},"end":{"line":80,"column":18}},"loc":{"start":{"line":80,"column":42},"end":{"line":89,"column":5}}},"4":{"name":"(anonymous_4)","decl":{"start":{"line":91,"column":12},"end":{"line":91,"column":18}},"loc":{"start":{"line":91,"column":35},"end":{"line":104,"column":5}}},"5":{"name":"(anonymous_5)","decl":{"start":{"line":106,"column":12},"end":{"line":106,"column":18}},"loc":{"start":{"line":106,"column":55},"end":{"line":113,"column":5}}},"6":{"name":"(anonymous_6)","decl":{"start":{"line":115,"column":12},"end":{"line":115,"column":18}},"loc":{"start":{"line":115,"column":62},"end":{"line":123,"column":5}}},"7":{"name":"(anonymous_7)","decl":{"start":{"line":125,"column":12},"end":{"line":125,"column":18}},"loc":{"start":{"line":125,"column":62},"end":{"line":129,"column":5}}},"8":{"name":"(anonymous_8)","decl":{"start":{"line":131,"column":11},"end":{"line":131,"column":17}},"loc":{"start":{"line":131,"column":85},"end":{"line":139,"column":5}}},"9":{"name":"(anonymous_9)","decl":{"start":{"line":141,"column":11},"end":{"line":141,"column":17}},"loc":{"start":{"line":141,"column":28},"end":{"line":143,"column":5}}},"10":{"name":"(anonymous_10)","decl":{"start":{"line":145,"column":11},"end":{"line":145,"column":17}},"loc":{"start":{"line":145,"column":53},"end":{"line":154,"column":5}}},"11":{"name":"(anonymous_11)","decl":{"start":{"line":156,"column":11},"end":{"line":156,"column":17}},"loc":{"start":{"line":156,"column":53},"end":{"line":160,"column":5}}}},"branchMap":{"0":{"loc":{"start":{"line":24,"column":8},"end":{"line":59,"column":9}},"type":"if","locations":[{"start":{"line":24,"column":8},"end":{"line":59,"column":9}},{"start":{"line":30,"column":13},"end":{"line":59,"column":9}}]},"1":{"loc":{"start":{"line":26,"column":12},"end":{"line":28,"column":13}},"type":"if","locations":[{"start":{"line":26,"column":12},"end":{"line":28,"column":13}}]},"2":{"loc":{"start":{"line":30,"column":13},"end":{"line":59,"column":9}},"type":"if","locations":[{"start":{"line":30,"column":13},"end":{"line":59,"column":9}},{"start":{"line":36,"column":13},"end":{"line":59,"column":9}}]},"3":{"loc":{"start":{"line":32,"column":12},"end":{"line":34,"column":13}},"type":"if","locations":[{"start":{"line":32,"column":12},"end":{"line":34,"column":13}}]},"4":{"loc":{"start":{"line":36,"column":13},"end":{"line":59,"column":9}},"type":"if","locations":[{"start":{"line":36,"column":13},"end":{"line":59,"column":9}},{"start":{"line":42,"column":13},"end":{"line":59,"column":9}}]},"5":{"loc":{"start":{"line":38,"column":12},"end":{"line":40,"column":13}},"type":"if","locations":[{"start":{"line":38,"column":12},"end":{"line":40,"column":13}}]},"6":{"loc":{"start":{"line":42,"column":13},"end":{"line":59,"column":9}},"type":"if","locations":[{"start":{"line":42,"column":13},"end":{"line":59,"column":9}},{"start":{"line":48,"column":13},"end":{"line":59,"column":9}}]},"7":{"loc":{"start":{"line":44,"column":12},"end":{"line":46,"column":13}},"type":"if","locations":[{"start":{"line":44,"column":12},"end":{"line":46,"column":13}}]},"8":{"loc":{"start":{"line":48,"column":13},"end":{"line":59,"column":9}},"type":"if","locations":[{"start":{"line":48,"column":13},"end":{"line":59,"column":9}},{"start":{"line":54,"column":13},"end":{"line":59,"column":9}}]},"9":{"loc":{"start":{"line":50,"column":12},"end":{"line":52,"column":13}},"type":"if","locations":[{"start":{"line":50,"column":12},"end":{"line":52,"column":13}}]},"10":{"loc":{"start":{"line":54,"column":13},"end":{"line":59,"column":9}},"type":"if","locations":[{"start":{"line":54,"column":13},"end":{"line":59,"column":9}}]},"11":{"loc":{"start":{"line":56,"column":12},"end":{"line":58,"column":13}},"type":"if","locations":[{"start":{"line":56,"column":12},"end":{"line":58,"column":13}}]},"12":{"loc":{"start":{"line":62,"column":8},"end":{"line":64,"column":9}},"type":"if","locations":[{"start":{"line":62,"column":8},"end":{"line":64,"column":9}}]},"13":{"loc":{"start":{"line":70,"column":8},"end":{"line":70,"column":53}},"type":"if","locations":[{"start":{"line":70,"column":8},"end":{"line":70,"column":53}}]},"14":{"loc":{"start":{"line":71,"column":8},"end":{"line":72,"column":51}},"type":"if","locations":[{"start":{"line":71,"column":8},"end":{"line":72,"column":51}},{"start":{"line":72,"column":13},"end":{"line":72,"column":51}}]},"15":{"loc":{"start":{"line":92,"column":8},"end":{"line":92,"column":67}},"type":"if","locations":[{"start":{"line":92,"column":8},"end":{"line":92,"column":67}}]},"16":{"loc":{"start":{"line":96,"column":12},"end":{"line":98,"column":13}},"type":"if","locations":[{"start":{"line":96,"column":12},"end":{"line":98,"column":13}}]},"17":{"loc":{"start":{"line":96,"column":16},"end":{"line":96,"column":57}},"type":"binary-expr","locations":[{"start":{"line":96,"column":16},"end":{"line":96,"column":26}},{"start":{"line":96,"column":30},"end":{"line":96,"column":57}}]},"18":{"loc":{"start":{"line":101,"column":8},"end":{"line":103,"column":9}},"type":"if","locations":[{"start":{"line":101,"column":8},"end":{"line":103,"column":9}}]},"19":{"loc":{"start":{"line":107,"column":8},"end":{"line":107,"column":54}},"type":"if","locations":[{"start":{"line":107,"column":8},"end":{"line":107,"column":54}}]},"20":{"loc":{"start":{"line":110,"column":12},"end":{"line":110,"column":50}},"type":"if","locations":[{"start":{"line":110,"column":12},"end":{"line":110,"column":50}}]},"21":{"loc":{"start":{"line":117,"column":12},"end":{"line":120,"column":13}},"type":"if","locations":[{"start":{"line":117,"column":12},"end":{"line":120,"column":13}}]},"22":{"loc":{"start":{"line":117,"column":16},"end":{"line":117,"column":67}},"type":"binary-expr","locations":[{"start":{"line":117,"column":16},"end":{"line":117,"column":29}},{"start":{"line":117,"column":33},"end":{"line":117,"column":67}}]},"23":{"loc":{"start":{"line":127,"column":12},"end":{"line":127,"column":null}},"type":"if","locations":[{"start":{"line":127,"column":12},"end":{"line":127,"column":null}}]},"24":{"loc":{"start":{"line":127,"column":16},"end":{"line":127,"column":67}},"type":"binary-expr","locations":[{"start":{"line":127,"column":16},"end":{"line":127,"column":29}},{"start":{"line":127,"column":33},"end":{"line":127,"column":67}}]},"25":{"loc":{"start":{"line":131,"column":68},"end":{"line":131,"column":85}},"type":"default-arg","locations":[{"start":{"line":131,"column":82},"end":{"line":131,"column":85}}]},"26":{"loc":{"start":{"line":132,"column":8},"end":{"line":132,"column":39}},"type":"if","locations":[{"start":{"line":132,"column":8},"end":{"line":132,"column":39}}]},"27":{"loc":{"start":{"line":133,"column":8},"end":{"line":136,"column":9}},"type":"if","locations":[{"start":{"line":133,"column":8},"end":{"line":136,"column":9}}]},"28":{"loc":{"start":{"line":146,"column":8},"end":{"line":146,"column":49}},"type":"if","locations":[{"start":{"line":146,"column":8},"end":{"line":146,"column":49}}]},"29":{"loc":{"start":{"line":148,"column":8},"end":{"line":148,"column":40}},"type":"if","locations":[{"start":{"line":148,"column":8},"end":{"line":148,"column":40}}]},"30":{"loc":{"start":{"line":149,"column":8},"end":{"line":152,"column":9}},"type":"if","locations":[{"start":{"line":149,"column":8},"end":{"line":152,"column":9}}]},"31":{"loc":{"start":{"line":157,"column":8},"end":{"line":157,"column":39}},"type":"if","locations":[{"start":{"line":157,"column":8},"end":{"line":157,"column":39}}]},"32":{"loc":{"start":{"line":159,"column":45},"end":{"line":159,"column":null}},"type":"if","locations":[{"start":{"line":159,"column":45},"end":{"line":159,"column":null}}]}},"s":{"0":7,"1":7,"2":154,"3":154,"4":154,"5":51,"6":51,"7":51,"8":103,"9":6,"10":6,"11":6,"12":97,"13":38,"14":38,"15":38,"16":59,"17":31,"18":31,"19":31,"20":28,"21":0,"22":0,"23":0,"24":28,"25":3,"26":3,"27":3,"28":25,"29":25,"30":0,"31":25,"32":51,"33":19,"34":32,"35":0,"36":32,"37":0,"38":0,"39":32,"40":32,"41":72,"42":72,"43":32,"44":51,"45":51,"46":0,"47":0,"48":0,"49":0,"50":0,"51":0,"52":15,"53":0,"54":15,"55":15,"56":4,"57":3,"58":12,"59":63,"60":99,"61":12,"62":12,"63":51,"64":0,"65":0,"66":0,"67":51,"68":0,"69":51,"70":0,"71":0,"72":51,"73":51,"74":0,"75":63,"76":0,"77":63,"78":63,"79":51,"80":12,"81":0,"82":0,"83":12,"84":103,"85":0,"86":103,"87":103,"88":81,"89":41,"90":7,"91":7,"92":7},"f":{"0":154,"1":51,"2":0,"3":32,"4":51,"5":15,"6":63,"7":0,"8":51,"9":0,"10":63,"11":103},"b":{"0":[51,103],"1":[51],"2":[6,97],"3":[6],"4":[38,59],"5":[38],"6":[31,28],"7":[31],"8":[0,28],"9":[0],"10":[3],"11":[3],"12":[0],"13":[19],"14":[0,32],"15":[51],"16":[0],"17":[0,0],"18":[0],"19":[0],"20":[3],"21":[12],"22":[99,15],"23":[0],"24":[0,0],"25":[6],"26":[0],"27":[0],"28":[0],"29":[51],"30":[0],"31":[0],"32":[41]}}
[...]
,"C:\\Users\\Артемий\\Documents\\Рабочий стол 2.0\\My projects\\ModularORM\\src\\decorators\\validators\\factory\\ValidatorFactory.ts": {"path":"C:\\Users\\Артемий\\Documents\\Рабочий стол 2.0\\My projects\\ModularORM\\src\\decorators\\validators\\factory\\ValidatorFactory.ts","statementMap":{"0":{"start":{"line":1,"column":0},"end":{"line":1,"column":50}},"1":{"start":{"line":6,"column":8},"end":{"line":11,"column":null}},"2":{"start":{"line":7,"column":30},"end":{"line":7,"column":48}},"3":{"start":{"line":8,"column":12},"end":{"line":8,"column":null}},"4":{"start":{"line":8,"column":51},"end":{"line":8,"column":null}},"5":{"start":{"line":9,"column":110},"end":{"line":9,"column":239}},"6":{"start":{"line":10,"column":12},"end":{"line":10,"column":null}},"7":{"start":{"line":3,"column":0},"end":{"line":3,"column":13}}},"fnMap":{"0":{"name":"(anonymous_0)","decl":{"start":{"line":5,"column":11},"end":{"line":5,"column":17}},"loc":{"start":{"line":5,"column":96},"end":{"line":12,"column":5}}},"1":{"name":"(anonymous_1)","decl":{"start":{"line":6,"column":15},"end":{"line":6,"column":25}},"loc":{"start":{"line":6,"column":60},"end":{"line":11,"column":9}}}},"branchMap":{"0":{"loc":{"start":{"line":8,"column":12},"end":{"line":8,"column":null}},"type":"if","locations":[{"start":{"line":8,"column":12},"end":{"line":8,"column":null}}]}},"s":{"0":7,"1":133,"2":0,"3":0,"4":0,"5":0,"6":0,"7":7},"f":{"0":133,"1":0},"b":{"0":[0]}}
,"C:\\Users\\Артемий\\Documents\\Рабочий стол 2.0\\My projects\\ModularORM\\src\\enums\\QueryExecuteType.ts": {"path":"C:\\Users\\Артемий\\Documents\\Рабочий стол 2.0\\My projects\\ModularORM\\src\\enums\\QueryExecuteType.ts","statementMap":{"0":{"start":{"line":1,"column":0},"end":{"line":1,"column":null}},"1":{"start":{"line":2,"column":4},"end":{"line":2,"column":null}},"2":{"start":{"line":3,"column":4},"end":{"line":3,"column":null}}},"fnMap":{"0":{"name":"(anonymous_0)","decl":{"start":{"line":1,"column":0},"end":{"line":1,"column":12}},"loc":{"start":{"line":1,"column":28},"end":{"line":4,"column":1}}}},"branchMap":{"0":{"loc":{"start":{"line":1,"column":12},"end":{"line":1,"column":null}},"type":"binary-expr","locations":[{"start":{"line":1,"column":12},"end":{"line":1,"column":28}},{"start":{"line":1,"column":28},"end":{"line":1,"column":null}}]}},"s":{"0":7,"1":7,"2":7},"f":{"0":7},"b":{"0":[7,7]}}
,"C:\\Users\\Артемий\\Documents\\Рабочий стол 2.0\\My projects\\ModularORM\\src\\namespaces\\DefaultColumn.ts": {"path":"C:\\Users\\Артемий\\Documents\\Рабочий стол 2.0\\My projects\\ModularORM\\src\\namespaces\\DefaultColumn.ts","statementMap":{"0":{"start":{"line":2,"column":0},"end":{"line":2,"column":54}},"1":{"start":{"line":4,"column":0},"end":{"line":4,"column":null}},"2":{"start":{"line":9,"column":17},"end":{"line":13,"column":null}},"3":{"start":{"line":17,"column":17},"end":{"line":21,"column":null}},"4":{"start":{"line":26,"column":17},"end":{"line":29,"column":null}},"5":{"start":{"line":34,"column":17},"end":{"line":37,"column":null}},"6":{"start":{"line":42,"column":17},"end":{"line":46,"column":null}},"7":{"start":{"line":51,"column":17},"end":{"line":55,"column":null}},"8":{"start":{"line":60,"column":17},"end":{"line":63,"column":null}},"9":{"start":{"line":68,"column":17},"end":{"line":71,"column":null}},"10":{"start":{"line":76,"column":17},"end":{"line":79,"column":null}},"11":{"start":{"line":84,"column":17},"end":{"line":87,"column":null}}},"fnMap":{"0":{"name":"(anonymous_0)","decl":{"start":{"line":4,"column":0},"end":{"line":4,"column":17}},"loc":{"start":{"line":4,"column":30},"end":{"line":89,"column":1}}}},"branchMap":{"0":{"loc":{"start":{"line":4,"column":17},"end":{"line":4,"column":null}},"type":"binary-expr","locations":[{"start":{"line":4,"column":17},"end":{"line":4,"column":30}},{"start":{"line":4,"column":30},"end":{"line":4,"column":null}}]}},"s":{"0":7,"1":7,"2":7,"3":7,"4":7,"5":7,"6":7,"7":7,"8":7,"9":7,"10":7,"11":7},"f":{"0":7},"b":{"0":[7,7]}}
,"C:\\Users\\Артемий\\Documents\\Рабочий стол 2.0\\My projects\\ModularORM\\src\\namespaces\\System.ts": {"path":"C:\\Users\\Артемий\\Documents\\Рабочий стол 2.0\\My projects\\ModularORM\\src\\namespaces\\System.ts","statementMap":{"0":{"start":{"line":7,"column":0},"end":{"line":7,"column":null}},"1":{"start":{"line":9,"column":17},"end":{"line":9,"column":55}},"2":{"start":{"line":10,"column":17},"end":{"line":10,"column":61}},"3":{"start":{"line":11,"column":17},"end":{"line":11,"column":63}},"4":{"start":{"line":12,"column":17},"end":{"line":19,"column":18}},"5":{"start":{"line":20,"column":17},"end":{"line":20,"column":88}},"6":{"start":{"line":21,"column":17},"end":{"line":21,"column":null}},"7":{"start":{"line":23,"column":17},"end":{"line":23,"column":null}},"8":{"start":{"line":24,"column":17},"end":{"line":24,"column":78}},"9":{"start":{"line":25,"column":17},"end":{"line":25,"column":68}},"10":{"start":{"line":26,"column":17},"end":{"line":26,"column":86}},"11":{"start":{"line":27,"column":17},"end":{"line":27,"column":59}},"12":{"start":{"line":28,"column":17},"end":{"line":28,"column":105}},"13":{"start":{"line":30,"column":17},"end":{"line":30,"column":57}},"14":{"start":{"line":31,"column":17},"end":{"line":31,"column":57}},"15":{"start":{"line":32,"column":17},"end":{"line":32,"column":58}}},"fnMap":{"0":{"name":"(anonymous_0)","decl":{"start":{"line":7,"column":0},"end":{"line":7,"column":17}},"loc":{"start":{"line":7,"column":23},"end":{"line":34,"column":1}}}},"branchMap":{"0":{"loc":{"start":{"line":7,"column":17},"end":{"line":7,"column":null}},"type":"binary-expr","locations":[{"start":{"line":7,"column":17},"end":{"line":7,"column":23}},{"start":{"line":7,"column":23},"end":{"line":7,"column":null}}]}},"s":{"0":7,"1":7,"2":7,"3":7,"4":7,"5":7,"6":7,"7":7,"8":7,"9":7,"10":7,"11":7,"12":7,"13":7,"14":7,"15":7},"f":{"0":7},"b":{"0":[7,7]}}
,"C:\\Users\\Артемий\\Documents\\Рабочий стол 2.0\\My projects\\ModularORM\\test\\setup.orm.ts": {"path":"C:\\Users\\Артемий\\Documents\\Рабочий стол 2.0\\My projects\\ModularORM\\test\\setup.orm.ts","statementMap":{"0":{"start":{"line":1,"column":0},"end":{"line":1,"column":34}},"1":{"start":{"line":2,"column":0},"end":{"line":2,"column":40}},"2":{"start":{"line":3,"column":0},"end":{"line":3,"column":34}},"3":{"start":{"line":4,"column":0},"end":{"line":4,"column":40}},"4":{"start":{"line":5,"column":0},"end":{"line":5,"column":36}},"5":{"start":{"line":6,"column":0},"end":{"line":6,"column":42}},"6":{"start":{"line":7,"column":0},"end":{"line":7,"column":36}},"7":{"start":{"line":8,"column":0},"end":{"line":8,"column":36}},"8":{"start":{"line":9,"column":0},"end":{"line":9,"column":42}},"9":{"start":{"line":11,"column":23},"end":{"line":11,"column":28}},"10":{"start":{"line":13,"column":24},"end":{"line":34,"column":1}},"11":{"start":{"line":14,"column":4},"end":{"line":14,"column":18}},"12":{"start":{"line":15,"column":4},"end":{"line":15,"column":15}},"13":{"start":{"line":16,"column":4},"end":{"line":16,"column":18}},"14":{"start":{"line":17,"column":4},"end":{"line":17,"column":16}},"15":{"start":{"line":18,"column":4},"end":{"line":18,"column":19}},"16":{"start":{"line":19,"column":4},"end":{"line":19,"column":16}},"17":{"start":{"line":20,"column":4},"end":{"line":20,"column":16}},"18":{"start":{"line":21,"column":4},"end":{"line":21,"column":19}},"19":{"start":{"line":23,"column":4},"end":{"line":23,"column":23}},"20":{"start":{"line":23,"column":16},"end":{"line":23,"column":23}},"21":{"start":{"line":24,"column":4},"end":{"line":32,"column":null}},"22":{"start":{"line":33,"column":4},"end":{"line":33,"column":18}},"23":{"start":{"line":13,"column":13},"end":{"line":13,"column":24}}},"fnMap":{"0":{"name":"(anonymous_0)","decl":{"start":{"line":13,"column":24},"end":{"line":13,"column":29}},"loc":{"start":{"line":13,"column":35},"end":{"line":34,"column":1}}}},"branchMap":{"0":{"loc":{"start":{"line":23,"column":4},"end":{"line":23,"column":23}},"type":"if","locations":[{"start":{"line":23,"column":4},"end":{"line":23,"column":23}}]}},"s":{"0":7,"1":7,"2":7,"3":7,"4":7,"5":7,"6":7,"7":7,"8":7,"9":7,"10":7,"11":14,"12":14,"13":14,"14":14,"15":14,"16":14,"17":14,"18":14,"19":14,"20":7,"21":7,"22":7,"23":7},"f":{"0":14},"b":{"0":[7]}}
,"C:\\Users\\Артемий\\Documents\\Рабочий стол 2.0\\My projects\\ModularORM\\test\\setup\\Comments.ts": {"path":"C:\\Users\\Артемий\\Documents\\Рабочий стол 2.0\\My projects\\ModularORM\\test\\setup\\Comments.ts","statementMap":{"0":{"start":{"line":1,"column":0},"end":{"line":1,"column":null}},"1":{"start":{"line":13,"column":0},"end":{"line":13,"column":30}},"2":{"start":{"line":17,"column":7},"end":{"line":28,"column":null}},"3":{"start":{"line":17,"column":13},"end":{"line":17,"column":21}},"4":{"start":{"line":20,"column":11},"end":{"line":20,"column":null}},"5":{"start":{"line":23,"column":11},"end":{"line":23,"column":null}},"6":{"start":{"line":26,"column":11},"end":{"line":26,"column":null}},"7":{"start":{"line":25,"column":21},"end":{"line":25,"column":26}},"8":{"start":{"line":25,"column":38},"end":{"line":25,"column":51}},"9":{"start":{"line":17,"column":13},"end":{"line":28,"column":null}}},"fnMap":{"0":{"name":"(anonymous_2)","decl":{"start":{"line":25,"column":15},"end":{"line":25,"column":18}},"loc":{"start":{"line":25,"column":21},"end":{"line":25,"column":26}}},"1":{"name":"(anonymous_3)","decl":{"start":{"line":25,"column":28},"end":{"line":25,"column":29}},"loc":{"start":{"line":25,"column":38},"end":{"line":25,"column":51}}}},"branchMap":{},"s":{"0":7,"1":7,"2":7,"3":7,"4":7,"5":7,"6":7,"7":7,"8":0,"9":7},"f":{"0":7,"1":0},"b":{}}
,"C:\\Users\\Артемий\\Documents\\Рабочий стол 2.0\\My projects\\ModularORM\\test\\setup\\Courses.ts": {"path":"C:\\Users\\Артемий\\Documents\\Рабочий стол 2.0\\My projects\\ModularORM\\test\\setup\\Courses.ts","statementMap":{"0":{"start":{"line":1,"column":0},"end":{"line":1,"column":100}},"1":{"start":{"line":2,"column":0},"end":{"line":2,"column":36}},"2":{"start":{"line":6,"column":7},"end":{"line":17,"column":null}},"3":{"start":{"line":6,"column":13},"end":{"line":6,"column":20}},"4":{"start":{"line":9,"column":11},"end":{"line":9,"column":null}},"5":{"start":{"line":12,"column":11},"end":{"line":12,"column":null}},"6":{"start":{"line":15,"column":11},"end":{"line":15,"column":null}},"7":{"start":{"line":14,"column":22},"end":{"line":14,"column":30}},"8":{"start":{"line":14,"column":45},"end":{"line":14,"column":60}},"9":{"start":{"line":6,"column":13},"end":{"line":17,"column":null}}},"fnMap":{"0":{"name":"(anonymous_2)","decl":{"start":{"line":14,"column":16},"end":{"line":14,"column":19}},"loc":{"start":{"line":14,"column":22},"end":{"line":14,"column":30}}},"1":{"name":"(anonymous_3)","decl":{"start":{"line":14,"column":32},"end":{"line":14,"column":33}},"loc":{"start":{"line":14,"column":45},"end":{"line":14,"column":60}}}},"branchMap":{},"s":{"0":7,"1":7,"2":7,"3":7,"4":7,"5":7,"6":7,"7":39,"8":8,"9":7},"f":{"0":39,"1":8},"b":{}}
,"C:\\Users\\Артемий\\Documents\\Рабочий стол 2.0\\My projects\\ModularORM\\test\\setup\\Logs.ts": {"path":"C:\\Users\\Артемий\\Documents\\Рабочий стол 2.0\\My projects\\ModularORM\\test\\setup\\Logs.ts","statementMap":{"0":{"start":{"line":1,"column":0},"end":{"line":1,"column":114}},"1":{"start":{"line":6,"column":7},"end":{"line":17,"column":null}},"2":{"start":{"line":6,"column":13},"end":{"line":6,"column":17}},"3":{"start":{"line":9,"column":11},"end":{"line":9,"column":null}},"4":{"start":{"line":12,"column":11},"end":{"line":12,"column":null}},"5":{"start":{"line":15,"column":11},"end":{"line":15,"column":null}},"6":{"start":{"line":6,"column":13},"end":{"line":17,"column":null}}},"fnMap":{},"branchMap":{},"s":{"0":7,"1":7,"2":7,"3":7,"4":7,"5":7,"6":7},"f":{},"b":{}}
,"C:\\Users\\Артемий\\Documents\\Рабочий стол 2.0\\My projects\\ModularORM\\test\\setup\\Members.ts": {"path":"C:\\Users\\Артемий\\Documents\\Рабочий стол 2.0\\My projects\\ModularORM\\test\\setup\\Members.ts","statementMap":{"0":{"start":{"line":1,"column":0},"end":{"line":1,"column":117}},"1":{"start":{"line":2,"column":0},"end":{"line":2,"column":39}},"2":{"start":{"line":6,"column":7},"end":{"line":14,"column":null}},"3":{"start":{"line":6,"column":13},"end":{"line":6,"column":20}},"4":{"start":{"line":9,"column":11},"end":{"line":9,"column":null}},"5":{"start":{"line":12,"column":11},"end":{"line":12,"column":null}},"6":{"start":{"line":6,"column":13},"end":{"line":14,"column":null}},"7":{"start":{"line":16,"column":0},"end":{"line":16,"column":13}},"8":{"start":{"line":19,"column":11},"end":{"line":19,"column":null}},"9":{"start":{"line":23,"column":11},"end":{"line":23,"column":null}},"10":{"start":{"line":26,"column":11},"end":{"line":26,"column":null}},"11":{"start":{"line":25,"column":21},"end":{"line":25,"column":26}},"12":{"start":{"line":25,"column":38},"end":{"line":25,"column":52}},"13":{"start":{"line":25,"column":70},"end":{"line":25,"column":77}}},"fnMap":{"0":{"name":"(anonymous_2)","decl":{"start":{"line":25,"column":15},"end":{"line":25,"column":18}},"loc":{"start":{"line":25,"column":21},"end":{"line":25,"column":26}}},"1":{"name":"(anonymous_3)","decl":{"start":{"line":25,"column":28},"end":{"line":25,"column":29}},"loc":{"start":{"line":25,"column":38},"end":{"line":25,"column":52}}},"2":{"name":"(anonymous_4)","decl":{"start":{"line":25,"column":64},"end":{"line":25,"column":67}},"loc":{"start":{"line":25,"column":70},"end":{"line":25,"column":77}}}},"branchMap":{},"s":{"0":7,"1":7,"2":7,"3":7,"4":7,"5":7,"6":7,"7":7,"8":7,"9":7,"10":7,"11":4,"12":2,"13":4},"f":{"0":4,"1":2,"2":4},"b":{}}
,"C:\\Users\\Артемий\\Documents\\Рабочий стол 2.0\\My projects\\ModularORM\\test\\setup\\Posts.ts": {"path":"C:\\Users\\Артемий\\Documents\\Рабочий стол 2.0\\My projects\\ModularORM\\test\\setup\\Posts.ts","statementMap":{"0":{"start":{"line":1,"column":0},"end":{"line":1,"column":117}},"1":{"start":{"line":2,"column":0},"end":{"line":2,"column":36}},"2":{"start":{"line":6,"column":7},"end":{"line":17,"column":null}},"3":{"start":{"line":6,"column":13},"end":{"line":6,"column":18}},"4":{"start":{"line":9,"column":11},"end":{"line":9,"column":null}},"5":{"start":{"line":12,"column":11},"end":{"line":12,"column":null}},"6":{"start":{"line":15,"column":11},"end":{"line":15,"column":null}},"7":{"start":{"line":14,"column":21},"end":{"line":14,"column":29}},"8":{"start":{"line":14,"column":44},"end":{"line":14,"column":61}},"9":{"start":{"line":6,"column":13},"end":{"line":17,"column":null}}},"fnMap":{"0":{"name":"(anonymous_2)","decl":{"start":{"line":14,"column":15},"end":{"line":14,"column":18}},"loc":{"start":{"line":14,"column":21},"end":{"line":14,"column":29}}},"1":{"name":"(anonymous_3)","decl":{"start":{"line":14,"column":31},"end":{"line":14,"column":32}},"loc":{"start":{"line":14,"column":44},"end":{"line":14,"column":61}}}},"branchMap":{},"s":{"0":7,"1":7,"2":7,"3":7,"4":7,"5":7,"6":7,"7":4,"8":2,"9":7},"f":{"0":4,"1":2},"b":{}}
,"C:\\Users\\Артемий\\Documents\\Рабочий стол 2.0\\My projects\\ModularORM\\test\\setup\\Ranks.ts": {"path":"C:\\Users\\Артемий\\Documents\\Рабочий стол 2.0\\My projects\\ModularORM\\test\\setup\\Ranks.ts","statementMap":{"0":{"start":{"line":1,"column":0},"end":{"line":1,"column":107}},"1":{"start":{"line":2,"column":0},"end":{"line":2,"column":34}},"2":{"start":{"line":6,"column":7},"end":{"line":20,"column":null}},"3":{"start":{"line":6,"column":13},"end":{"line":6,"column":18}},"4":{"start":{"line":9,"column":11},"end":{"line":9,"column":null}},"5":{"start":{"line":12,"column":11},"end":{"line":12,"column":null}},"6":{"start":{"line":15,"column":11},"end":{"line":15,"column":null}},"7":{"start":{"line":18,"column":11},"end":{"line":18,"column":null}},"8":{"start":{"line":17,"column":21},"end":{"line":17,"column":28}},"9":{"start":{"line":17,"column":42},"end":{"line":17,"column":54}},"10":{"start":{"line":6,"column":13},"end":{"line":20,"column":null}},"11":{"start":{"line":22,"column":0},"end":{"line":22,"column":13}},"12":{"start":{"line":25,"column":11},"end":{"line":25,"column":null}},"13":{"start":{"line":28,"column":11},"end":{"line":28,"column":null}},"14":{"start":{"line":31,"column":11},"end":{"line":31,"column":null}},"15":{"start":{"line":34,"column":11},"end":{"line":34,"column":null}}},"fnMap":{"0":{"name":"(anonymous_2)","decl":{"start":{"line":17,"column":15},"end":{"line":17,"column":18}},"loc":{"start":{"line":17,"column":21},"end":{"line":17,"column":28}}},"1":{"name":"(anonymous_3)","decl":{"start":{"line":17,"column":30},"end":{"line":17,"column":31}},"loc":{"start":{"line":17,"column":42},"end":{"line":17,"column":54}}}},"branchMap":{},"s":{"0":7,"1":7,"2":7,"3":7,"4":7,"5":7,"6":7,"7":7,"8":7,"9":0,"10":7,"11":7,"12":7,"13":7,"14":7,"15":7},"f":{"0":7,"1":0},"b":{}}
,"C:\\Users\\Артемий\\Documents\\Рабочий стол 2.0\\My projects\\ModularORM\\test\\setup\\Students.ts": {"path":"C:\\Users\\Артемий\\Documents\\Рабочий стол 2.0\\My projects\\ModularORM\\test\\setup\\Students.ts","statementMap":{"0":{"start":{"line":1,"column":0},"end":{"line":1,"column":111}},"1":{"start":{"line":2,"column":0},"end":{"line":2,"column":34}},"2":{"start":{"line":6,"column":7},"end":{"line":18,"column":null}},"3":{"start":{"line":6,"column":13},"end":{"line":6,"column":21}},"4":{"start":{"line":9,"column":11},"end":{"line":9,"column":null}},"5":{"start":{"line":12,"column":11},"end":{"line":12,"column":null}},"6":{"start":{"line":16,"column":11},"end":{"line":16,"column":null}},"7":{"start":{"line":14,"column":22},"end":{"line":14,"column":29}},"8":{"start":{"line":14,"column":43},"end":{"line":14,"column":58}},"9":{"start":{"line":6,"column":13},"end":{"line":18,"column":null}}},"fnMap":{"0":{"name":"(anonymous_2)","decl":{"start":{"line":14,"column":16},"end":{"line":14,"column":19}},"loc":{"start":{"line":14,"column":22},"end":{"line":14,"column":29}}},"1":{"name":"(anonymous_3)","decl":{"start":{"line":14,"column":31},"end":{"line":14,"column":32}},"loc":{"start":{"line":14,"column":43},"end":{"line":14,"column":58}}}},"branchMap":{},"s":{"0":7,"1":7,"2":7,"3":7,"4":7,"5":7,"6":7,"7":37,"8":18,"9":7},"f":{"0":37,"1":18},"b":{}}
,"C:\\Users\\Артемий\\Documents\\Рабочий стол 2.0\\My projects\\ModularORM\\test\\setup\\Users.ts": {"path":"C:\\Users\\Артемий\\Documents\\Рабочий стол 2.0\\My projects\\ModularORM\\test\\setup\\Users.ts","statementMap":{"0":{"start":{"line":1,"column":0},"end":{"line":1,"column":107}},"1":{"start":{"line":5,"column":7},"end":{"line":16,"column":null}},"2":{"start":{"line":5,"column":13},"end":{"line":5,"column":18}},"3":{"start":{"line":8,"column":11},"end":{"line":8,"column":null}},"4":{"start":{"line":11,"column":11},"end":{"line":11,"column":null}},"5":{"start":{"line":14,"column":11},"end":{"line":14,"column":null}},"6":{"start":{"line":5,"column":13},"end":{"line":16,"column":null}},"7":{"start":{"line":18,"column":0},"end":{"line":18,"column":13}},"8":{"start":{"line":21,"column":11},"end":{"line":21,"column":null}},"9":{"start":{"line":24,"column":11},"end":{"line":24,"column":null}},"10":{"start":{"line":28,"column":11},"end":{"line":28,"column":null}}},"fnMap":{},"branchMap":{},"s":{"0":7,"1":7,"2":7,"3":7,"4":7,"5":7,"6":7,"7":7,"8":7,"9":7,"10":7},"f":{},"b":{}}
}
