TN:
SF:src\index.ts
FN:46,(anonymous_4)
FN:46,(anonymous_5)
FNF:2
FNH:0
FNDA:0,(anonymous_4)
FNDA:0,(anonymous_5)
DA:17,7
DA:20,7
DA:21,7
DA:24,7
DA:25,7
DA:26,7
DA:27,7
DA:28,7
DA:29,7
DA:30,7
DA:31,7
DA:32,7
DA:33,7
DA:34,7
DA:35,7
DA:36,7
DA:37,7
DA:38,7
DA:39,7
DA:40,7
DA:43,7
DA:46,7
DA:49,7
DA:50,7
DA:51,7
DA:52,7
DA:53,7
DA:54,7
DA:55,7
DA:56,7
DA:57,7
DA:58,7
DA:59,7
DA:60,7
DA:61,7
DA:62,7
DA:63,7
DA:64,7
DA:65,7
DA:66,7
DA:67,7
DA:70,7
DA:71,7
DA:72,7
DA:73,7
DA:74,7
DA:75,7
DA:76,7
DA:79,7
DA:80,7
DA:81,7
DA:82,7
DA:83,7
DA:84,7
DA:85,7
DA:86,7
DA:87,7
DA:90,7
DA:93,7
LF:59
LH:59
BRF:0
BRH:0
end_of_record
TN:
SF:src\modularorm.ts
FN:21,(anonymous_0)
FN:73,(anonymous_1)
FN:23,(anonymous_2)
FN:33,(anonymous_3)
FN:79,(anonymous_4)
FNF:5
FNH:4
FNDA:7,(anonymous_0)
FNDA:0,(anonymous_1)
FNDA:7,(anonymous_2)
FNDA:7,(anonymous_3)
FNDA:7,(anonymous_4)
DA:3,7
DA:4,7
DA:5,7
DA:7,7
DA:8,7
DA:9,7
DA:16,7
DA:24,7
DA:25,7
DA:34,7
DA:35,7
DA:37,7
DA:38,7
DA:40,7
DA:41,0
DA:43,7
DA:44,0
DA:46,7
DA:47,0
DA:49,7
DA:50,7
DA:52,7
DA:53,0
DA:55,7
DA:56,0
DA:58,7
DA:59,7
DA:61,7
DA:62,7
DA:64,7
DA:65,7
DA:67,7
DA:68,7
DA:69,7
DA:70,7
DA:73,7
DA:80,7
DA:81,7
LF:38
LH:33
BRDA:34,0,0,0
BRDA:34,0,1,7
BRDA:37,1,0,0
BRDA:37,1,1,7
BRDA:40,2,0,7
BRDA:40,2,1,0
BRDA:43,3,0,7
BRDA:43,3,1,0
BRDA:46,4,0,7
BRDA:46,4,1,0
BRDA:49,5,0,0
BRDA:49,5,1,7
BRDA:52,6,0,7
BRDA:52,6,1,0
BRDA:55,7,0,7
BRDA:55,7,1,0
BRDA:58,8,0,0
BRDA:58,8,1,7
BRDA:61,9,0,0
BRDA:61,9,1,7
BRDA:70,10,0,0
BRDA:80,11,0,7
BRF:22
BRH:11
end_of_record
TN:
SF:src\classes\Logger.ts
FN:6,(anonymous_1)
FN:10,(anonymous_2)
FN:14,(anonymous_3)
FNF:3
FNH:1
FNDA:222,(anonymous_1)
FNDA:0,(anonymous_2)
FNDA:0,(anonymous_3)
DA:1,7
DA:2,7
DA:4,7
DA:7,222
DA:11,0
DA:15,0
LF:6
LH:4
BRDA:7,0,0,0
BRF:1
BRH:0
end_of_record
TN:
SF:src\classes\abstract\BaseBuilder.ts
FNF:0
FNH:0
DA:1,7
LF:1
LH:1
BRF:0
BRH:0
end_of_record
TN:
SF:src\classes\abstract\BaseEnumClass.ts
FNF:0
FNH:0
DA:1,7
LF:1
LH:1
BRF:0
BRH:0
end_of_record
TN:
SF:src\classes\abstract\Database.ts
FN:25,(anonymous_1)
FN:27,(anonymous_2)
FN:39,(anonymous_3)
FN:44,(anonymous_4)
FN:121,(anonymous_5)
FN:123,(anonymous_6)
FN:125,(anonymous_7)
FN:140,(anonymous_8)
FN:143,(anonymous_9)
FN:156,(anonymous_10)
FN:172,(anonymous_11)
FNF:11
FNH:10
FNDA:173,(anonymous_1)
FNDA:7,(anonymous_2)
FNDA:56,(anonymous_3)
FNDA:147,(anonymous_4)
FNDA:7,(anonymous_5)
FNDA:7,(anonymous_6)
FNDA:14,(anonymous_7)
FNDA:7,(anonymous_8)
FNDA:14,(anonymous_9)
FNDA:49,(anonymous_10)
FNDA:0,(anonymous_11)
DA:2,7
DA:4,7
DA:5,7
DA:6,7
DA:7,7
DA:8,7
DA:11,7
DA:12,7
DA:13,7
DA:15,7
DA:16,7
DA:19,7
DA:21,7
DA:28,7
DA:29,7
DA:30,7
DA:34,0
DA:35,0
DA:40,56
DA:41,56
DA:42,56
DA:44,56
DA:45,147
DA:46,147
DA:48,147
DA:49,56
DA:52,147
DA:53,56
DA:56,147
DA:57,0
DA:58,0
DA:59,0
DA:62,147
DA:63,0
DA:66,147
DA:67,7
DA:70,147
DA:71,0
DA:72,0
DA:75,147
DA:76,0
DA:79,147
DA:80,14
DA:87,147
DA:90,56
DA:92,56
DA:93,0
DA:96,56
DA:99,56
DA:101,56
DA:102,56
DA:103,56
DA:105,56
DA:107,56
DA:108,56
DA:109,56
DA:110,56
DA:118,56
DA:122,7
DA:123,7
DA:124,7
DA:125,14
DA:126,7
DA:127,7
DA:128,7
DA:129,7
DA:131,7
DA:132,7
DA:133,7
DA:134,7
DA:136,7
DA:141,7
DA:142,14
DA:143,14
DA:144,14
DA:145,14
DA:146,14
DA:149,7
DA:150,56
DA:154,7
DA:156,7
DA:157,49
DA:158,49
DA:160,49
DA:161,49
DA:163,49
DA:164,49
DA:166,49
DA:169,7
DA:170,7
DA:171,0
DA:172,0
DA:175,7
DA:176,56
DA:177,56
DA:179,56
DA:181,56
DA:182,56
DA:183,56
DA:184,56
DA:185,56
DA:186,56
DA:188,0
DA:192,7
LF:104
LH:91
BRDA:29,0,0,7
BRDA:29,0,1,0
BRDA:30,1,0,7
BRDA:34,2,0,0
BRDA:35,3,0,0
BRDA:40,4,0,56
BRDA:40,4,1,0
BRDA:48,5,0,56
BRDA:52,6,0,56
BRDA:56,7,0,0
BRDA:57,8,0,0
BRDA:57,8,1,0
BRDA:58,9,0,0
BRDA:58,9,1,0
BRDA:62,10,0,0
BRDA:66,11,0,7
BRDA:70,12,0,0
BRDA:71,13,0,0
BRDA:71,13,1,0
BRDA:75,14,0,0
BRDA:79,15,0,14
BRDA:82,16,0,0
BRDA:82,16,1,14
BRDA:83,17,0,0
BRDA:83,17,1,14
BRDA:92,18,0,0
BRDA:96,19,0,14
BRDA:96,19,1,42
BRDA:99,20,0,7
BRDA:99,20,1,49
BRDA:101,21,0,0
BRDA:101,21,1,56
BRDA:102,22,0,0
BRDA:102,22,1,56
BRDA:103,23,0,0
BRDA:103,23,1,56
BRDA:105,24,0,0
BRDA:105,25,0,56
BRDA:105,25,1,0
BRDA:109,26,0,56
BRDA:109,26,1,56
BRDA:111,27,0,56
BRDA:111,27,1,56
BRDA:112,28,0,56
BRDA:112,28,1,56
BRDA:113,29,0,56
BRDA:113,29,1,56
BRDA:114,30,0,56
BRDA:114,30,1,56
BRDA:115,31,0,56
BRDA:115,31,1,56
BRDA:124,32,0,0
BRDA:126,33,0,0
BRDA:129,34,0,7
BRDA:129,34,1,7
BRDA:133,35,0,0
BRDA:133,36,0,7
BRDA:133,36,1,7
BRDA:134,37,0,0
BRDA:134,37,1,7
BRDA:142,38,0,14
BRDA:142,38,1,0
BRDA:144,39,0,0
BRDA:160,40,0,49
BRDA:160,40,1,0
BRDA:161,41,0,49
BRDA:161,41,1,0
BRDA:163,42,0,49
BRDA:163,42,1,49
BRDA:164,43,0,49
BRDA:164,43,1,49
BRDA:170,44,0,0
BRDA:177,45,0,56
BRDA:177,45,1,0
BRDA:179,46,0,0
BRDA:179,47,0,56
BRDA:179,47,1,0
BRF:77
BRH:43
end_of_record
TN:
SF:src\classes\abstract\Module.ts
FN:21,(anonymous_0)
FNF:1
FNH:0
FNDA:0,(anonymous_0)
DA:1,7
DA:10,7
DA:22,0
DA:23,0
LF:4
LH:2
BRF:0
BRH:0
end_of_record
TN:
SF:src\classes\adapter\GetPropertyName.ts
FN:5,(anonymous_0)
FN:9,(anonymous_1)
FNF:2
FNH:2
FNDA:32,(anonymous_0)
FNDA:32,(anonymous_1)
DA:1,7
DA:3,7
DA:6,32
DA:8,32
DA:10,32
DA:11,32
DA:15,32
DA:17,32
DA:19,32
LF:9
LH:9
BRDA:17,0,0,0
BRF:1
BRH:0
end_of_record
TN:
SF:src\classes\adapter\ModelAdapter.ts
FN:14,(anonymous_0)
FN:18,(anonymous_1)
FN:24,(anonymous_2)
FN:27,(anonymous_3)
FN:36,(anonymous_4)
FN:51,(anonymous_5)
FN:63,(anonymous_6)
FN:74,(anonymous_7)
FN:95,(anonymous_8)
FN:107,(anonymous_9)
FNF:10
FNH:8
FNDA:94,(anonymous_0)
FNDA:60,(anonymous_1)
FNDA:0,(anonymous_2)
FNDA:4,(anonymous_3)
FNDA:34,(anonymous_4)
FNDA:50,(anonymous_5)
FNDA:1,(anonymous_6)
FNDA:6,(anonymous_7)
FNDA:4,(anonymous_8)
FNDA:0,(anonymous_9)
DA:2,7
DA:3,7
DA:4,7
DA:7,7
DA:8,7
DA:9,7
DA:12,7
DA:15,94
DA:19,60
DA:21,60
DA:22,38
DA:23,38
DA:24,2
DA:26,2
DA:27,4
DA:28,2
DA:30,36
DA:33,60
DA:37,34
DA:39,34
DA:40,54
DA:43,34
DA:44,34
DA:45,34
DA:46,34
DA:48,34
DA:52,50
DA:54,50
DA:55,50
DA:56,50
DA:57,50
DA:58,50
DA:59,50
DA:60,50
DA:62,50
DA:63,1
DA:64,1
DA:67,50
DA:68,50
DA:70,50
DA:75,6
DA:77,6
DA:78,7
DA:81,6
DA:82,6
DA:83,6
DA:84,6
DA:86,6
DA:87,6
DA:88,6
DA:91,6
DA:96,4
DA:98,4
DA:99,4
DA:100,4
DA:101,4
DA:103,4
DA:108,0
DA:109,0
DA:110,0
DA:111,0
LF:61
LH:57
BRDA:23,0,0,2
BRDA:23,0,1,36
BRDA:24,1,0,0
BRDA:24,1,1,2
BRDA:59,2,0,50
BRDA:59,2,1,50
BRDA:60,3,0,25
BRDA:62,4,0,1
BRDA:62,5,0,50
BRDA:62,5,1,1
BRDA:67,6,0,15
BRDA:68,7,0,0
BRDA:86,8,0,6
BRDA:86,9,0,6
BRDA:86,9,1,6
BRF:15
BRH:13
end_of_record
TN:
SF:src\classes\adapter\ModuleSchema.ts
FN:12,(anonymous_0)
FN:14,(anonymous_1)
FN:18,(anonymous_2)
FN:20,(anonymous_3)
FN:25,(anonymous_4)
FN:40,(anonymous_5)
FN:55,(anonymous_6)
FN:60,(anonymous_7)
FN:65,(anonymous_8)
FN:77,(anonymous_9)
FN:85,(anonymous_10)
FN:93,(anonymous_11)
FN:128,(anonymous_12)
FN:132,(anonymous_13)
FNF:14
FNH:12
FNDA:273,(anonymous_0)
FNDA:143,(anonymous_1)
FNDA:76,(anonymous_2)
FNDA:76,(anonymous_3)
FNDA:35,(anonymous_4)
FNDA:5,(anonymous_5)
FNDA:0,(anonymous_6)
FNDA:3,(anonymous_7)
FNDA:6,(anonymous_8)
FNDA:37,(anonymous_9)
FNDA:96,(anonymous_10)
FNDA:21,(anonymous_11)
FNDA:0,(anonymous_12)
FNDA:2,(anonymous_13)
DA:3,7
DA:8,7
DA:10,7
DA:12,273
DA:15,143
DA:19,76
DA:20,76
DA:21,76
DA:22,76
DA:26,35
DA:27,35
DA:28,35
DA:29,28
DA:31,28
DA:32,28
DA:33,4
DA:34,4
DA:37,24
DA:41,5
DA:42,5
DA:43,5
DA:44,5
DA:46,5
DA:47,5
DA:48,5
DA:49,5
DA:52,0
DA:56,0
DA:57,0
DA:61,3
DA:62,3
DA:66,6
DA:68,6
DA:69,6
DA:70,14
DA:71,4
DA:74,2
DA:78,37
DA:79,37
DA:80,74
DA:82,37
DA:86,96
DA:87,96
DA:88,192
DA:90,96
DA:94,21
DA:95,21
DA:96,21
DA:97,21
DA:99,21
DA:100,42
DA:101,21
DA:102,9
DA:103,9
DA:105,12
DA:110,21
DA:112,21
DA:113,21
DA:114,21
DA:115,21
DA:118,21
DA:122,21
DA:123,21
DA:125,21
DA:133,2
DA:134,2
DA:135,2
LF:67
LH:64
BRDA:15,0,0,143
BRDA:15,0,1,14
BRDA:19,1,0,76
BRDA:19,1,1,0
BRDA:21,2,0,0
BRDA:27,3,0,0
BRDA:28,4,0,7
BRDA:31,5,0,28
BRDA:31,5,1,24
BRDA:33,6,0,4
BRDA:42,7,0,0
BRDA:43,8,0,0
BRDA:46,9,0,5
BRDA:46,9,1,0
BRDA:48,10,0,5
BRDA:57,11,0,0
BRDA:57,11,1,0
BRDA:61,12,0,3
BRDA:61,12,1,0
BRDA:68,13,0,6
BRDA:68,13,1,0
BRDA:70,14,0,4
BRDA:80,15,0,4
BRDA:88,16,0,40
BRDA:97,17,0,12
BRDA:100,18,0,21
BRDA:101,19,0,9
BRDA:101,19,1,12
BRDA:110,20,0,0
BRDA:110,21,0,21
BRDA:110,21,1,21
BRDA:114,22,0,21
BRDA:115,23,0,0
BRDA:118,24,0,0
BRDA:122,25,0,0
BRDA:122,25,1,21
BRDA:134,26,0,0
BRF:37
BRH:22
end_of_record
TN:
SF:src\classes\base\Cache.ts
FN:19,(anonymous_0)
FN:69,(anonymous_1)
FN:75,(anonymous_2)
FN:80,(anonymous_3)
FN:91,(anonymous_4)
FN:106,(anonymous_5)
FN:115,(anonymous_6)
FN:125,(anonymous_7)
FN:131,(anonymous_8)
FN:141,(anonymous_9)
FN:145,(anonymous_10)
FN:156,(anonymous_11)
FNF:12
FNH:9
FNDA:154,(anonymous_0)
FNDA:51,(anonymous_1)
FNDA:0,(anonymous_2)
FNDA:32,(anonymous_3)
FNDA:51,(anonymous_4)
FNDA:15,(anonymous_5)
FNDA:63,(anonymous_6)
FNDA:0,(anonymous_7)
FNDA:51,(anonymous_8)
FNDA:0,(anonymous_9)
FNDA:63,(anonymous_10)
FNDA:103,(anonymous_11)
DA:1,7
DA:2,7
DA:14,7
DA:16,7
DA:17,7
DA:20,154
DA:22,154
DA:24,154
DA:25,51
DA:26,51
DA:27,51
DA:30,103
DA:31,6
DA:32,6
DA:33,6
DA:36,97
DA:37,38
DA:38,38
DA:39,38
DA:42,59
DA:43,31
DA:44,31
DA:45,31
DA:48,28
DA:49,0
DA:50,0
DA:51,0
DA:54,28
DA:55,3
DA:56,3
DA:57,3
DA:61,25
DA:62,25
DA:63,0
DA:66,25
DA:70,51
DA:71,32
DA:72,32
DA:76,0
DA:77,0
DA:81,32
DA:83,32
DA:84,72
DA:85,72
DA:88,32
DA:92,51
DA:94,0
DA:95,0
DA:96,0
DA:97,0
DA:101,0
DA:102,0
DA:107,15
DA:109,15
DA:110,4
DA:112,12
DA:116,63
DA:117,99
DA:118,12
DA:119,12
DA:122,51
DA:126,0
DA:127,0
DA:132,51
DA:133,51
DA:134,0
DA:135,0
DA:137,51
DA:138,51
DA:142,0
DA:146,63
DA:147,63
DA:148,63
DA:149,12
DA:150,0
DA:151,0
DA:153,12
DA:157,103
DA:158,103
DA:159,103
LF:80
LH:61
BRDA:24,0,0,51
BRDA:24,0,1,103
BRDA:26,1,0,51
BRDA:30,2,0,6
BRDA:30,2,1,97
BRDA:32,3,0,6
BRDA:36,4,0,38
BRDA:36,4,1,59
BRDA:38,5,0,38
BRDA:42,6,0,31
BRDA:42,6,1,28
BRDA:44,7,0,31
BRDA:48,8,0,0
BRDA:48,8,1,28
BRDA:50,9,0,0
BRDA:54,10,0,3
BRDA:56,11,0,3
BRDA:62,12,0,0
BRDA:70,13,0,19
BRDA:71,14,0,0
BRDA:71,14,1,32
BRDA:92,15,0,51
BRDA:96,16,0,0
BRDA:96,17,0,0
BRDA:96,17,1,0
BRDA:101,18,0,0
BRDA:107,19,0,0
BRDA:110,20,0,3
BRDA:117,21,0,12
BRDA:117,22,0,99
BRDA:117,22,1,15
BRDA:127,23,0,0
BRDA:127,24,0,0
BRDA:127,24,1,0
BRDA:131,25,0,6
BRDA:132,26,0,0
BRDA:133,27,0,0
BRDA:146,28,0,0
BRDA:148,29,0,51
BRDA:149,30,0,0
BRDA:157,31,0,0
BRDA:159,32,0,41
BRF:42
BRH:25
end_of_record
TN:
SF:src\classes\base\ColumnType.ts
FN:77,(anonymous_0)
FN:81,(anonymous_1)
FN:29,(anonymous_2)
FN:69,(anonymous_3)
FNF:4
FNH:2
FNDA:154,(anonymous_0)
FNDA:0,(anonymous_1)
FNDA:63,(anonymous_2)
FNDA:0,(anonymous_3)
DA:1,7
DA:16,7
DA:20,7
DA:29,63
DA:35,7
DA:41,7
DA:47,7
DA:53,7
DA:59,7
DA:65,7
DA:66,7
DA:67,7
DA:68,7
DA:69,7
DA:70,0
DA:71,7
DA:72,7
DA:73,7
DA:78,154
DA:79,154
DA:82,0
DA:84,0
DA:85,0
DA:86,0
DA:87,0
DA:91,0
DA:92,0
DA:93,0
DA:94,0
DA:98,0
DA:99,0
DA:101,0
DA:102,0
DA:103,0
DA:104,0
DA:105,0
DA:106,0
DA:107,0
DA:108,0
DA:109,0
DA:110,0
DA:111,0
DA:112,0
DA:113,0
DA:114,0
LF:45
LH:19
BRDA:84,0,0,0
BRDA:86,1,0,0
BRDA:91,2,0,0
BRDA:93,3,0,0
BRDA:98,4,0,0
BRDA:98,4,1,0
BRDA:98,4,2,0
BRDA:98,4,3,0
BRDA:98,4,4,0
BRDA:98,4,5,0
BRDA:98,4,6,0
BRDA:98,4,7,0
BRDA:98,4,8,0
BRDA:98,4,9,0
BRDA:98,4,10,0
BRDA:98,4,11,0
BRDA:98,4,12,0
BRDA:98,4,13,0
BRDA:98,4,14,0
BRDA:98,4,15,0
BRF:20
BRH:0
end_of_record
TN:
SF:src\classes\base\DatabaseAPI.ts
FN:15,(anonymous_1)
FN:19,(anonymous_2)
FN:29,(anonymous_3)
FN:55,(anonymous_4)
FN:79,(anonymous_5)
FN:87,(anonymous_6)
FN:95,(anonymous_7)
FNF:7
FNH:4
FNDA:173,(anonymous_1)
FNDA:51,(anonymous_2)
FNDA:103,(anonymous_3)
FNDA:63,(anonymous_4)
FNDA:0,(anonymous_5)
FNDA:0,(anonymous_6)
FNDA:0,(anonymous_7)
DA:1,7
DA:5,7
DA:6,7
DA:7,7
DA:8,7
DA:10,7
DA:12,7
DA:13,7
DA:16,173
DA:20,51
DA:21,45
DA:30,103
DA:31,103
DA:32,103
DA:33,103
DA:34,103
DA:35,103
DA:36,103
DA:37,103
DA:39,103
DA:41,0
DA:42,0
DA:43,0
DA:45,0
DA:56,63
DA:57,63
DA:58,63
DA:59,63
DA:60,63
DA:61,63
DA:62,12
DA:63,12
DA:64,12
DA:66,51
DA:67,51
DA:68,51
DA:69,51
DA:71,0
DA:73,51
DA:74,51
DA:76,51
DA:80,0
DA:81,0
DA:83,0
DA:84,0
DA:88,0
DA:89,0
DA:91,0
DA:92,0
DA:96,0
DA:97,0
DA:99,0
DA:100,0
LF:53
LH:36
BRDA:20,0,0,6
BRDA:20,0,1,45
BRDA:35,1,0,103
BRDA:35,1,1,0
BRDA:36,2,0,103
BRDA:39,3,0,103
BRDA:39,3,1,0
BRDA:41,4,0,0
BRDA:41,5,0,0
BRDA:41,5,1,0
BRDA:42,6,0,0
BRDA:61,7,0,12
BRDA:69,8,0,51
BRDA:73,9,0,51
BRDA:80,10,0,0
BRDA:88,11,0,0
BRDA:96,12,0,0
BRF:17
BRH:8
end_of_record
TN:
SF:src\classes\base\DatabaseUpdate.ts
FN:50,(anonymous_10)
FN:59,(anonymous_11)
FN:79,(anonymous_12)
FN:218,(anonymous_13)
FN:252,(anonymous_14)
FN:254,(anonymous_15)
FN:254,(anonymous_16)
FN:254,(anonymous_17)
FN:259,(anonymous_18)
FN:314,(anonymous_19)
FN:318,(anonymous_20)
FN:322,(anonymous_21)
FN:323,(anonymous_22)
FN:323,(anonymous_23)
FN:323,(anonymous_24)
FN:333,(anonymous_25)
FN:361,(anonymous_26)
FN:388,(anonymous_27)
FN:396,(anonymous_28)
FNF:19
FNH:0
FNDA:0,(anonymous_10)
FNDA:0,(anonymous_11)
FNDA:0,(anonymous_12)
FNDA:0,(anonymous_13)
FNDA:0,(anonymous_14)
FNDA:0,(anonymous_15)
FNDA:0,(anonymous_16)
FNDA:0,(anonymous_17)
FNDA:0,(anonymous_18)
FNDA:0,(anonymous_19)
FNDA:0,(anonymous_20)
FNDA:0,(anonymous_21)
FNDA:0,(anonymous_22)
FNDA:0,(anonymous_23)
FNDA:0,(anonymous_24)
FNDA:0,(anonymous_25)
FNDA:0,(anonymous_26)
FNDA:0,(anonymous_27)
FNDA:0,(anonymous_28)
DA:1,7
DA:3,7
DA:4,7
DA:5,7
DA:7,7
DA:8,7
DA:9,7
DA:10,7
DA:11,7
DA:12,7
DA:13,7
DA:14,7
DA:15,7
DA:19,7
DA:43,7
DA:45,7
DA:46,7
DA:47,7
DA:48,7
DA:51,0
DA:52,0
DA:53,0
DA:55,0
DA:60,0
DA:61,0
DA:62,0
DA:63,0
DA:64,0
DA:65,0
DA:66,0
DA:67,0
DA:71,0
DA:72,0
DA:74,0
DA:75,0
DA:77,0
DA:79,0
DA:83,0
DA:84,0
DA:86,0
DA:88,0
DA:90,0
DA:95,0
DA:100,0
DA:101,0
DA:102,0
DA:103,0
DA:106,0
DA:107,0
DA:110,0
DA:111,0
DA:112,0
DA:113,0
DA:114,0
DA:116,0
DA:121,0
DA:123,0
DA:124,0
DA:125,0
DA:127,0
DA:128,0
DA:131,0
DA:136,0
DA:137,0
DA:146,0
DA:147,0
DA:148,0
DA:149,0
DA:150,0
DA:151,0
DA:152,0
DA:153,0
DA:154,0
DA:155,0
DA:156,0
DA:157,0
DA:158,0
DA:159,0
DA:160,0
DA:162,0
DA:165,0
DA:166,0
DA:167,0
DA:168,0
DA:169,0
DA:171,0
DA:174,0
DA:175,0
DA:176,0
DA:177,0
DA:182,0
DA:183,0
DA:184,0
DA:185,0
DA:186,0
DA:187,0
DA:191,0
DA:192,0
DA:194,0
DA:195,0
DA:196,0
DA:197,0
DA:198,0
DA:200,0
DA:204,0
DA:205,0
DA:206,0
DA:207,0
DA:209,0
DA:210,0
DA:211,0
DA:219,0
DA:220,0
DA:221,0
DA:224,0
DA:225,0
DA:226,0
DA:229,0
DA:245,0
DA:246,0
DA:247,0
DA:253,0
DA:254,0
DA:256,0
DA:258,0
DA:259,0
DA:260,0
DA:262,0
DA:264,0
DA:265,0
DA:268,0
DA:269,0
DA:272,0
DA:273,0
DA:274,0
DA:275,0
DA:278,0
DA:279,0
DA:280,0
DA:283,0
DA:284,0
DA:287,0
DA:288,0
DA:289,0
DA:292,0
DA:293,0
DA:294,0
DA:295,0
DA:298,0
DA:299,0
DA:300,0
DA:301,0
DA:303,0
DA:304,0
DA:306,0
DA:307,0
DA:315,0
DA:319,0
DA:323,0
DA:324,0
DA:326,0
DA:327,0
DA:328,0
DA:329,0
DA:331,0
DA:332,0
DA:333,0
DA:334,0
DA:336,0
DA:338,0
DA:339,0
DA:341,0
DA:342,0
DA:343,0
DA:344,0
DA:347,0
DA:348,0
DA:349,0
DA:352,0
DA:354,0
DA:355,0
DA:356,0
DA:357,0
DA:362,0
DA:363,0
DA:364,0
DA:366,0
DA:367,0
DA:369,0
DA:371,0
DA:375,0
DA:376,0
DA:377,0
DA:378,0
DA:380,0
DA:381,0
DA:382,0
DA:395,0
DA:396,0
DA:397,0
DA:399,0
DA:400,0
DA:401,0
DA:403,0
DA:404,0
DA:405,0
DA:406,0
DA:408,0
DA:409,0
DA:410,0
DA:411,0
DA:412,0
DA:413,0
DA:414,0
DA:415,0
DA:416,0
DA:417,0
DA:418,0
DA:419,0
DA:420,0
DA:423,0
DA:424,0
DA:425,0
DA:426,0
DA:427,0
DA:428,0
DA:429,0
DA:430,0
DA:431,0
DA:432,0
DA:433,0
DA:436,0
DA:437,0
DA:440,0
DA:441,0
DA:444,0
DA:445,0
DA:448,0
DA:449,0
DA:452,0
DA:453,0
DA:454,0
DA:455,0
DA:457,0
DA:458,0
DA:459,0
DA:460,0
DA:462,0
DA:466,0
DA:467,0
DA:468,0
DA:471,0
DA:472,0
DA:473,0
DA:476,0
DA:477,0
DA:478,0
DA:481,0
DA:482,0
DA:483,0
DA:486,0
DA:488,0
DA:489,0
DA:490,0
DA:493,0
DA:494,0
DA:495,0
DA:497,0
DA:501,0
DA:503,0
DA:504,0
DA:505,0
DA:507,0
DA:508,0
DA:509,0
DA:510,0
DA:513,0
DA:514,0
DA:517,0
DA:518,0
DA:521,0
DA:522,0
DA:523,0
DA:524,0
DA:526,0
DA:527,0
DA:528,0
DA:531,0
DA:533,0
DA:535,0
DA:536,0
DA:539,0
DA:540,0
DA:543,0
DA:544,0
LF:295
LH:19
BRDA:60,0,0,0
BRDA:60,1,0,0
BRDA:60,1,1,0
BRDA:71,2,0,0
BRDA:71,2,1,0
BRDA:84,3,0,0
BRDA:88,4,0,0
BRDA:88,4,1,0
BRDA:92,5,0,0
BRDA:92,5,1,0
BRDA:96,6,0,0
BRDA:96,6,1,0
BRDA:100,7,0,0
BRDA:100,7,1,0
BRDA:101,8,0,0
BRDA:101,9,0,0
BRDA:101,9,1,0
BRDA:106,10,0,0
BRDA:117,11,0,0
BRDA:117,11,1,0
BRDA:124,12,0,0
BRDA:127,13,0,0
BRDA:127,13,1,0
BRDA:132,14,0,0
BRDA:132,14,1,0
BRDA:159,15,0,0
BRDA:159,15,1,0
BRDA:160,16,0,0
BRDA:160,16,1,0
BRDA:166,17,0,0
BRDA:166,17,1,0
BRDA:168,18,0,0
BRDA:171,19,0,0
BRDA:171,19,1,0
BRDA:175,20,0,0
BRDA:182,21,0,0
BRDA:182,21,1,0
BRDA:182,22,0,0
BRDA:182,22,1,0
BRDA:191,23,0,0
BRDA:191,23,1,0
BRDA:195,24,0,0
BRDA:195,25,0,0
BRDA:195,25,1,0
BRDA:204,26,0,0
BRDA:219,27,0,0
BRDA:224,28,0,0
BRDA:245,29,0,0
BRDA:245,30,0,0
BRDA:245,30,1,0
BRDA:246,31,0,0
BRDA:246,31,1,0
BRDA:247,32,0,0
BRDA:247,32,1,0
BRDA:256,33,0,0
BRDA:260,34,0,0
BRDA:264,35,0,0
BRDA:268,36,0,0
BRDA:272,37,0,0
BRDA:273,38,0,0
BRDA:273,38,1,0
BRDA:274,39,0,0
BRDA:274,39,1,0
BRDA:278,40,0,0
BRDA:279,41,0,0
BRDA:279,41,1,0
BRDA:283,42,0,0
BRDA:289,43,0,0
BRDA:292,44,0,0
BRDA:300,45,0,0
BRDA:303,46,0,0
BRDA:304,47,0,0
BRDA:304,47,1,0
BRDA:304,48,0,0
BRDA:304,48,1,0
BRDA:306,49,0,0
BRDA:324,50,0,0
BRDA:329,51,0,0
BRDA:331,52,0,0
BRDA:334,53,0,0
BRDA:338,54,0,0
BRDA:339,55,0,0
BRDA:341,56,0,0
BRDA:342,57,0,0
BRDA:342,57,1,0
BRDA:343,58,0,0
BRDA:343,58,1,0
BRDA:347,59,0,0
BRDA:348,60,0,0
BRDA:348,60,1,0
BRDA:352,61,0,0
BRDA:355,62,0,0
BRDA:356,63,0,0
BRDA:356,64,0,0
BRDA:356,64,1,0
BRDA:356,65,0,0
BRDA:356,65,1,0
BRDA:357,66,0,0
BRDA:375,67,0,0
BRDA:376,68,0,0
BRDA:380,69,0,0
BRDA:397,70,0,0
BRDA:403,71,0,0
BRDA:403,71,1,0
BRDA:405,72,0,0
BRDA:405,72,1,0
BRDA:406,73,0,0
BRDA:406,73,1,0
BRDA:409,74,0,0
BRDA:409,74,1,0
BRDA:411,75,0,0
BRDA:411,75,1,0
BRDA:413,76,0,0
BRDA:413,76,1,0
BRDA:415,77,0,0
BRDA:415,77,1,0
BRDA:416,78,0,0
BRDA:416,78,1,0
BRDA:417,79,0,0
BRDA:417,79,1,0
BRDA:419,80,0,0
BRDA:423,81,0,0
BRDA:423,81,1,0
BRDA:423,82,0,0
BRDA:423,82,1,0
BRDA:424,83,0,0
BRDA:429,84,0,0
BRDA:429,85,0,0
BRDA:429,85,1,0
BRDA:436,86,0,0
BRDA:440,87,0,0
BRDA:440,88,0,0
BRDA:440,88,1,0
BRDA:440,88,2,0
BRDA:440,88,3,0
BRDA:441,89,0,0
BRDA:444,90,0,0
BRDA:444,91,0,0
BRDA:444,91,1,0
BRDA:448,92,0,0
BRDA:448,93,0,0
BRDA:448,93,1,0
BRDA:453,94,0,0
BRDA:453,94,1,0
BRDA:454,95,0,0
BRDA:454,95,1,0
BRDA:454,96,0,0
BRDA:454,96,1,0
BRDA:457,97,0,0
BRDA:458,98,0,0
BRDA:458,98,1,0
BRDA:458,99,0,0
BRDA:458,99,1,0
BRDA:458,99,2,0
BRDA:466,100,0,0
BRDA:466,101,0,0
BRDA:466,101,1,0
BRDA:471,102,0,0
BRDA:471,103,0,0
BRDA:471,103,1,0
BRDA:476,104,0,0
BRDA:476,105,0,0
BRDA:476,105,1,0
BRDA:481,106,0,0
BRDA:481,107,0,0
BRDA:481,107,1,0
BRDA:488,108,0,0
BRDA:488,109,0,0
BRDA:488,109,1,0
BRDA:490,110,0,0
BRDA:490,110,1,0
BRDA:490,111,0,0
BRDA:490,111,1,0
BRDA:493,112,0,0
BRDA:493,112,1,0
BRDA:493,113,0,0
BRDA:493,113,1,0
BRDA:497,114,0,0
BRDA:497,115,0,0
BRDA:497,115,1,0
BRDA:497,115,2,0
BRDA:497,115,3,0
BRDA:504,116,0,0
BRDA:504,116,1,0
BRDA:504,117,0,0
BRDA:504,117,1,0
BRDA:507,118,0,0
BRDA:509,119,0,0
BRDA:509,119,1,0
BRDA:509,120,0,0
BRDA:509,120,1,0
BRDA:514,121,0,0
BRDA:518,122,0,0
BRDA:521,123,0,0
BRDA:523,124,0,0
BRDA:523,124,1,0
BRDA:524,125,0,0
BRDA:524,125,1,0
BRDA:527,126,0,0
BRDA:527,127,0,0
BRDA:527,127,1,0
BRDA:527,127,2,0
BRDA:531,128,0,0
BRDA:531,128,1,0
BRDA:540,129,0,0
BRDA:544,130,0,0
BRF:206
BRH:0
end_of_record
TN:
SF:src\classes\base\Errors.ts
FN:14,(anonymous_0)
FN:18,(anonymous_1)
FNF:2
FNH:1
FNDA:42,(anonymous_0)
FNDA:0,(anonymous_1)
DA:1,7
DA:2,7
DA:4,7
DA:6,7
DA:7,7
DA:8,7
DA:9,7
DA:10,7
DA:11,7
DA:15,42
DA:16,42
DA:19,0
LF:12
LH:11
BRF:0
BRH:0
end_of_record
TN:
SF:src\classes\base\FinalQuery.ts
FN:39,(anonymous_0)
FN:47,(anonymous_1)
FN:55,(anonymous_2)
FN:72,(anonymous_3)
FN:92,(anonymous_4)
FN:102,(anonymous_5)
FN:125,(anonymous_6)
FN:128,(anonymous_7)
FN:149,(anonymous_8)
FNF:9
FNH:7
FNDA:120,(anonymous_0)
FNDA:120,(anonymous_1)
FNDA:120,(anonymous_2)
FNDA:69,(anonymous_3)
FNDA:51,(anonymous_4)
FNDA:59,(anonymous_5)
FNDA:0,(anonymous_6)
FNDA:0,(anonymous_7)
FNDA:59,(anonymous_8)
DA:3,7
DA:5,7
DA:9,7
DA:10,7
DA:13,7
DA:15,7
DA:25,7
DA:40,120
DA:48,120
DA:49,120
DA:50,120
DA:51,120
DA:52,120
DA:56,120
DA:57,120
DA:58,120
DA:59,120
DA:61,0
DA:62,0
DA:63,0
DA:73,69
DA:74,69
DA:80,69
DA:81,69
DA:93,51
DA:95,51
DA:102,51
DA:103,59
DA:104,59
DA:106,59
DA:107,59
DA:109,59
DA:110,142
DA:112,142
DA:114,142
DA:115,32
DA:116,32
DA:117,32
DA:120,142
DA:122,142
DA:123,0
DA:125,0
DA:126,0
DA:128,0
DA:129,0
DA:131,0
DA:132,0
DA:133,0
DA:134,0
DA:136,0
DA:137,0
DA:138,0
DA:147,59
DA:148,0
DA:149,59
DA:150,51
DA:151,51
LF:57
LH:41
BRDA:57,0,0,0
BRDA:59,1,0,120
BRDA:106,2,0,59
BRDA:106,2,1,0
BRDA:110,3,0,0
BRDA:110,4,0,142
BRDA:110,4,1,142
BRDA:114,5,0,32
BRDA:117,6,0,12
BRDA:122,7,0,142
BRDA:126,8,0,0
BRDA:131,9,0,0
BRDA:131,10,0,0
BRDA:131,10,1,0
BRDA:131,10,2,0
BRDA:132,11,0,0
BRDA:132,11,1,0
BRDA:133,12,0,0
BRDA:137,13,0,0
BRDA:147,14,0,59
BRDA:147,14,1,0
BRF:21
BRH:8
end_of_record
TN:
SF:src\classes\base\HavingBuilder.ts
FN:17,(anonymous_0)
FN:30,(anonymous_1)
FN:46,(anonymous_2)
FN:62,(anonymous_3)
FN:74,(anonymous_4)
FN:86,(anonymous_5)
FN:99,(anonymous_6)
FNF:7
FNH:0
FNDA:0,(anonymous_0)
FNDA:0,(anonymous_1)
FNDA:0,(anonymous_2)
FNDA:0,(anonymous_3)
FNDA:0,(anonymous_4)
FNDA:0,(anonymous_5)
FNDA:0,(anonymous_6)
DA:1,7
DA:2,7
DA:11,7
DA:13,0
DA:14,0
DA:15,0
DA:18,0
DA:31,0
DA:32,0
DA:33,0
DA:34,0
DA:47,0
DA:48,0
DA:49,0
DA:50,0
DA:63,0
DA:64,0
DA:65,0
DA:66,0
DA:75,0
DA:87,0
DA:89,0
DA:90,0
DA:91,0
DA:93,0
DA:96,0
DA:99,0
LF:27
LH:3
BRDA:90,0,0,0
BRF:1
BRH:0
end_of_record
TN:
SF:src\classes\base\InsertBuilder.ts
FN:24,(anonymous_0)
FN:35,(anonymous_1)
FN:44,(anonymous_2)
FN:47,(anonymous_3)
FN:52,(anonymous_4)
FN:57,(anonymous_5)
FN:65,(anonymous_6)
FN:79,(anonymous_7)
FN:81,(anonymous_8)
FNF:9
FNH:6
FNDA:34,(anonymous_0)
FNDA:54,(anonymous_1)
FNDA:34,(anonymous_2)
FNDA:54,(anonymous_3)
FNDA:0,(anonymous_4)
FNDA:0,(anonymous_5)
FNDA:34,(anonymous_6)
FNDA:34,(anonymous_7)
FNDA:0,(anonymous_8)
DA:1,7
DA:2,7
DA:9,7
DA:18,34
DA:25,34
DA:26,34
DA:36,54
DA:37,54
DA:38,54
DA:40,54
DA:41,54
DA:45,34
DA:46,34
DA:47,54
DA:51,0
DA:52,0
DA:58,0
DA:66,34
DA:67,34
DA:71,0
DA:79,34
DA:81,0
LF:22
LH:17
BRDA:37,0,0,0
BRDA:37,1,0,54
BRDA:37,1,1,0
BRDA:38,2,0,0
BRDA:45,3,0,34
BRDA:45,3,1,0
BRDA:66,4,0,34
BRDA:66,4,1,0
BRF:8
BRH:3
end_of_record
TN:
SF:src\classes\base\JoinBuilder.ts
FN:13,(anonymous_0)
FN:17,(anonymous_1)
FN:22,(anonymous_2)
FN:27,(anonymous_3)
FN:32,(anonymous_4)
FN:37,(anonymous_5)
FN:43,(anonymous_6)
FN:53,(anonymous_7)
FN:59,(anonymous_8)
FNF:9
FNH:0
FNDA:0,(anonymous_0)
FNDA:0,(anonymous_1)
FNDA:0,(anonymous_2)
FNDA:0,(anonymous_3)
FNDA:0,(anonymous_4)
FNDA:0,(anonymous_5)
FNDA:0,(anonymous_6)
FNDA:0,(anonymous_7)
FNDA:0,(anonymous_8)
DA:1,7
DA:2,7
DA:7,7
DA:8,0
DA:14,0
DA:18,0
DA:19,0
DA:23,0
DA:24,0
DA:28,0
DA:29,0
DA:33,0
DA:34,0
DA:38,0
DA:39,0
DA:41,0
DA:43,0
DA:44,0
DA:45,0
DA:46,0
DA:47,0
DA:48,0
DA:49,0
DA:54,0
DA:55,0
DA:56,0
DA:59,0
LF:27
LH:3
BRDA:23,0,0,0
BRDA:23,0,1,0
BRDA:45,1,0,0
BRDA:45,1,1,0
BRDA:46,2,0,0
BRDA:47,3,0,0
BRDA:48,4,0,0
BRDA:54,5,0,0
BRDA:54,5,1,0
BRF:9
BRH:0
end_of_record
TN:
SF:src\classes\base\ModularORMException.ts
FN:2,(anonymous_0)
FNF:1
FNH:0
FNDA:0,(anonymous_0)
DA:1,7
DA:3,0
DA:4,0
DA:5,0
LF:4
LH:1
BRF:0
BRH:0
end_of_record
TN:
SF:src\classes\base\QueryBuilder.ts
FN:34,(anonymous_0)
FN:43,(anonymous_1)
FN:53,(anonymous_2)
FN:63,(anonymous_3)
FN:73,(anonymous_4)
FN:83,(anonymous_5)
FN:94,(anonymous_6)
FN:104,(anonymous_7)
FN:114,(anonymous_8)
FN:124,(anonymous_9)
FN:134,(anonymous_10)
FN:144,(anonymous_11)
FN:149,(anonymous_12)
FN:154,(anonymous_13)
FN:159,(anonymous_14)
FN:164,(anonymous_15)
FNF:16
FNH:12
FNDA:120,(anonymous_0)
FNDA:120,(anonymous_1)
FNDA:34,(anonymous_2)
FNDA:120,(anonymous_3)
FNDA:51,(anonymous_4)
FNDA:35,(anonymous_5)
FNDA:1,(anonymous_6)
FNDA:15,(anonymous_7)
FNDA:0,(anonymous_8)
FNDA:0,(anonymous_9)
FNDA:0,(anonymous_10)
FNDA:6,(anonymous_11)
FNDA:50,(anonymous_12)
FNDA:50,(anonymous_13)
FNDA:0,(anonymous_14)
FNDA:120,(anonymous_15)
DA:1,7
DA:8,7
DA:14,7
DA:23,120
DA:24,120
DA:25,120
DA:26,120
DA:27,120
DA:28,120
DA:29,120
DA:31,120
DA:32,120
DA:35,120
DA:44,120
DA:45,120
DA:54,34
DA:55,34
DA:64,120
DA:65,120
DA:74,51
DA:75,51
DA:84,35
DA:85,35
DA:95,1
DA:96,1
DA:105,15
DA:106,15
DA:115,0
DA:116,0
DA:125,0
DA:126,0
DA:135,0
DA:136,0
DA:145,6
DA:146,6
DA:150,50
DA:151,50
DA:155,50
DA:156,50
DA:160,0
DA:161,0
DA:164,120
LF:42
LH:34
BRDA:149,0,0,50
BRF:1
BRH:1
end_of_record
TN:
SF:src\classes\base\QueryIs.ts
FN:6,(anonymous_0)
FNF:1
FNH:1
FNDA:14,(anonymous_0)
DA:1,7
DA:3,7
DA:4,7
DA:6,14
LF:4
LH:4
BRF:0
BRH:0
end_of_record
TN:
SF:src\classes\base\QueryResult.ts
FNF:0
FNH:0
DA:4,7
LF:1
LH:1
BRF:0
BRH:0
end_of_record
TN:
SF:src\classes\base\QueryType.ts
FN:43,(anonymous_0)
FNF:1
FNH:1
FNDA:42,(anonymous_0)
DA:1,7
DA:9,7
DA:14,7
DA:19,7
DA:24,7
DA:29,7
DA:34,7
DA:39,7
DA:44,42
DA:45,42
DA:46,42
LF:11
LH:11
BRF:0
BRH:0
end_of_record
TN:
SF:src\classes\base\Repository.ts
FN:32,(anonymous_3)
FN:37,(anonymous_4)
FN:39,(anonymous_5)
FN:58,(anonymous_6)
FN:69,(anonymous_7)
FN:81,(anonymous_8)
FN:116,(anonymous_9)
FN:117,(anonymous_10)
FN:121,(anonymous_11)
FN:131,(anonymous_12)
FN:137,(anonymous_13)
FN:176,(anonymous_14)
FN:182,(anonymous_15)
FN:188,(anonymous_16)
FN:242,(anonymous_17)
FN:266,(anonymous_18)
FN:271,(anonymous_19)
FN:279,(anonymous_20)
FN:281,(anonymous_21)
FN:290,(anonymous_22)
FN:297,(anonymous_23)
FN:302,(anonymous_24)
FN:307,(anonymous_25)
FN:312,(anonymous_26)
FN:317,(anonymous_27)
FN:322,(anonymous_28)
FN:357,(anonymous_29)
FN:364,(anonymous_30)
FN:374,(anonymous_31)
FN:385,(anonymous_32)
FN:390,(anonymous_33)
FN:397,(anonymous_34)
FN:407,(anonymous_35)
FN:409,(anonymous_36)
FN:416,(anonymous_37)
FN:418,(anonymous_38)
FN:426,(anonymous_39)
FN:433,(anonymous_40)
FN:441,(anonymous_41)
FN:458,(anonymous_42)
FN:466,(anonymous_43)
FN:483,(anonymous_44)
FN:486,(anonymous_45)
FN:496,(anonymous_46)
FNF:44
FNH:27
FNDA:29,(anonymous_3)
FNDA:37,(anonymous_4)
FNDA:14,(anonymous_5)
FNDA:6,(anonymous_6)
FNDA:49,(anonymous_7)
FNDA:15,(anonymous_8)
FNDA:12,(anonymous_9)
FNDA:9,(anonymous_10)
FNDA:19,(anonymous_11)
FNDA:37,(anonymous_12)
FNDA:34,(anonymous_13)
FNDA:15,(anonymous_14)
FNDA:19,(anonymous_15)
FNDA:6,(anonymous_16)
FNDA:4,(anonymous_17)
FNDA:0,(anonymous_18)
FNDA:0,(anonymous_19)
FNDA:2,(anonymous_20)
FNDA:2,(anonymous_21)
FNDA:0,(anonymous_22)
FNDA:0,(anonymous_23)
FNDA:0,(anonymous_24)
FNDA:0,(anonymous_25)
FNDA:0,(anonymous_26)
FNDA:0,(anonymous_27)
FNDA:0,(anonymous_28)
FNDA:2,(anonymous_29)
FNDA:2,(anonymous_30)
FNDA:0,(anonymous_31)
FNDA:1,(anonymous_32)
FNDA:1,(anonymous_33)
FNDA:5,(anonymous_34)
FNDA:1,(anonymous_35)
FNDA:1,(anonymous_36)
FNDA:0,(anonymous_37)
FNDA:0,(anonymous_38)
FNDA:0,(anonymous_39)
FNDA:0,(anonymous_40)
FNDA:0,(anonymous_41)
FNDA:0,(anonymous_42)
FNDA:0,(anonymous_43)
FNDA:3,(anonymous_44)
FNDA:3,(anonymous_45)
FNDA:25,(anonymous_46)
DA:2,7
DA:4,7
DA:5,7
DA:6,7
DA:7,7
DA:9,7
DA:10,7
DA:11,7
DA:12,7
DA:13,7
DA:15,7
DA:16,7
DA:19,7
DA:20,7
DA:23,7
DA:25,7
DA:26,7
DA:28,7
DA:32,29
DA:33,29
DA:34,29
DA:38,37
DA:39,37
DA:40,14
DA:41,0
DA:43,37
DA:44,4
DA:45,4
DA:46,4
DA:47,4
DA:48,4
DA:50,4
DA:51,4
DA:52,4
DA:55,4
DA:56,4
DA:59,6
DA:66,37
DA:70,49
DA:72,49
DA:73,11
DA:74,11
DA:75,18
DA:78,11
DA:81,38
DA:82,15
DA:83,0
DA:86,38
DA:87,12
DA:88,12
DA:89,12
DA:90,12
DA:92,12
DA:94,12
DA:99,12
DA:100,12
DA:101,10
DA:104,12
DA:106,12
DA:107,12
DA:109,12
DA:110,12
DA:112,12
DA:113,12
DA:115,12
DA:116,12
DA:117,9
DA:119,12
DA:121,19
DA:128,38
DA:132,37
DA:133,37
DA:137,7
DA:138,34
DA:140,34
DA:142,11
DA:143,11
DA:144,11
DA:145,4
DA:146,4
DA:150,11
DA:151,11
DA:153,11
DA:154,11
DA:156,11
DA:157,11
DA:159,4
DA:160,4
DA:162,4
DA:163,4
DA:165,4
DA:166,4
DA:167,4
DA:176,7
DA:177,15
DA:178,15
DA:182,7
DA:183,19
DA:184,19
DA:188,7
DA:189,6
DA:191,6
DA:193,2
DA:195,2
DA:196,2
DA:197,1
DA:198,1
DA:202,2
DA:203,1
DA:206,1
DA:207,1
DA:209,1
DA:210,1
DA:212,1
DA:213,1
DA:214,1
DA:215,1
DA:216,1
DA:218,1
DA:219,1
DA:220,1
DA:221,1
DA:223,1
DA:228,1
DA:229,0
DA:230,0
DA:242,7
DA:243,4
DA:244,4
DA:246,1
DA:247,1
DA:249,1
DA:251,1
DA:252,1
DA:253,1
DA:254,1
DA:255,1
DA:262,1
DA:266,7
DA:267,0
DA:271,7
DA:272,0
DA:279,7
DA:280,2
DA:281,2
DA:282,2
DA:283,1
DA:284,1
DA:285,1
DA:286,1
DA:290,7
DA:291,0
DA:292,0
DA:293,0
DA:297,7
DA:298,0
DA:302,7
DA:303,0
DA:307,7
DA:308,0
DA:312,7
DA:313,0
DA:317,7
DA:318,0
DA:322,7
DA:323,0
DA:328,0
DA:330,0
DA:331,0
DA:332,0
DA:333,0
DA:335,0
DA:336,0
DA:339,0
DA:340,0
DA:341,0
DA:344,0
DA:345,0
DA:346,0
DA:349,0
DA:352,0
DA:353,0
DA:357,7
DA:358,2
DA:359,2
DA:360,2
DA:364,7
DA:365,2
DA:366,2
DA:367,0
DA:369,2
DA:370,2
DA:374,7
DA:375,0
DA:376,0
DA:377,0
DA:379,0
DA:380,0
DA:381,0
DA:385,7
DA:386,1
DA:387,1
DA:388,1
DA:389,1
DA:390,1
DA:391,1
DA:392,1
DA:397,7
DA:398,5
DA:399,5
DA:400,5
DA:401,5
DA:402,5
DA:403,5
DA:407,7
DA:408,1
DA:409,1
DA:410,1
DA:411,1
DA:412,1
DA:416,7
DA:417,0
DA:418,0
DA:419,0
DA:420,0
DA:421,0
DA:422,0
DA:426,7
DA:427,0
DA:428,0
DA:429,0
DA:433,7
DA:441,0
DA:442,0
DA:444,0
DA:445,0
DA:446,0
DA:447,0
DA:451,0
DA:458,7
DA:466,0
DA:467,0
DA:469,0
DA:470,0
DA:471,0
DA:472,0
DA:476,0
DA:483,7
DA:486,3
DA:487,3
DA:488,3
DA:489,3
DA:496,7
DA:497,25
DA:498,25
LF:255
LH:194
BRDA:32,0,0,9
BRDA:39,1,0,37
BRDA:39,1,1,23
BRDA:40,2,0,14
BRDA:46,3,0,2
BRDA:46,3,1,2
BRDA:48,4,0,2
BRDA:48,4,1,2
BRDA:51,5,0,4
BRDA:51,6,0,4
BRDA:51,6,1,4
BRDA:60,7,0,6
BRDA:60,7,1,0
BRDA:69,8,0,0
BRDA:72,9,0,11
BRDA:81,10,0,38
BRDA:81,10,1,23
BRDA:82,11,0,15
BRDA:90,12,0,0
BRDA:90,12,1,12
BRDA:100,13,0,10
BRDA:100,14,0,12
BRDA:100,14,1,12
BRDA:100,14,2,2
BRDA:106,15,0,4
BRDA:106,15,1,8
BRDA:107,16,0,4
BRDA:107,16,1,8
BRDA:109,17,0,12
BRDA:109,17,1,12
BRDA:110,18,0,12
BRDA:110,18,1,12
BRDA:131,19,0,36
BRDA:140,20,0,23
BRDA:144,21,0,4
BRDA:151,22,0,0
BRDA:154,23,0,0
BRDA:157,24,0,7
BRDA:163,25,0,0
BRDA:166,26,0,4
BRDA:166,26,1,0
BRDA:169,27,0,4
BRDA:169,27,1,0
BRDA:176,28,0,0
BRDA:178,29,0,0
BRDA:178,29,1,15
BRDA:182,30,0,5
BRDA:191,31,0,4
BRDA:196,32,0,1
BRDA:196,33,0,2
BRDA:196,33,1,1
BRDA:202,34,0,1
BRDA:207,35,0,0
BRDA:212,36,0,1
BRDA:216,37,0,0
BRDA:221,38,0,0
BRDA:224,39,0,0
BRDA:224,39,1,1
BRDA:229,40,0,0
BRDA:229,40,1,0
BRDA:232,41,0,0
BRDA:232,41,1,0
BRDA:244,42,0,3
BRDA:247,43,0,0
BRDA:256,44,0,1
BRDA:256,44,1,0
BRDA:274,45,0,0
BRDA:274,45,1,0
BRDA:280,46,0,2
BRDA:280,46,1,0
BRDA:282,47,0,1
BRDA:282,48,0,2
BRDA:282,48,1,2
BRDA:292,49,0,0
BRDA:312,50,0,0
BRDA:317,51,0,0
BRDA:328,52,0,0
BRDA:328,52,1,0
BRDA:335,53,0,0
BRDA:339,54,0,0
BRDA:340,55,0,0
BRDA:340,55,1,0
BRDA:344,56,0,0
BRDA:345,57,0,0
BRDA:345,57,1,0
BRDA:359,58,0,0
BRDA:364,59,0,1
BRDA:366,60,0,0
BRDA:374,61,0,0
BRDA:376,62,0,0
BRDA:380,63,0,0
BRDA:389,64,0,1
BRDA:389,64,1,0
BRDA:391,65,0,1
BRDA:391,66,0,1
BRDA:391,66,1,1
BRDA:400,67,0,0
BRDA:400,68,0,5
BRDA:400,68,1,5
BRDA:402,69,0,0
BRDA:408,70,0,1
BRDA:408,70,1,0
BRDA:410,71,0,0
BRDA:417,72,0,0
BRDA:417,72,1,0
BRDA:419,73,0,0
BRDA:421,74,0,0
BRDA:426,75,0,0
BRDA:428,76,0,0
BRDA:442,77,0,0
BRDA:446,78,0,0
BRDA:447,79,0,0
BRDA:447,79,1,0
BRDA:453,80,0,0
BRDA:453,80,1,0
BRDA:467,81,0,0
BRDA:471,82,0,0
BRDA:472,83,0,0
BRDA:472,83,1,0
BRDA:478,84,0,0
BRDA:478,84,1,0
BRDA:487,85,0,0
BRDA:137,86,0,0
BRDA:137,86,1,7
BRDA:137,87,0,7
BRDA:137,87,1,0
BRDA:176,88,0,0
BRDA:176,88,1,7
BRDA:176,89,0,7
BRDA:176,89,1,0
BRDA:176,90,0,0
BRDA:176,90,1,7
BRDA:176,91,0,7
BRDA:176,91,1,0
BRDA:176,92,0,7
BRDA:176,92,1,0
BRDA:176,93,0,7
BRDA:176,93,1,7
BRDA:182,94,0,0
BRDA:182,94,1,7
BRDA:182,95,0,7
BRDA:182,95,1,0
BRDA:182,96,0,0
BRDA:182,96,1,7
BRDA:182,97,0,7
BRDA:182,97,1,0
BRDA:182,98,0,7
BRDA:182,98,1,0
BRDA:182,99,0,7
BRDA:182,99,1,7
BRDA:188,100,0,0
BRDA:188,100,1,7
BRDA:188,101,0,7
BRDA:188,101,1,0
BRDA:188,102,0,0
BRDA:188,102,1,7
BRDA:188,103,0,7
BRDA:188,103,1,0
BRDA:242,104,0,0
BRDA:242,104,1,7
BRDA:242,105,0,7
BRDA:242,105,1,0
BRDA:266,106,0,7
BRDA:266,106,1,0
BRDA:266,107,0,7
BRDA:266,107,1,7
BRDA:271,108,0,7
BRDA:271,108,1,0
BRDA:271,109,0,7
BRDA:271,109,1,7
BRDA:297,110,0,0
BRDA:297,110,1,7
BRDA:297,111,0,7
BRDA:297,111,1,0
BRDA:302,112,0,0
BRDA:302,112,1,7
BRDA:302,113,0,7
BRDA:302,113,1,0
BRDA:307,114,0,0
BRDA:307,114,1,7
BRDA:307,115,0,7
BRDA:307,115,1,0
BRDA:312,116,0,0
BRDA:312,116,1,7
BRDA:312,117,0,7
BRDA:312,117,1,0
BRDA:312,118,0,7
BRDA:312,118,1,0
BRDA:312,119,0,7
BRDA:312,119,1,7
BRDA:317,120,0,0
BRDA:317,120,1,7
BRDA:317,121,0,7
BRDA:317,121,1,0
BRDA:317,122,0,7
BRDA:317,122,1,0
BRDA:317,123,0,7
BRDA:317,123,1,7
BRDA:357,124,0,0
BRDA:357,124,1,7
BRDA:357,125,0,7
BRDA:357,125,1,0
BRDA:364,126,0,0
BRDA:364,126,1,7
BRDA:364,127,0,7
BRDA:364,127,1,0
BRDA:364,128,0,0
BRDA:364,128,1,7
BRDA:364,129,0,7
BRDA:364,129,1,0
BRDA:364,130,0,7
BRDA:364,130,1,0
BRDA:364,131,0,7
BRDA:364,131,1,7
BRDA:374,132,0,0
BRDA:374,132,1,7
BRDA:374,133,0,7
BRDA:374,133,1,0
BRDA:374,134,0,0
BRDA:374,134,1,7
BRDA:374,135,0,7
BRDA:374,135,1,0
BRDA:374,136,0,7
BRDA:374,136,1,0
BRDA:374,137,0,7
BRDA:374,137,1,7
BRDA:385,138,0,0
BRDA:385,138,1,7
BRDA:385,139,0,7
BRDA:385,139,1,0
BRDA:385,140,0,0
BRDA:385,140,1,7
BRDA:385,141,0,7
BRDA:385,141,1,0
BRDA:385,142,0,0
BRDA:385,142,1,7
BRDA:385,143,0,7
BRDA:385,143,1,0
BRDA:397,144,0,0
BRDA:397,144,1,7
BRDA:397,145,0,7
BRDA:397,145,1,0
BRDA:397,146,0,0
BRDA:397,146,1,7
BRDA:397,147,0,7
BRDA:397,147,1,0
BRDA:407,148,0,0
BRDA:407,148,1,7
BRDA:407,149,0,7
BRDA:407,149,1,0
BRDA:407,150,0,7
BRDA:407,150,1,0
BRDA:407,151,0,7
BRDA:407,151,1,7
BRDA:416,152,0,0
BRDA:416,152,1,7
BRDA:416,153,0,7
BRDA:416,153,1,0
BRDA:416,154,0,7
BRDA:416,154,1,0
BRDA:416,155,0,7
BRDA:416,155,1,7
BRDA:426,156,0,0
BRDA:426,156,1,7
BRDA:426,157,0,7
BRDA:426,157,1,0
BRDA:426,158,0,0
BRDA:426,158,1,7
BRDA:426,159,0,7
BRDA:426,159,1,0
BRDA:426,160,0,7
BRDA:426,160,1,0
BRDA:426,161,0,7
BRDA:426,161,1,7
BRDA:437,162,0,0
BRDA:437,162,1,7
BRDA:437,163,0,7
BRDA:437,163,1,0
BRDA:440,164,0,7
BRDA:440,164,1,0
BRDA:440,165,0,7
BRDA:440,165,1,7
BRDA:462,166,0,0
BRDA:462,166,1,7
BRDA:462,167,0,7
BRDA:462,167,1,0
BRDA:465,168,0,7
BRDA:465,168,1,0
BRDA:465,169,0,7
BRDA:465,169,1,7
BRDA:485,170,0,0
BRDA:485,170,1,7
BRDA:485,171,0,7
BRDA:485,171,1,0
BRDA:485,172,0,0
BRDA:485,172,1,7
BRDA:485,173,0,7
BRDA:485,173,1,0
BRDA:496,174,0,0
BRDA:496,174,1,7
BRDA:496,175,0,7
BRDA:496,175,1,0
BRF:302
BRH:161
end_of_record
TN:
SF:src\classes\base\SQLQueryBuilder.ts
FN:15,(anonymous_0)
FN:19,(anonymous_1)
FN:25,(anonymous_2)
FNF:3
FNH:3
FNDA:120,(anonymous_0)
FNDA:120,(anonymous_1)
FNDA:120,(anonymous_2)
DA:2,7
DA:3,7
DA:11,7
DA:16,120
DA:20,120
DA:21,120
DA:22,120
DA:26,120
DA:27,120
DA:29,120
DA:31,120
DA:32,120
DA:36,120
DA:37,120
DA:40,120
DA:41,120
DA:44,120
DA:46,51
DA:47,51
DA:48,0
DA:49,0
DA:51,51
DA:52,51
DA:54,51
DA:55,0
DA:58,51
DA:61,0
DA:64,6
DA:65,6
DA:68,34
DA:69,34
DA:72,29
DA:73,29
DA:76,0
DA:81,120
DA:82,34
DA:83,34
DA:84,0
DA:85,0
DA:87,34
DA:88,34
DA:89,34
DA:94,86
DA:95,6
DA:96,6
DA:97,0
DA:98,0
DA:100,6
DA:101,6
DA:105,86
DA:106,6
DA:107,6
DA:108,6
DA:110,86
DA:111,25
DA:112,25
DA:113,25
DA:115,86
DA:116,4
DA:117,4
DA:118,4
DA:122,86
DA:123,1
DA:127,86
DA:128,15
DA:132,86
DA:133,0
DA:137,86
DA:138,0
DA:139,0
DA:140,0
DA:144,86
DA:145,0
DA:149,86
LF:74
LH:60
BRDA:41,0,0,63
BRDA:44,1,0,51
BRDA:44,1,1,0
BRDA:44,1,2,6
BRDA:44,1,3,34
BRDA:44,1,4,29
BRDA:44,1,5,0
BRDA:47,2,0,0
BRDA:54,3,0,0
BRDA:81,4,0,34
BRDA:83,5,0,0
BRDA:94,6,0,6
BRDA:96,7,0,0
BRDA:96,8,0,6
BRDA:96,8,1,6
BRDA:105,9,0,6
BRDA:105,10,0,86
BRDA:105,10,1,6
BRDA:110,11,0,25
BRDA:110,12,0,86
BRDA:110,12,1,51
BRDA:115,13,0,4
BRDA:115,14,0,86
BRDA:115,14,1,29
BRDA:122,15,0,1
BRDA:127,16,0,15
BRDA:132,17,0,0
BRDA:137,18,0,0
BRDA:144,19,0,0
BRF:29
BRH:20
end_of_record
TN:
SF:src\classes\base\SelectBuilder.ts
FN:8,(anonymous_0)
FN:15,(anonymous_1)
FN:24,(anonymous_2)
FN:34,(anonymous_3)
FN:44,(anonymous_4)
FN:54,(anonymous_5)
FN:64,(anonymous_6)
FN:74,(anonymous_7)
FN:79,(anonymous_8)
FN:84,(anonymous_9)
FNF:10
FNH:4
FNDA:51,(anonymous_0)
FNDA:50,(anonymous_1)
FNDA:0,(anonymous_2)
FNDA:1,(anonymous_3)
FNDA:0,(anonymous_4)
FNDA:0,(anonymous_5)
FNDA:0,(anonymous_6)
FNDA:0,(anonymous_7)
FNDA:1,(anonymous_8)
FNDA:0,(anonymous_9)
DA:1,7
DA:2,7
DA:4,7
DA:6,51
DA:9,51
DA:16,50
DA:17,50
DA:25,0
DA:26,0
DA:35,1
DA:36,1
DA:45,0
DA:46,0
DA:55,0
DA:56,0
DA:65,0
DA:66,0
DA:75,0
DA:76,0
DA:80,1
DA:81,1
DA:84,0
LF:22
LH:11
BRDA:34,0,0,0
BRDA:44,1,0,0
BRDA:54,2,0,0
BRDA:64,3,0,0
BRDA:74,4,0,0
BRDA:80,5,0,0
BRDA:80,5,1,1
BRF:7
BRH:1
end_of_record
TN:
SF:src\classes\base\Settings.ts
FNF:0
FNH:0
DA:1,7
LF:1
LH:1
BRF:0
BRH:0
end_of_record
TN:
SF:src\classes\base\SqlFunctions.ts
FN:56,(anonymous_0)
FN:62,(anonymous_1)
FNF:2
FNH:1
FNDA:0,(anonymous_0)
FNDA:56,(anonymous_1)
DA:1,7
DA:8,7
DA:13,7
DA:18,7
DA:23,7
DA:28,7
DA:33,7
DA:38,7
DA:43,7
DA:48,7
DA:57,0
DA:63,56
DA:64,56
LF:13
LH:12
BRF:0
BRH:0
end_of_record
TN:
SF:src\classes\base\UpdateBuilder.ts
FN:15,(anonymous_0)
FN:26,(anonymous_1)
FN:35,(anonymous_2)
FNF:3
FNH:2
FNDA:6,(anonymous_0)
FNDA:7,(anonymous_1)
FNDA:0,(anonymous_2)
DA:1,7
DA:2,7
DA:10,7
DA:12,6
DA:13,6
DA:16,6
DA:27,7
DA:28,7
DA:29,7
DA:31,7
DA:32,7
DA:35,0
LF:12
LH:11
BRDA:29,0,0,2
BRF:1
BRH:1
end_of_record
TN:
SF:src\classes\base\WhereBuilder.ts
FN:14,(anonymous_0)
FN:23,(anonymous_1)
FN:40,(anonymous_2)
FN:58,(anonymous_3)
FN:71,(anonymous_4)
FN:83,(anonymous_5)
FN:90,(anonymous_6)
FN:100,(anonymous_7)
FN:104,(anonymous_8)
FNF:9
FNH:6
FNDA:62,(anonymous_0)
FNDA:36,(anonymous_1)
FNDA:4,(anonymous_2)
FNDA:0,(anonymous_3)
FNDA:0,(anonymous_4)
FNDA:2,(anonymous_5)
FNDA:37,(anonymous_6)
FNDA:37,(anonymous_7)
FNDA:0,(anonymous_8)
DA:1,7
DA:2,7
DA:4,7
DA:8,7
DA:10,62
DA:11,62
DA:12,62
DA:15,62
DA:24,36
DA:25,8
DA:26,8
DA:27,8
DA:29,28
DA:30,28
DA:31,28
DA:32,28
DA:41,4
DA:42,0
DA:43,0
DA:44,0
DA:46,4
DA:47,4
DA:48,4
DA:49,4
DA:59,0
DA:60,0
DA:61,0
DA:62,0
DA:72,0
DA:73,0
DA:74,0
DA:75,0
DA:84,2
DA:85,2
DA:86,2
DA:87,2
DA:91,37
DA:92,37
DA:93,42
DA:94,42
DA:97,37
DA:101,37
DA:104,0
LF:43
LH:31
BRDA:24,0,0,8
BRDA:41,1,0,0
BRDA:83,2,0,2
BRDA:94,3,0,5
BRF:4
BRH:3
end_of_record
TN:
SF:src\classes\common\InformationSchema.ts
FN:10,(anonymous_2)
FN:14,(anonymous_3)
FN:26,(anonymous_4)
FNF:3
FNH:0
FNDA:0,(anonymous_2)
FNDA:0,(anonymous_3)
FNDA:0,(anonymous_4)
DA:1,7
DA:2,7
DA:5,7
DA:6,7
DA:8,7
DA:11,0
DA:14,7
DA:15,0
DA:16,0
DA:21,0
DA:26,7
DA:29,7
DA:32,7
DA:35,7
DA:38,7
DA:41,7
DA:44,7
DA:47,7
DA:50,7
DA:53,7
DA:56,7
LF:21
LH:17
BRDA:15,0,0,0
BRDA:15,1,0,0
BRDA:15,1,1,0
BRDA:50,2,0,7
BRDA:50,2,1,0
BRDA:50,3,0,7
BRDA:50,3,1,7
BRDA:53,4,0,7
BRDA:53,4,1,0
BRDA:53,5,0,7
BRDA:53,5,1,7
BRDA:56,6,0,7
BRDA:56,6,1,0
BRDA:56,7,0,7
BRDA:56,7,1,7
BRF:15
BRH:9
end_of_record
TN:
SF:src\classes\common\InformationSchemaColumns.ts
FN:11,(anonymous_2)
FN:15,(anonymous_3)
FN:27,(anonymous_4)
FNF:3
FNH:0
FNDA:0,(anonymous_2)
FNDA:0,(anonymous_3)
FNDA:0,(anonymous_4)
DA:1,7
DA:4,7
DA:5,7
DA:6,7
DA:9,7
DA:12,0
DA:15,7
DA:16,0
DA:17,0
DA:22,0
DA:27,7
DA:30,7
DA:33,7
DA:36,7
DA:39,7
DA:42,7
DA:45,7
DA:48,7
DA:51,7
DA:54,7
DA:57,7
DA:60,7
LF:22
LH:18
BRDA:16,0,0,0
BRDA:16,1,0,0
BRDA:16,1,1,0
BRF:3
BRH:0
end_of_record
TN:
SF:src\decorators\Column.ts
FN:24,Column
FN:25,(anonymous_1)
FNF:2
FNH:2
FNDA:147,Column
FNDA:147,(anonymous_1)
DA:1,7
DA:3,7
DA:24,7
DA:25,147
DA:26,147
DA:28,147
DA:46,147
DA:49,147
DA:51,147
DA:52,147
DA:57,147
LF:11
LH:11
BRDA:26,0,0,147
BRDA:26,0,1,56
BRDA:32,1,0,147
BRDA:32,1,1,0
BRDA:33,2,0,147
BRDA:33,2,1,91
BRDA:34,3,0,147
BRDA:34,3,1,91
BRDA:35,4,0,0
BRDA:35,4,1,147
BRDA:36,5,0,147
BRDA:36,5,1,147
BRDA:37,6,0,147
BRDA:37,6,1,140
BRDA:38,7,0,0
BRDA:38,7,1,147
BRDA:39,8,0,147
BRDA:39,8,1,133
BRDA:40,9,0,147
BRDA:40,9,1,147
BRDA:41,10,0,147
BRDA:41,10,1,147
BRDA:42,11,0,147
BRDA:42,11,1,147
BRDA:49,12,0,147
BRDA:49,12,1,56
BRF:26
BRH:23
end_of_record
TN:
SF:src\decorators\EventHandler.ts
FN:3,EventHandler
FNF:1
FNH:0
FNDA:0,EventHandler
DA:1,7
DA:3,7
DA:4,0
LF:3
LH:2
BRF:0
BRH:0
end_of_record
TN:
SF:src\decorators\HandleExceptions.ts
FN:4,(anonymous_0)
FN:5,(anonymous_1)
FN:12,(anonymous_2)
FN:20,(anonymous_3)
FN:24,(anonymous_4)
FN:36,(anonymous_5)
FNF:6
FNH:4
FNDA:189,(anonymous_0)
FNDA:189,(anonymous_1)
FNDA:119,(anonymous_2)
FNDA:119,(anonymous_3)
FNDA:0,(anonymous_4)
FNDA:0,(anonymous_5)
DA:1,7
DA:2,7
DA:4,7
DA:5,189
DA:10,189
DA:12,189
DA:13,119
DA:15,119
DA:16,119
DA:18,119
DA:21,119
DA:22,119
DA:25,0
DA:26,0
DA:27,0
DA:28,0
DA:31,0
DA:35,119
DA:36,119
DA:37,0
DA:38,0
DA:41,119
DA:44,0
DA:47,189
LF:24
LH:16
BRDA:15,0,0,119
BRDA:15,1,0,119
BRDA:15,1,1,119
BRDA:25,2,0,0
BRDA:27,3,0,0
BRDA:27,4,0,0
BRDA:27,4,1,0
BRF:7
BRH:3
end_of_record
TN:
SF:src\decorators\JoinTable.ts
FN:4,(anonymous_0)
FN:8,(anonymous_1)
FNF:2
FNH:2
FNDA:7,(anonymous_0)
FNDA:7,(anonymous_1)
DA:2,7
DA:4,7
DA:8,7
DA:9,7
LF:4
LH:4
BRF:0
BRH:0
end_of_record
TN:
SF:src\decorators\ManyToMany.ts
FN:7,(anonymous_0)
FN:15,(anonymous_1)
FNF:2
FNH:2
FNDA:14,(anonymous_0)
FNDA:14,(anonymous_1)
DA:4,7
DA:7,7
DA:15,14
DA:16,14
LF:4
LH:4
BRDA:16,0,0,14
BRDA:16,0,1,14
BRF:2
BRH:2
end_of_record
TN:
SF:src\decorators\ManyToOne.ts
FN:6,(anonymous_0)
FN:10,(anonymous_1)
FNF:2
FNH:2
FNDA:14,(anonymous_0)
FNDA:14,(anonymous_1)
DA:3,7
DA:6,7
DA:10,14
DA:11,14
LF:4
LH:4
BRF:0
BRH:0
end_of_record
TN:
SF:src\decorators\Migration.ts
FN:7,Migration
FN:8,(anonymous_1)
FNF:2
FNH:0
FNDA:0,Migration
FNDA:0,(anonymous_1)
DA:7,7
DA:8,0
LF:2
LH:1
BRF:0
BRH:0
end_of_record
TN:
SF:src\decorators\NamedTable.ts
FN:3,NamedTable
FN:4,(anonymous_1)
FN:7,(anonymous_2)
FNF:3
FNH:3
FNDA:56,NamedTable
FNDA:56,(anonymous_1)
FNDA:310,(anonymous_2)
DA:1,7
DA:3,7
DA:4,56
DA:5,56
DA:6,56
DA:8,310
LF:6
LH:6
BRF:0
BRH:0
end_of_record
TN:
SF:src\decorators\OneToMany.ts
FN:7,(anonymous_0)
FN:15,(anonymous_1)
FNF:2
FNH:2
FNDA:14,(anonymous_0)
FNDA:14,(anonymous_1)
DA:3,7
DA:7,7
DA:15,14
DA:16,14
LF:4
LH:4
BRDA:16,0,0,14
BRDA:16,0,1,14
BRF:2
BRH:2
end_of_record
TN:
SF:src\decorators\RenamedColumn.ts
FN:4,(anonymous_0)
FN:5,(anonymous_1)
FNF:2
FNH:0
FNDA:0,(anonymous_0)
FNDA:0,(anonymous_1)
DA:2,7
DA:4,7
DA:5,0
DA:6,0
LF:4
LH:2
BRF:0
BRH:0
end_of_record
TN:
SF:src\decorators\Result.ts
FN:12,Result
FN:13,(anonymous_1)
FNF:2
FNH:2
FNDA:211,Result
FNDA:211,(anonymous_1)
DA:1,7
DA:12,7
DA:13,211
DA:14,211
DA:16,211
DA:24,211
DA:26,211
DA:28,211
LF:8
LH:8
BRDA:14,0,0,211
BRDA:14,0,1,7
BRDA:24,1,0,211
BRDA:24,1,1,36
BRF:4
BRH:4
end_of_record
TN:
SF:src\decorators\SoftDeleteColumn.ts
FN:6,(anonymous_0)
FN:7,(anonymous_1)
FNF:2
FNH:2
FNDA:7,(anonymous_0)
FNDA:7,(anonymous_1)
DA:1,7
DA:2,7
DA:3,7
DA:6,7
DA:7,7
DA:8,7
DA:9,7
LF:7
LH:7
BRF:0
BRH:0
end_of_record
TN:
SF:src\decorators\Table.ts
FN:18,(anonymous_0)
FN:19,(anonymous_1)
FNF:2
FNH:2
FNDA:56,(anonymous_0)
FNDA:56,(anonymous_1)
DA:2,7
DA:4,7
DA:18,7
DA:19,56
DA:20,56
LF:5
LH:5
BRDA:20,0,0,56
BRDA:20,0,1,56
BRF:2
BRH:2
end_of_record
TN:
SF:src\decorators\default\AutoIncrementId.ts
FN:4,(anonymous_0)
FNF:1
FNH:1
FNDA:56,(anonymous_0)
DA:1,7
DA:2,7
DA:4,56
LF:3
LH:3
BRF:0
BRH:0
end_of_record
TN:
SF:src\decorators\default\ColumnAnnotationFabric.ts
FN:6,(anonymous_0)
FNF:1
FNH:1
FNDA:56,(anonymous_0)
DA:2,7
DA:4,7
DA:7,56
LF:3
LH:3
BRF:0
BRH:0
end_of_record
TN:
SF:src\decorators\dto\Transform.ts
FN:3,(anonymous_0)
FNF:1
FNH:0
FNDA:0,(anonymous_0)
DA:1,7
DA:3,7
LF:2
LH:2
BRF:0
BRH:0
end_of_record
TN:
SF:src\decorators\dto\TransformFactory.ts
FN:5,(anonymous_0)
FN:6,(anonymous_1)
FNF:2
FNH:2
FNDA:15,(anonymous_0)
FNDA:15,(anonymous_1)
DA:1,7
DA:3,7
DA:6,15
DA:7,15
DA:8,15
DA:9,15
LF:6
LH:6
BRDA:7,0,0,15
BRF:1
BRH:1
end_of_record
TN:
SF:src\decorators\transforms\DefaultTransforms.ts
FN:3,(anonymous_0)
FN:3,(anonymous_1)
FN:5,(anonymous_2)
FN:5,(anonymous_3)
FN:7,(anonymous_4)
FN:7,(anonymous_5)
FNF:6
FNH:2
FNDA:15,(anonymous_0)
FNDA:12,(anonymous_1)
FNDA:0,(anonymous_2)
FNDA:0,(anonymous_3)
FNDA:0,(anonymous_4)
FNDA:0,(anonymous_5)
DA:1,7
DA:3,15
DA:5,7
DA:7,7
LF:4
LH:4
BRF:0
BRH:0
end_of_record
TN:
SF:src\decorators\validators\Validators.ts
FN:8,(anonymous_0)
FN:17,(anonymous_1)
FN:26,(anonymous_2)
FN:35,(anonymous_3)
FN:44,(anonymous_4)
FN:53,(anonymous_5)
FN:62,(anonymous_6)
FN:71,(anonymous_7)
FN:80,(anonymous_8)
FN:89,(anonymous_9)
FN:98,(anonymous_10)
FN:108,(anonymous_11)
FN:108,(anonymous_12)
FN:118,(anonymous_13)
FN:118,(anonymous_14)
FN:136,(anonymous_15)
FN:136,(anonymous_16)
FN:153,(anonymous_17)
FN:162,(anonymous_18)
FN:172,(anonymous_19)
FN:172,(anonymous_20)
FN:182,(anonymous_21)
FN:182,(anonymous_22)
FN:191,(anonymous_23)
FN:201,(anonymous_24)
FN:211,(anonymous_25)
FN:221,(anonymous_26)
FN:231,(anonymous_27)
FN:240,(anonymous_28)
FNF:29
FNH:0
FNDA:0,(anonymous_0)
FNDA:0,(anonymous_1)
FNDA:0,(anonymous_2)
FNDA:0,(anonymous_3)
FNDA:0,(anonymous_4)
FNDA:0,(anonymous_5)
FNDA:0,(anonymous_6)
FNDA:0,(anonymous_7)
FNDA:0,(anonymous_8)
FNDA:0,(anonymous_9)
FNDA:0,(anonymous_10)
FNDA:0,(anonymous_11)
FNDA:0,(anonymous_12)
FNDA:0,(anonymous_13)
FNDA:0,(anonymous_14)
FNDA:0,(anonymous_15)
FNDA:0,(anonymous_16)
FNDA:0,(anonymous_17)
FNDA:0,(anonymous_18)
FNDA:0,(anonymous_19)
FNDA:0,(anonymous_20)
FNDA:0,(anonymous_21)
FNDA:0,(anonymous_22)
FNDA:0,(anonymous_23)
FNDA:0,(anonymous_24)
FNDA:0,(anonymous_25)
FNDA:0,(anonymous_26)
FNDA:0,(anonymous_27)
FNDA:0,(anonymous_28)
DA:1,7
DA:8,7
DA:9,0
DA:17,7
DA:18,0
DA:26,7
DA:27,0
DA:35,7
DA:36,0
DA:44,7
DA:45,0
DA:53,7
DA:54,0
DA:62,7
DA:63,0
DA:71,7
DA:72,0
DA:80,7
DA:81,0
DA:89,7
DA:90,0
DA:98,7
DA:99,0
DA:108,7
DA:109,0
DA:118,7
DA:121,0
DA:122,0
DA:123,0
DA:125,0
DA:127,0
DA:136,7
DA:139,0
DA:140,0
DA:141,0
DA:143,0
DA:145,0
DA:153,7
DA:154,0
DA:162,7
DA:163,0
DA:172,7
DA:173,0
DA:182,7
DA:183,0
DA:191,7
DA:192,0
DA:193,0
DA:201,7
DA:202,0
DA:203,0
DA:211,7
DA:212,0
DA:213,0
DA:221,7
DA:222,0
DA:223,0
DA:231,7
DA:232,0
DA:240,7
DA:241,0
DA:242,0
DA:243,0
LF:63
LH:25
BRDA:9,0,0,0
BRDA:9,0,1,0
BRDA:18,1,0,0
BRDA:18,1,1,0
BRDA:18,1,2,0
BRDA:18,1,3,0
BRDA:27,2,0,0
BRDA:27,2,1,0
BRDA:27,2,2,0
BRDA:63,3,0,0
BRDA:63,3,1,0
BRDA:63,3,2,0
BRDA:63,3,3,0
BRDA:72,4,0,0
BRDA:72,4,1,0
BRDA:81,5,0,0
BRDA:81,5,1,0
BRDA:90,6,0,0
BRDA:90,6,1,0
BRDA:121,7,0,0
BRDA:121,7,1,0
BRDA:122,8,0,0
BRDA:122,8,1,0
BRDA:125,9,0,0
BRDA:139,10,0,0
BRDA:139,10,1,0
BRDA:140,11,0,0
BRDA:140,11,1,0
BRDA:143,12,0,0
BRDA:154,13,0,0
BRDA:154,13,1,0
BRDA:163,14,0,0
BRDA:163,14,1,0
BRDA:192,15,0,0
BRDA:202,16,0,0
BRDA:212,17,0,0
BRDA:222,18,0,0
BRDA:241,19,0,0
BRF:38
BRH:0
end_of_record
TN:
SF:src\decorators\validators\factory\ValidatorFactory.ts
FN:5,(anonymous_0)
FN:6,(anonymous_1)
FNF:2
FNH:1
FNDA:133,(anonymous_0)
FNDA:0,(anonymous_1)
DA:1,7
DA:3,7
DA:6,133
DA:7,0
DA:8,0
DA:9,0
DA:10,0
LF:7
LH:3
BRDA:8,0,0,0
BRF:1
BRH:0
end_of_record
TN:
SF:src\enums\QueryExecuteType.ts
FN:1,(anonymous_0)
FNF:1
FNH:1
FNDA:7,(anonymous_0)
DA:1,7
DA:2,7
DA:3,7
LF:3
LH:3
BRDA:1,0,0,7
BRDA:1,0,1,7
BRF:2
BRH:2
end_of_record
TN:
SF:src\namespaces\DefaultColumn.ts
FN:4,(anonymous_0)
FNF:1
FNH:1
FNDA:7,(anonymous_0)
DA:2,7
DA:4,7
DA:9,7
DA:17,7
DA:26,7
DA:34,7
DA:42,7
DA:51,7
DA:60,7
DA:68,7
DA:76,7
DA:84,7
LF:12
LH:12
BRDA:4,0,0,7
BRDA:4,0,1,7
BRF:2
BRH:2
end_of_record
TN:
SF:src\namespaces\System.ts
FN:7,(anonymous_0)
FNF:1
FNH:1
FNDA:7,(anonymous_0)
DA:7,7
DA:9,7
DA:10,7
DA:11,7
DA:12,7
DA:20,7
DA:21,7
DA:23,7
DA:24,7
DA:25,7
DA:26,7
DA:27,7
DA:28,7
DA:30,7
DA:31,7
DA:32,7
LF:16
LH:16
BRDA:7,0,0,7
BRDA:7,0,1,7
BRF:2
BRH:2
end_of_record
TN:
SF:test\setup.orm.ts
FN:13,(anonymous_0)
FNF:1
FNH:1
FNDA:14,(anonymous_0)
DA:1,7
DA:2,7
DA:3,7
DA:4,7
DA:5,7
DA:6,7
DA:7,7
DA:8,7
DA:9,7
DA:11,7
DA:13,7
DA:14,14
DA:15,14
DA:16,14
DA:17,14
DA:18,14
DA:19,14
DA:20,14
DA:21,14
DA:23,14
DA:24,7
DA:33,7
LF:22
LH:22
BRDA:23,0,0,7
BRF:1
BRH:1
end_of_record
TN:
SF:test\setup\Comments.ts
FN:25,(anonymous_2)
FN:25,(anonymous_3)
FNF:2
FNH:1
FNDA:7,(anonymous_2)
FNDA:0,(anonymous_3)
DA:1,7
DA:13,7
DA:17,7
DA:20,7
DA:23,7
DA:25,7
DA:26,7
LF:7
LH:7
BRF:0
BRH:0
end_of_record
TN:
SF:test\setup\Courses.ts
FN:14,(anonymous_2)
FN:14,(anonymous_3)
FNF:2
FNH:2
FNDA:39,(anonymous_2)
FNDA:8,(anonymous_3)
DA:1,7
DA:2,7
DA:6,7
DA:9,7
DA:12,7
DA:14,39
DA:15,7
LF:7
LH:7
BRF:0
BRH:0
end_of_record
TN:
SF:test\setup\Logs.ts
FNF:0
FNH:0
DA:1,7
DA:6,7
DA:9,7
DA:12,7
DA:15,7
LF:5
LH:5
BRF:0
BRH:0
end_of_record
TN:
SF:test\setup\Members.ts
FN:25,(anonymous_2)
FN:25,(anonymous_3)
FN:25,(anonymous_4)
FNF:3
FNH:3
FNDA:4,(anonymous_2)
FNDA:2,(anonymous_3)
FNDA:4,(anonymous_4)
DA:1,7
DA:2,7
DA:6,7
DA:9,7
DA:12,7
DA:16,7
DA:19,7
DA:23,7
DA:25,4
DA:26,7
LF:10
LH:10
BRF:0
BRH:0
end_of_record
TN:
SF:test\setup\Posts.ts
FN:14,(anonymous_2)
FN:14,(anonymous_3)
FNF:2
FNH:2
FNDA:4,(anonymous_2)
FNDA:2,(anonymous_3)
DA:1,7
DA:2,7
DA:6,7
DA:9,7
DA:12,7
DA:14,4
DA:15,7
LF:7
LH:7
BRF:0
BRH:0
end_of_record
TN:
SF:test\setup\Ranks.ts
FN:17,(anonymous_2)
FN:17,(anonymous_3)
FNF:2
FNH:1
FNDA:7,(anonymous_2)
FNDA:0,(anonymous_3)
DA:1,7
DA:2,7
DA:6,7
DA:9,7
DA:12,7
DA:15,7
DA:17,7
DA:18,7
DA:22,7
DA:25,7
DA:28,7
DA:31,7
DA:34,7
LF:13
LH:13
BRF:0
BRH:0
end_of_record
TN:
SF:test\setup\Students.ts
FN:14,(anonymous_2)
FN:14,(anonymous_3)
FNF:2
FNH:2
FNDA:37,(anonymous_2)
FNDA:18,(anonymous_3)
DA:1,7
DA:2,7
DA:6,7
DA:9,7
DA:12,7
DA:14,37
DA:16,7
LF:7
LH:7
BRF:0
BRH:0
end_of_record
TN:
SF:test\setup\Users.ts
FNF:0
FNH:0
DA:1,7
DA:5,7
DA:8,7
DA:11,7
DA:14,7
DA:18,7
DA:21,7
DA:24,7
DA:28,7
LF:9
LH:9
BRF:0
BRH:0
end_of_record
